The system is: Linux - 5.14.0-162.18.1.el9_1.x86_64 - x86_64
Compiling the C compiler identification source file "CMakeCCompilerId.c" succeeded.
Compiler: /opt/ohpc/pub/compiler/gcc/12.2.0/bin/cc 
Build flags: 
Id flags:  

The output was:
0


Compilation of the C compiler identification source "CMakeCCompilerId.c" produced "a.out"

The C compiler identification is GNU, found in "/work1/sadasivan/student30/composable_kernel/build_new/CMakeFiles/3.25.2/CompilerIdC/a.out"

Compiling the CXX compiler identification source file "CMakeCXXCompilerId.cpp" succeeded.
Compiler: /opt/rocm-5.7.1/bin/hipcc 
Build flags: -std=c++17;-O3;-ftemplate-backtrace-limit=0;;-fPIE;;-Wno-gnu-line-marker
Id flags:  

The output was:
0


Compilation of the CXX compiler identification source "CMakeCXXCompilerId.cpp" produced "a.out"

The CXX compiler identification is Clang, found in "/work1/sadasivan/student30/composable_kernel/build_new/CMakeFiles/3.25.2/CompilerIdCXX/a.out"

Detecting C compiler ABI info compiled with the following output:
Change Dir: /work1/sadasivan/student30/composable_kernel/build_new/CMakeFiles/CMakeScratch/TryCompile-VVJjEc

Run Build Command(s):/usr/bin/gmake -f Makefile cmTC_9dd8d/fast && /usr/bin/gmake  -f CMakeFiles/cmTC_9dd8d.dir/build.make CMakeFiles/cmTC_9dd8d.dir/build
gmake[1]: Entering directory '/work1/sadasivan/student30/composable_kernel/build_new/CMakeFiles/CMakeScratch/TryCompile-VVJjEc'
Building C object CMakeFiles/cmTC_9dd8d.dir/CMakeCCompilerABI.c.o
/opt/ohpc/pub/compiler/gcc/12.2.0/bin/cc   -v -o CMakeFiles/cmTC_9dd8d.dir/CMakeCCompilerABI.c.o -c /opt/ohpc/pub/utils/cmake/3.25.2/share/cmake-3.25/Modules/CMakeCCompilerABI.c
Using built-in specs.
COLLECT_GCC=/opt/ohpc/pub/compiler/gcc/12.2.0/bin/cc
Target: x86_64-pc-linux-gnu
Configured with: ../configure --disable-multilib --enable-languages=c,c++,fortran --prefix=/opt/ohpc/pub/compiler/gcc/12.2.0 --disable-static --enable-shared
Thread model: posix
Supported LTO compression algorithms: zlib
gcc version 12.2.0 (GCC) 
COLLECT_GCC_OPTIONS='-v' '-o' 'CMakeFiles/cmTC_9dd8d.dir/CMakeCCompilerABI.c.o' '-c' '-mtune=generic' '-march=x86-64' '-dumpdir' 'CMakeFiles/cmTC_9dd8d.dir/'
 /opt/ohpc/pub/compiler/gcc/12.2.0/libexec/gcc/x86_64-pc-linux-gnu/12.2.0/cc1 -quiet -v /opt/ohpc/pub/utils/cmake/3.25.2/share/cmake-3.25/Modules/CMakeCCompilerABI.c -quiet -dumpdir CMakeFiles/cmTC_9dd8d.dir/ -dumpbase CMakeCCompilerABI.c.c -dumpbase-ext .c -mtune=generic -march=x86-64 -version -o /tmp/ccMZoyMJ.s
GNU C17 (GCC) version 12.2.0 (x86_64-pc-linux-gnu)
	compiled by GNU C version 12.2.0, GMP version 6.2.1, MPFR version 4.2.0, MPC version 1.3.1, isl version none
GGC heuristics: --param ggc-min-expand=100 --param ggc-min-heapsize=131072
ignoring nonexistent directory "/opt/ohpc/pub/compiler/gcc/12.2.0/lib/gcc/x86_64-pc-linux-gnu/12.2.0/../../../../x86_64-pc-linux-gnu/include"
#include "..." search starts here:
#include <...> search starts here:
 /opt/ohpc/pub/compiler/gcc/12.2.0/lib/gcc/x86_64-pc-linux-gnu/12.2.0/include
 /usr/local/include
 /opt/ohpc/pub/compiler/gcc/12.2.0/include
 /opt/ohpc/pub/compiler/gcc/12.2.0/lib/gcc/x86_64-pc-linux-gnu/12.2.0/include-fixed
 /usr/include
End of search list.
GNU C17 (GCC) version 12.2.0 (x86_64-pc-linux-gnu)
	compiled by GNU C version 12.2.0, GMP version 6.2.1, MPFR version 4.2.0, MPC version 1.3.1, isl version none
GGC heuristics: --param ggc-min-expand=100 --param ggc-min-heapsize=131072
Compiler executable checksum: fafaae08809643b633058b88e356ab6e
COLLECT_GCC_OPTIONS='-v' '-o' 'CMakeFiles/cmTC_9dd8d.dir/CMakeCCompilerABI.c.o' '-c' '-mtune=generic' '-march=x86-64' '-dumpdir' 'CMakeFiles/cmTC_9dd8d.dir/'
 as -v --64 -o CMakeFiles/cmTC_9dd8d.dir/CMakeCCompilerABI.c.o /tmp/ccMZoyMJ.s
GNU assembler version 2.35.2 (x86_64-redhat-linux) using BFD version version 2.35.2-24.el9
COMPILER_PATH=/opt/ohpc/pub/compiler/gcc/12.2.0/libexec/gcc/x86_64-pc-linux-gnu/12.2.0/:/opt/ohpc/pub/compiler/gcc/12.2.0/libexec/gcc/x86_64-pc-linux-gnu/12.2.0/:/opt/ohpc/pub/compiler/gcc/12.2.0/libexec/gcc/x86_64-pc-linux-gnu/:/opt/ohpc/pub/compiler/gcc/12.2.0/lib/gcc/x86_64-pc-linux-gnu/12.2.0/:/opt/ohpc/pub/compiler/gcc/12.2.0/lib/gcc/x86_64-pc-linux-gnu/
LIBRARY_PATH=/opt/ohpc/pub/compiler/gcc/12.2.0/lib/gcc/x86_64-pc-linux-gnu/12.2.0/:/opt/ohpc/pub/compiler/gcc/12.2.0/lib/gcc/x86_64-pc-linux-gnu/12.2.0/../../../../lib64/:/lib/../lib64/:/usr/lib/../lib64/:/opt/ohpc/pub/compiler/gcc/12.2.0/lib/gcc/x86_64-pc-linux-gnu/12.2.0/../../../:/lib/:/usr/lib/
COLLECT_GCC_OPTIONS='-v' '-o' 'CMakeFiles/cmTC_9dd8d.dir/CMakeCCompilerABI.c.o' '-c' '-mtune=generic' '-march=x86-64' '-dumpdir' 'CMakeFiles/cmTC_9dd8d.dir/CMakeCCompilerABI.c.'
Linking C executable cmTC_9dd8d
/opt/ohpc/pub/utils/cmake/3.25.2/bin/cmake -E cmake_link_script CMakeFiles/cmTC_9dd8d.dir/link.txt --verbose=1
/opt/ohpc/pub/compiler/gcc/12.2.0/bin/cc  -v CMakeFiles/cmTC_9dd8d.dir/CMakeCCompilerABI.c.o -o cmTC_9dd8d 
Using built-in specs.
COLLECT_GCC=/opt/ohpc/pub/compiler/gcc/12.2.0/bin/cc
COLLECT_LTO_WRAPPER=/opt/ohpc/pub/compiler/gcc/12.2.0/libexec/gcc/x86_64-pc-linux-gnu/12.2.0/lto-wrapper
Target: x86_64-pc-linux-gnu
Configured with: ../configure --disable-multilib --enable-languages=c,c++,fortran --prefix=/opt/ohpc/pub/compiler/gcc/12.2.0 --disable-static --enable-shared
Thread model: posix
Supported LTO compression algorithms: zlib
gcc version 12.2.0 (GCC) 
COMPILER_PATH=/opt/ohpc/pub/compiler/gcc/12.2.0/libexec/gcc/x86_64-pc-linux-gnu/12.2.0/:/opt/ohpc/pub/compiler/gcc/12.2.0/libexec/gcc/x86_64-pc-linux-gnu/12.2.0/:/opt/ohpc/pub/compiler/gcc/12.2.0/libexec/gcc/x86_64-pc-linux-gnu/:/opt/ohpc/pub/compiler/gcc/12.2.0/lib/gcc/x86_64-pc-linux-gnu/12.2.0/:/opt/ohpc/pub/compiler/gcc/12.2.0/lib/gcc/x86_64-pc-linux-gnu/
LIBRARY_PATH=/opt/ohpc/pub/compiler/gcc/12.2.0/lib/gcc/x86_64-pc-linux-gnu/12.2.0/:/opt/ohpc/pub/compiler/gcc/12.2.0/lib/gcc/x86_64-pc-linux-gnu/12.2.0/../../../../lib64/:/lib/../lib64/:/usr/lib/../lib64/:/opt/ohpc/pub/compiler/gcc/12.2.0/lib/gcc/x86_64-pc-linux-gnu/12.2.0/../../../:/lib/:/usr/lib/
COLLECT_GCC_OPTIONS='-v' '-o' 'cmTC_9dd8d' '-mtune=generic' '-march=x86-64' '-dumpdir' 'cmTC_9dd8d.'
 /opt/ohpc/pub/compiler/gcc/12.2.0/libexec/gcc/x86_64-pc-linux-gnu/12.2.0/collect2 -plugin /opt/ohpc/pub/compiler/gcc/12.2.0/libexec/gcc/x86_64-pc-linux-gnu/12.2.0/liblto_plugin.so -plugin-opt=/opt/ohpc/pub/compiler/gcc/12.2.0/libexec/gcc/x86_64-pc-linux-gnu/12.2.0/lto-wrapper -plugin-opt=-fresolution=/tmp/ccOwPuhy.res -plugin-opt=-pass-through=-lgcc -plugin-opt=-pass-through=-lgcc_s -plugin-opt=-pass-through=-lc -plugin-opt=-pass-through=-lgcc -plugin-opt=-pass-through=-lgcc_s --eh-frame-hdr -m elf_x86_64 -dynamic-linker /lib64/ld-linux-x86-64.so.2 -o cmTC_9dd8d /lib/../lib64/crt1.o /lib/../lib64/crti.o /opt/ohpc/pub/compiler/gcc/12.2.0/lib/gcc/x86_64-pc-linux-gnu/12.2.0/crtbegin.o -L/opt/ohpc/pub/compiler/gcc/12.2.0/lib/gcc/x86_64-pc-linux-gnu/12.2.0 -L/opt/ohpc/pub/compiler/gcc/12.2.0/lib/gcc/x86_64-pc-linux-gnu/12.2.0/../../../../lib64 -L/lib/../lib64 -L/usr/lib/../lib64 -L/opt/ohpc/pub/compiler/gcc/12.2.0/lib/gcc/x86_64-pc-linux-gnu/12.2.0/../../.. CMakeFiles/cmTC_9dd8d.dir/CMakeCCompilerABI.c.o -lgcc --push-state --as-needed -lgcc_s --pop-state -lc -lgcc --push-state --as-needed -lgcc_s --pop-state /opt/ohpc/pub/compiler/gcc/12.2.0/lib/gcc/x86_64-pc-linux-gnu/12.2.0/crtend.o /lib/../lib64/crtn.o
COLLECT_GCC_OPTIONS='-v' '-o' 'cmTC_9dd8d' '-mtune=generic' '-march=x86-64' '-dumpdir' 'cmTC_9dd8d.'
gmake[1]: Leaving directory '/work1/sadasivan/student30/composable_kernel/build_new/CMakeFiles/CMakeScratch/TryCompile-VVJjEc'



Parsed C implicit include dir info from above output: rv=done
  found start of include info
  found start of implicit include info
    add: [/opt/ohpc/pub/compiler/gcc/12.2.0/lib/gcc/x86_64-pc-linux-gnu/12.2.0/include]
    add: [/usr/local/include]
    add: [/opt/ohpc/pub/compiler/gcc/12.2.0/include]
    add: [/opt/ohpc/pub/compiler/gcc/12.2.0/lib/gcc/x86_64-pc-linux-gnu/12.2.0/include-fixed]
    add: [/usr/include]
  end of search list found
  collapse include dir [/opt/ohpc/pub/compiler/gcc/12.2.0/lib/gcc/x86_64-pc-linux-gnu/12.2.0/include] ==> [/opt/ohpc/pub/compiler/gcc/12.2.0/lib/gcc/x86_64-pc-linux-gnu/12.2.0/include]
  collapse include dir [/usr/local/include] ==> [/usr/local/include]
  collapse include dir [/opt/ohpc/pub/compiler/gcc/12.2.0/include] ==> [/opt/ohpc/pub/compiler/gcc/12.2.0/include]
  collapse include dir [/opt/ohpc/pub/compiler/gcc/12.2.0/lib/gcc/x86_64-pc-linux-gnu/12.2.0/include-fixed] ==> [/opt/ohpc/pub/compiler/gcc/12.2.0/lib/gcc/x86_64-pc-linux-gnu/12.2.0/include-fixed]
  collapse include dir [/usr/include] ==> [/usr/include]
  implicit include dirs: [/opt/ohpc/pub/compiler/gcc/12.2.0/lib/gcc/x86_64-pc-linux-gnu/12.2.0/include;/usr/local/include;/opt/ohpc/pub/compiler/gcc/12.2.0/include;/opt/ohpc/pub/compiler/gcc/12.2.0/lib/gcc/x86_64-pc-linux-gnu/12.2.0/include-fixed;/usr/include]


Parsed C implicit link information from above output:
  link line regex: [^( *|.*[/\])(ld|CMAKE_LINK_STARTFILE-NOTFOUND|([^/\]+-)?ld|collect2)[^/\]*( |$)]
  ignore line: [Change Dir: /work1/sadasivan/student30/composable_kernel/build_new/CMakeFiles/CMakeScratch/TryCompile-VVJjEc]
  ignore line: []
  ignore line: [Run Build Command(s):/usr/bin/gmake -f Makefile cmTC_9dd8d/fast && /usr/bin/gmake  -f CMakeFiles/cmTC_9dd8d.dir/build.make CMakeFiles/cmTC_9dd8d.dir/build]
  ignore line: [gmake[1]: Entering directory '/work1/sadasivan/student30/composable_kernel/build_new/CMakeFiles/CMakeScratch/TryCompile-VVJjEc']
  ignore line: [Building C object CMakeFiles/cmTC_9dd8d.dir/CMakeCCompilerABI.c.o]
  ignore line: [/opt/ohpc/pub/compiler/gcc/12.2.0/bin/cc   -v -o CMakeFiles/cmTC_9dd8d.dir/CMakeCCompilerABI.c.o -c /opt/ohpc/pub/utils/cmake/3.25.2/share/cmake-3.25/Modules/CMakeCCompilerABI.c]
  ignore line: [Using built-in specs.]
  ignore line: [COLLECT_GCC=/opt/ohpc/pub/compiler/gcc/12.2.0/bin/cc]
  ignore line: [Target: x86_64-pc-linux-gnu]
  ignore line: [Configured with: ../configure --disable-multilib --enable-languages=c c++ fortran --prefix=/opt/ohpc/pub/compiler/gcc/12.2.0 --disable-static --enable-shared]
  ignore line: [Thread model: posix]
  ignore line: [Supported LTO compression algorithms: zlib]
  ignore line: [gcc version 12.2.0 (GCC) ]
  ignore line: [COLLECT_GCC_OPTIONS='-v' '-o' 'CMakeFiles/cmTC_9dd8d.dir/CMakeCCompilerABI.c.o' '-c' '-mtune=generic' '-march=x86-64' '-dumpdir' 'CMakeFiles/cmTC_9dd8d.dir/']
  ignore line: [ /opt/ohpc/pub/compiler/gcc/12.2.0/libexec/gcc/x86_64-pc-linux-gnu/12.2.0/cc1 -quiet -v /opt/ohpc/pub/utils/cmake/3.25.2/share/cmake-3.25/Modules/CMakeCCompilerABI.c -quiet -dumpdir CMakeFiles/cmTC_9dd8d.dir/ -dumpbase CMakeCCompilerABI.c.c -dumpbase-ext .c -mtune=generic -march=x86-64 -version -o /tmp/ccMZoyMJ.s]
  ignore line: [GNU C17 (GCC) version 12.2.0 (x86_64-pc-linux-gnu)]
  ignore line: [	compiled by GNU C version 12.2.0  GMP version 6.2.1  MPFR version 4.2.0  MPC version 1.3.1  isl version none]
  ignore line: [GGC heuristics: --param ggc-min-expand=100 --param ggc-min-heapsize=131072]
  ignore line: [ignoring nonexistent directory "/opt/ohpc/pub/compiler/gcc/12.2.0/lib/gcc/x86_64-pc-linux-gnu/12.2.0/../../../../x86_64-pc-linux-gnu/include"]
  ignore line: [#include "..." search starts here:]
  ignore line: [#include <...> search starts here:]
  ignore line: [ /opt/ohpc/pub/compiler/gcc/12.2.0/lib/gcc/x86_64-pc-linux-gnu/12.2.0/include]
  ignore line: [ /usr/local/include]
  ignore line: [ /opt/ohpc/pub/compiler/gcc/12.2.0/include]
  ignore line: [ /opt/ohpc/pub/compiler/gcc/12.2.0/lib/gcc/x86_64-pc-linux-gnu/12.2.0/include-fixed]
  ignore line: [ /usr/include]
  ignore line: [End of search list.]
  ignore line: [GNU C17 (GCC) version 12.2.0 (x86_64-pc-linux-gnu)]
  ignore line: [	compiled by GNU C version 12.2.0  GMP version 6.2.1  MPFR version 4.2.0  MPC version 1.3.1  isl version none]
  ignore line: [GGC heuristics: --param ggc-min-expand=100 --param ggc-min-heapsize=131072]
  ignore line: [Compiler executable checksum: fafaae08809643b633058b88e356ab6e]
  ignore line: [COLLECT_GCC_OPTIONS='-v' '-o' 'CMakeFiles/cmTC_9dd8d.dir/CMakeCCompilerABI.c.o' '-c' '-mtune=generic' '-march=x86-64' '-dumpdir' 'CMakeFiles/cmTC_9dd8d.dir/']
  ignore line: [ as -v --64 -o CMakeFiles/cmTC_9dd8d.dir/CMakeCCompilerABI.c.o /tmp/ccMZoyMJ.s]
  ignore line: [GNU assembler version 2.35.2 (x86_64-redhat-linux) using BFD version version 2.35.2-24.el9]
  ignore line: [COMPILER_PATH=/opt/ohpc/pub/compiler/gcc/12.2.0/libexec/gcc/x86_64-pc-linux-gnu/12.2.0/:/opt/ohpc/pub/compiler/gcc/12.2.0/libexec/gcc/x86_64-pc-linux-gnu/12.2.0/:/opt/ohpc/pub/compiler/gcc/12.2.0/libexec/gcc/x86_64-pc-linux-gnu/:/opt/ohpc/pub/compiler/gcc/12.2.0/lib/gcc/x86_64-pc-linux-gnu/12.2.0/:/opt/ohpc/pub/compiler/gcc/12.2.0/lib/gcc/x86_64-pc-linux-gnu/]
  ignore line: [LIBRARY_PATH=/opt/ohpc/pub/compiler/gcc/12.2.0/lib/gcc/x86_64-pc-linux-gnu/12.2.0/:/opt/ohpc/pub/compiler/gcc/12.2.0/lib/gcc/x86_64-pc-linux-gnu/12.2.0/../../../../lib64/:/lib/../lib64/:/usr/lib/../lib64/:/opt/ohpc/pub/compiler/gcc/12.2.0/lib/gcc/x86_64-pc-linux-gnu/12.2.0/../../../:/lib/:/usr/lib/]
  ignore line: [COLLECT_GCC_OPTIONS='-v' '-o' 'CMakeFiles/cmTC_9dd8d.dir/CMakeCCompilerABI.c.o' '-c' '-mtune=generic' '-march=x86-64' '-dumpdir' 'CMakeFiles/cmTC_9dd8d.dir/CMakeCCompilerABI.c.']
  ignore line: [Linking C executable cmTC_9dd8d]
  ignore line: [/opt/ohpc/pub/utils/cmake/3.25.2/bin/cmake -E cmake_link_script CMakeFiles/cmTC_9dd8d.dir/link.txt --verbose=1]
  ignore line: [/opt/ohpc/pub/compiler/gcc/12.2.0/bin/cc  -v CMakeFiles/cmTC_9dd8d.dir/CMakeCCompilerABI.c.o -o cmTC_9dd8d ]
  ignore line: [Using built-in specs.]
  ignore line: [COLLECT_GCC=/opt/ohpc/pub/compiler/gcc/12.2.0/bin/cc]
  ignore line: [COLLECT_LTO_WRAPPER=/opt/ohpc/pub/compiler/gcc/12.2.0/libexec/gcc/x86_64-pc-linux-gnu/12.2.0/lto-wrapper]
  ignore line: [Target: x86_64-pc-linux-gnu]
  ignore line: [Configured with: ../configure --disable-multilib --enable-languages=c c++ fortran --prefix=/opt/ohpc/pub/compiler/gcc/12.2.0 --disable-static --enable-shared]
  ignore line: [Thread model: posix]
  ignore line: [Supported LTO compression algorithms: zlib]
  ignore line: [gcc version 12.2.0 (GCC) ]
  ignore line: [COMPILER_PATH=/opt/ohpc/pub/compiler/gcc/12.2.0/libexec/gcc/x86_64-pc-linux-gnu/12.2.0/:/opt/ohpc/pub/compiler/gcc/12.2.0/libexec/gcc/x86_64-pc-linux-gnu/12.2.0/:/opt/ohpc/pub/compiler/gcc/12.2.0/libexec/gcc/x86_64-pc-linux-gnu/:/opt/ohpc/pub/compiler/gcc/12.2.0/lib/gcc/x86_64-pc-linux-gnu/12.2.0/:/opt/ohpc/pub/compiler/gcc/12.2.0/lib/gcc/x86_64-pc-linux-gnu/]
  ignore line: [LIBRARY_PATH=/opt/ohpc/pub/compiler/gcc/12.2.0/lib/gcc/x86_64-pc-linux-gnu/12.2.0/:/opt/ohpc/pub/compiler/gcc/12.2.0/lib/gcc/x86_64-pc-linux-gnu/12.2.0/../../../../lib64/:/lib/../lib64/:/usr/lib/../lib64/:/opt/ohpc/pub/compiler/gcc/12.2.0/lib/gcc/x86_64-pc-linux-gnu/12.2.0/../../../:/lib/:/usr/lib/]
  ignore line: [COLLECT_GCC_OPTIONS='-v' '-o' 'cmTC_9dd8d' '-mtune=generic' '-march=x86-64' '-dumpdir' 'cmTC_9dd8d.']
  link line: [ /opt/ohpc/pub/compiler/gcc/12.2.0/libexec/gcc/x86_64-pc-linux-gnu/12.2.0/collect2 -plugin /opt/ohpc/pub/compiler/gcc/12.2.0/libexec/gcc/x86_64-pc-linux-gnu/12.2.0/liblto_plugin.so -plugin-opt=/opt/ohpc/pub/compiler/gcc/12.2.0/libexec/gcc/x86_64-pc-linux-gnu/12.2.0/lto-wrapper -plugin-opt=-fresolution=/tmp/ccOwPuhy.res -plugin-opt=-pass-through=-lgcc -plugin-opt=-pass-through=-lgcc_s -plugin-opt=-pass-through=-lc -plugin-opt=-pass-through=-lgcc -plugin-opt=-pass-through=-lgcc_s --eh-frame-hdr -m elf_x86_64 -dynamic-linker /lib64/ld-linux-x86-64.so.2 -o cmTC_9dd8d /lib/../lib64/crt1.o /lib/../lib64/crti.o /opt/ohpc/pub/compiler/gcc/12.2.0/lib/gcc/x86_64-pc-linux-gnu/12.2.0/crtbegin.o -L/opt/ohpc/pub/compiler/gcc/12.2.0/lib/gcc/x86_64-pc-linux-gnu/12.2.0 -L/opt/ohpc/pub/compiler/gcc/12.2.0/lib/gcc/x86_64-pc-linux-gnu/12.2.0/../../../../lib64 -L/lib/../lib64 -L/usr/lib/../lib64 -L/opt/ohpc/pub/compiler/gcc/12.2.0/lib/gcc/x86_64-pc-linux-gnu/12.2.0/../../.. CMakeFiles/cmTC_9dd8d.dir/CMakeCCompilerABI.c.o -lgcc --push-state --as-needed -lgcc_s --pop-state -lc -lgcc --push-state --as-needed -lgcc_s --pop-state /opt/ohpc/pub/compiler/gcc/12.2.0/lib/gcc/x86_64-pc-linux-gnu/12.2.0/crtend.o /lib/../lib64/crtn.o]
    arg [/opt/ohpc/pub/compiler/gcc/12.2.0/libexec/gcc/x86_64-pc-linux-gnu/12.2.0/collect2] ==> ignore
    arg [-plugin] ==> ignore
    arg [/opt/ohpc/pub/compiler/gcc/12.2.0/libexec/gcc/x86_64-pc-linux-gnu/12.2.0/liblto_plugin.so] ==> ignore
    arg [-plugin-opt=/opt/ohpc/pub/compiler/gcc/12.2.0/libexec/gcc/x86_64-pc-linux-gnu/12.2.0/lto-wrapper] ==> ignore
    arg [-plugin-opt=-fresolution=/tmp/ccOwPuhy.res] ==> ignore
    arg [-plugin-opt=-pass-through=-lgcc] ==> ignore
    arg [-plugin-opt=-pass-through=-lgcc_s] ==> ignore
    arg [-plugin-opt=-pass-through=-lc] ==> ignore
    arg [-plugin-opt=-pass-through=-lgcc] ==> ignore
    arg [-plugin-opt=-pass-through=-lgcc_s] ==> ignore
    arg [--eh-frame-hdr] ==> ignore
    arg [-m] ==> ignore
    arg [elf_x86_64] ==> ignore
    arg [-dynamic-linker] ==> ignore
    arg [/lib64/ld-linux-x86-64.so.2] ==> ignore
    arg [-o] ==> ignore
    arg [cmTC_9dd8d] ==> ignore
    arg [/lib/../lib64/crt1.o] ==> obj [/lib/../lib64/crt1.o]
    arg [/lib/../lib64/crti.o] ==> obj [/lib/../lib64/crti.o]
    arg [/opt/ohpc/pub/compiler/gcc/12.2.0/lib/gcc/x86_64-pc-linux-gnu/12.2.0/crtbegin.o] ==> obj [/opt/ohpc/pub/compiler/gcc/12.2.0/lib/gcc/x86_64-pc-linux-gnu/12.2.0/crtbegin.o]
    arg [-L/opt/ohpc/pub/compiler/gcc/12.2.0/lib/gcc/x86_64-pc-linux-gnu/12.2.0] ==> dir [/opt/ohpc/pub/compiler/gcc/12.2.0/lib/gcc/x86_64-pc-linux-gnu/12.2.0]
    arg [-L/opt/ohpc/pub/compiler/gcc/12.2.0/lib/gcc/x86_64-pc-linux-gnu/12.2.0/../../../../lib64] ==> dir [/opt/ohpc/pub/compiler/gcc/12.2.0/lib/gcc/x86_64-pc-linux-gnu/12.2.0/../../../../lib64]
    arg [-L/lib/../lib64] ==> dir [/lib/../lib64]
    arg [-L/usr/lib/../lib64] ==> dir [/usr/lib/../lib64]
    arg [-L/opt/ohpc/pub/compiler/gcc/12.2.0/lib/gcc/x86_64-pc-linux-gnu/12.2.0/../../..] ==> dir [/opt/ohpc/pub/compiler/gcc/12.2.0/lib/gcc/x86_64-pc-linux-gnu/12.2.0/../../..]
    arg [CMakeFiles/cmTC_9dd8d.dir/CMakeCCompilerABI.c.o] ==> ignore
    arg [-lgcc] ==> lib [gcc]
    arg [--push-state] ==> ignore
    arg [--as-needed] ==> ignore
    arg [-lgcc_s] ==> lib [gcc_s]
    arg [--pop-state] ==> ignore
    arg [-lc] ==> lib [c]
    arg [-lgcc] ==> lib [gcc]
    arg [--push-state] ==> ignore
    arg [--as-needed] ==> ignore
    arg [-lgcc_s] ==> lib [gcc_s]
    arg [--pop-state] ==> ignore
    arg [/opt/ohpc/pub/compiler/gcc/12.2.0/lib/gcc/x86_64-pc-linux-gnu/12.2.0/crtend.o] ==> obj [/opt/ohpc/pub/compiler/gcc/12.2.0/lib/gcc/x86_64-pc-linux-gnu/12.2.0/crtend.o]
    arg [/lib/../lib64/crtn.o] ==> obj [/lib/../lib64/crtn.o]
  collapse obj [/lib/../lib64/crt1.o] ==> [/lib64/crt1.o]
  collapse obj [/lib/../lib64/crti.o] ==> [/lib64/crti.o]
  collapse obj [/lib/../lib64/crtn.o] ==> [/lib64/crtn.o]
  collapse library dir [/opt/ohpc/pub/compiler/gcc/12.2.0/lib/gcc/x86_64-pc-linux-gnu/12.2.0] ==> [/opt/ohpc/pub/compiler/gcc/12.2.0/lib/gcc/x86_64-pc-linux-gnu/12.2.0]
  collapse library dir [/opt/ohpc/pub/compiler/gcc/12.2.0/lib/gcc/x86_64-pc-linux-gnu/12.2.0/../../../../lib64] ==> [/opt/ohpc/pub/compiler/gcc/12.2.0/lib64]
  collapse library dir [/lib/../lib64] ==> [/lib64]
  collapse library dir [/usr/lib/../lib64] ==> [/usr/lib64]
  collapse library dir [/opt/ohpc/pub/compiler/gcc/12.2.0/lib/gcc/x86_64-pc-linux-gnu/12.2.0/../../..] ==> [/opt/ohpc/pub/compiler/gcc/12.2.0/lib]
  implicit libs: [gcc;gcc_s;c;gcc;gcc_s]
  implicit objs: [/lib64/crt1.o;/lib64/crti.o;/opt/ohpc/pub/compiler/gcc/12.2.0/lib/gcc/x86_64-pc-linux-gnu/12.2.0/crtbegin.o;/opt/ohpc/pub/compiler/gcc/12.2.0/lib/gcc/x86_64-pc-linux-gnu/12.2.0/crtend.o;/lib64/crtn.o]
  implicit dirs: [/opt/ohpc/pub/compiler/gcc/12.2.0/lib/gcc/x86_64-pc-linux-gnu/12.2.0;/opt/ohpc/pub/compiler/gcc/12.2.0/lib64;/lib64;/usr/lib64;/opt/ohpc/pub/compiler/gcc/12.2.0/lib]
  implicit fwks: []


Detecting CXX compiler ABI info compiled with the following output:
Change Dir: /work1/sadasivan/student30/composable_kernel/build_new/CMakeFiles/CMakeScratch/TryCompile-KExIBh

Run Build Command(s):/usr/bin/gmake -f Makefile cmTC_a8db2/fast && /usr/bin/gmake  -f CMakeFiles/cmTC_a8db2.dir/build.make CMakeFiles/cmTC_a8db2.dir/build
gmake[1]: Entering directory '/work1/sadasivan/student30/composable_kernel/build_new/CMakeFiles/CMakeScratch/TryCompile-KExIBh'
Building CXX object CMakeFiles/cmTC_a8db2.dir/CMakeCXXCompilerABI.cpp.o
/opt/rocm-5.7.1/bin/hipcc   -std=c++17 -O3 -ftemplate-backtrace-limit=0  -fPIE  -Wno-gnu-line-marker    -v -MD -MT CMakeFiles/cmTC_a8db2.dir/CMakeCXXCompilerABI.cpp.o -MF CMakeFiles/cmTC_a8db2.dir/CMakeCXXCompilerABI.cpp.o.d -o CMakeFiles/cmTC_a8db2.dir/CMakeCXXCompilerABI.cpp.o -c /opt/ohpc/pub/utils/cmake/3.25.2/share/cmake-3.25/Modules/CMakeCXXCompilerABI.cpp
AMD clang version 17.0.0 (https://github.com/RadeonOpenCompute/llvm-project roc-5.7.1 23382 f3e174a1d286158c06e4cc8276366b1d4bc0c914)
Target: x86_64-unknown-linux-gnu
Thread model: posix
InstalledDir: /opt/rocm-5.7.1/llvm/bin
Found candidate GCC installation: /usr/lib/gcc/x86_64-redhat-linux/11
Selected GCC installation: /usr/lib/gcc/x86_64-redhat-linux/11
Candidate multilib: .;@m64
Candidate multilib: 32;@m32
Selected multilib: .;@m64
Found HIP installation: /opt/rocm-5.7.1, version 5.7.31921
 "/opt/rocm-5.7.1/llvm/bin/clang-17" -cc1 -triple amdgcn-amd-amdhsa -aux-triple x86_64-unknown-linux-gnu -emit-obj -disable-free -clear-ast-before-backend -disable-llvm-verifier -discard-value-names -main-file-name CMakeCXXCompilerABI.cpp -mrelocation-model pic -pic-level 2 -fhalf-no-semantic-interposition -mframe-pointer=none -fno-rounding-math -mconstructor-aliases -aux-target-cpu x86-64 -fcuda-is-device -mllvm -amdgpu-internalize-symbols -fcuda-allow-variadic-functions -fvisibility=hidden -fapply-global-visibility-to-externs -mlink-builtin-bitcode /opt/rocm-5.7.1/amdgcn/bitcode/hip.bc -mlink-builtin-bitcode /opt/rocm-5.7.1/amdgcn/bitcode/ocml.bc -mlink-builtin-bitcode /opt/rocm-5.7.1/amdgcn/bitcode/ockl.bc -mlink-builtin-bitcode /opt/rocm-5.7.1/amdgcn/bitcode/oclc_daz_opt_off.bc -mlink-builtin-bitcode /opt/rocm-5.7.1/amdgcn/bitcode/oclc_unsafe_math_off.bc -mlink-builtin-bitcode /opt/rocm-5.7.1/amdgcn/bitcode/oclc_finite_only_off.bc -mlink-builtin-bitcode /opt/rocm-5.7.1/amdgcn/bitcode/oclc_correctly_rounded_sqrt_on.bc -mlink-builtin-bitcode /opt/rocm-5.7.1/amdgcn/bitcode/oclc_wavefrontsize64_on.bc -mlink-builtin-bitcode /opt/rocm-5.7.1/amdgcn/bitcode/oclc_isa_version_908.bc -mlink-builtin-bitcode /opt/rocm-5.7.1/amdgcn/bitcode/oclc_abi_version_500.bc -target-cpu gfx908 -debugger-tuning=gdb -v -resource-dir /opt/rocm-5.7.1/llvm/lib/clang/17.0.0 -dependency-file CMakeFiles/cmTC_a8db2.dir/CMakeCXXCompilerABI.cpp.o.d -MT CMakeFiles/cmTC_a8db2.dir/CMakeCXXCompilerABI.cpp.o -sys-header-deps -internal-isystem /opt/rocm-5.7.1/llvm/lib/clang/17.0.0/include/cuda_wrappers -idirafter /opt/rocm-5.7.1/include -include __clang_hip_runtime_wrapper.h -c-isystem /opt/rocm-5.7.1/llvm/include/gpu-none-llvm -isystem /opt/rocm-5.7.1/include -internal-isystem /usr/lib/gcc/x86_64-redhat-linux/11/../../../../include/c++/11 -internal-isystem /usr/lib/gcc/x86_64-redhat-linux/11/../../../../include/c++/11/x86_64-redhat-linux -internal-isystem /usr/lib/gcc/x86_64-redhat-linux/11/../../../../include/c++/11/backward -internal-isystem /usr/lib/gcc/x86_64-redhat-linux/11/../../../../include/c++/11 -internal-isystem /usr/lib/gcc/x86_64-redhat-linux/11/../../../../include/c++/11/x86_64-redhat-linux -internal-isystem /usr/lib/gcc/x86_64-redhat-linux/11/../../../../include/c++/11/backward -internal-isystem /opt/rocm-5.7.1/llvm/lib/clang/17.0.0/include -internal-isystem /usr/local/include -internal-isystem /usr/lib/gcc/x86_64-redhat-linux/11/../../../../x86_64-redhat-linux/include -internal-externc-isystem /include -internal-externc-isystem /usr/include -internal-isystem /opt/rocm-5.7.1/llvm/lib/clang/17.0.0/include -internal-isystem /usr/local/include -internal-isystem /usr/lib/gcc/x86_64-redhat-linux/11/../../../../x86_64-redhat-linux/include -internal-externc-isystem /include -internal-externc-isystem /usr/include -O3 -Wno-gnu-line-marker -std=c++17 -fdeprecated-macro -fno-autolink -fdebug-compilation-dir=/work1/sadasivan/student30/composable_kernel/build_new/CMakeFiles/CMakeScratch/TryCompile-KExIBh -ferror-limit 19 -ftemplate-backtrace-limit 0 -fhip-new-launch-api -fgnuc-version=4.2.1 -fcxx-exceptions -fexceptions -vectorize-loops -vectorize-slp -mllvm -amdgpu-early-inline-all=true -mllvm -amdgpu-function-calls=false -cuid=91d4ec29123a9d1d -fcuda-allow-variadic-functions -faddrsig -D__GCC_HAVE_DWARF2_CFI_ASM=1 -o /tmp/CMakeCXXCompilerABI-gfx908-b1f86b.o -x hip /opt/ohpc/pub/utils/cmake/3.25.2/share/cmake-3.25/Modules/CMakeCXXCompilerABI.cpp
clang -cc1 version 17.0.0 based upon LLVM 17.0.0git default target x86_64-unknown-linux-gnu
ignoring nonexistent directory "/opt/rocm-5.7.1/llvm/include/gpu-none-llvm"
ignoring nonexistent directory "/usr/lib/gcc/x86_64-redhat-linux/11/../../../../x86_64-redhat-linux/include"
ignoring nonexistent directory "/include"
ignoring nonexistent directory "/usr/lib/gcc/x86_64-redhat-linux/11/../../../../x86_64-redhat-linux/include"
ignoring nonexistent directory "/include"
ignoring duplicate directory "/usr/lib/gcc/x86_64-redhat-linux/11/../../../../include/c++/11"
ignoring duplicate directory "/usr/lib/gcc/x86_64-redhat-linux/11/../../../../include/c++/11/x86_64-redhat-linux"
ignoring duplicate directory "/usr/lib/gcc/x86_64-redhat-linux/11/../../../../include/c++/11/backward"
ignoring duplicate directory "/opt/rocm-5.7.1/llvm/lib/clang/17.0.0/include"
ignoring duplicate directory "/usr/local/include"
ignoring duplicate directory "/usr/include"
ignoring duplicate directory "/usr/local/include"
ignoring duplicate directory "/opt/rocm-5.7.1/llvm/lib/clang/17.0.0/include"
ignoring duplicate directory "/usr/include"
ignoring duplicate directory "/opt/rocm-5.7.1/include"
#include "..." search starts here:
#include <...> search starts here:
 /opt/rocm-5.7.1/include
 /opt/rocm-5.7.1/llvm/lib/clang/17.0.0/include/cuda_wrappers
 /usr/lib/gcc/x86_64-redhat-linux/11/../../../../include/c++/11
 /usr/lib/gcc/x86_64-redhat-linux/11/../../../../include/c++/11/x86_64-redhat-linux
 /usr/lib/gcc/x86_64-redhat-linux/11/../../../../include/c++/11/backward
 /opt/rocm-5.7.1/llvm/lib/clang/17.0.0/include
 /usr/local/include
 /usr/include
End of search list.
 "/opt/rocm-5.7.1/llvm/bin/lld" -flavor gnu -m elf64_amdgpu --no-undefined -shared -plugin-opt=-amdgpu-internalize-symbols -plugin-opt=mcpu=gfx908 -plugin-opt=O3 --lto-CGO3 -plugin-opt=-amdgpu-early-inline-all=true -plugin-opt=-amdgpu-function-calls=false --whole-archive -o /tmp/CMakeCXXCompilerABI-gfx908-dadfff.out /tmp/CMakeCXXCompilerABI-gfx908-b1f86b.o --no-whole-archive
 "/opt/rocm-5.7.1/llvm/bin/clang-offload-bundler" -type=o -bundle-align=4096 -targets=host-x86_64-unknown-linux,hipv4-amdgcn-amd-amdhsa--gfx908 -input=/dev/null -input=/tmp/CMakeCXXCompilerABI-gfx908-dadfff.out -output=/tmp/CMakeCXXCompilerABI-f8dfe1.hipfb
 "/opt/rocm-5.7.1/llvm/bin/clang-17" -cc1 -triple x86_64-unknown-linux-gnu -aux-triple amdgcn-amd-amdhsa -emit-obj -disable-free -clear-ast-before-backend -disable-llvm-verifier -discard-value-names -main-file-name CMakeCXXCompilerABI.cpp -mrelocation-model pic -pic-level 2 -pic-is-pie -mframe-pointer=none -fmath-errno -fno-rounding-math -mconstructor-aliases -funwind-tables=2 -target-cpu x86-64 -tune-cpu generic -debugger-tuning=gdb -v -fcoverage-compilation-dir=/work1/sadasivan/student30/composable_kernel/build_new/CMakeFiles/CMakeScratch/TryCompile-KExIBh -resource-dir /opt/rocm-5.7.1/llvm/lib/clang/17.0.0 -dependency-file CMakeFiles/cmTC_a8db2.dir/CMakeCXXCompilerABI.cpp.o.d -MT CMakeFiles/cmTC_a8db2.dir/CMakeCXXCompilerABI.cpp.o -sys-header-deps -internal-isystem /opt/rocm-5.7.1/llvm/lib/clang/17.0.0/include/cuda_wrappers -idirafter /opt/rocm-5.7.1/include -include __clang_hip_runtime_wrapper.h -isystem /opt/rocm-5.7.1/include -internal-isystem /usr/lib/gcc/x86_64-redhat-linux/11/../../../../include/c++/11 -internal-isystem /usr/lib/gcc/x86_64-redhat-linux/11/../../../../include/c++/11/x86_64-redhat-linux -internal-isystem /usr/lib/gcc/x86_64-redhat-linux/11/../../../../include/c++/11/backward -internal-isystem /usr/lib/gcc/x86_64-redhat-linux/11/../../../../include/c++/11 -internal-isystem /usr/lib/gcc/x86_64-redhat-linux/11/../../../../include/c++/11/x86_64-redhat-linux -internal-isystem /usr/lib/gcc/x86_64-redhat-linux/11/../../../../include/c++/11/backward -internal-isystem /opt/rocm-5.7.1/llvm/lib/clang/17.0.0/include -internal-isystem /usr/local/include -internal-isystem /usr/lib/gcc/x86_64-redhat-linux/11/../../../../x86_64-redhat-linux/include -internal-externc-isystem /include -internal-externc-isystem /usr/include -internal-isystem /opt/rocm-5.7.1/llvm/lib/clang/17.0.0/include -internal-isystem /usr/local/include -internal-isystem /usr/lib/gcc/x86_64-redhat-linux/11/../../../../x86_64-redhat-linux/include -internal-externc-isystem /include -internal-externc-isystem /usr/include -O3 -Wno-gnu-line-marker -std=c++17 -fdeprecated-macro -fdebug-compilation-dir=/work1/sadasivan/student30/composable_kernel/build_new/CMakeFiles/CMakeScratch/TryCompile-KExIBh -ferror-limit 19 -ftemplate-backtrace-limit 0 -fhip-new-launch-api -fgnuc-version=4.2.1 -fcxx-exceptions -fexceptions -vectorize-loops -vectorize-slp -mllvm -amdgpu-early-inline-all=true -mllvm -amdgpu-function-calls=false -fcuda-include-gpubinary /tmp/CMakeCXXCompilerABI-f8dfe1.hipfb -cuid=91d4ec29123a9d1d -fcuda-allow-variadic-functions -faddrsig -D__GCC_HAVE_DWARF2_CFI_ASM=1 -o CMakeFiles/cmTC_a8db2.dir/CMakeCXXCompilerABI.cpp.o -x hip /opt/ohpc/pub/utils/cmake/3.25.2/share/cmake-3.25/Modules/CMakeCXXCompilerABI.cpp
clang -cc1 version 17.0.0 based upon LLVM 17.0.0git default target x86_64-unknown-linux-gnu
ignoring nonexistent directory "/usr/lib/gcc/x86_64-redhat-linux/11/../../../../x86_64-redhat-linux/include"
ignoring nonexistent directory "/include"
ignoring nonexistent directory "/usr/lib/gcc/x86_64-redhat-linux/11/../../../../x86_64-redhat-linux/include"
ignoring nonexistent directory "/include"
ignoring duplicate directory "/usr/lib/gcc/x86_64-redhat-linux/11/../../../../include/c++/11"
ignoring duplicate directory "/usr/lib/gcc/x86_64-redhat-linux/11/../../../../include/c++/11/x86_64-redhat-linux"
ignoring duplicate directory "/usr/lib/gcc/x86_64-redhat-linux/11/../../../../include/c++/11/backward"
ignoring duplicate directory "/opt/rocm-5.7.1/llvm/lib/clang/17.0.0/include"
ignoring duplicate directory "/usr/local/include"
ignoring duplicate directory "/usr/include"
ignoring duplicate directory "/opt/rocm-5.7.1/include"
#include "..." search starts here:
#include <...> search starts here:
 /opt/rocm-5.7.1/include
 /opt/rocm-5.7.1/llvm/lib/clang/17.0.0/include/cuda_wrappers
 /usr/lib/gcc/x86_64-redhat-linux/11/../../../../include/c++/11
 /usr/lib/gcc/x86_64-redhat-linux/11/../../../../include/c++/11/x86_64-redhat-linux
 /usr/lib/gcc/x86_64-redhat-linux/11/../../../../include/c++/11/backward
 /opt/rocm-5.7.1/llvm/lib/clang/17.0.0/include
 /usr/local/include
 /usr/include
End of search list.
Linking CXX executable cmTC_a8db2
/opt/ohpc/pub/utils/cmake/3.25.2/bin/cmake -E cmake_link_script CMakeFiles/cmTC_a8db2.dir/link.txt --verbose=1
/opt/rocm-5.7.1/bin/hipcc -std=c++17 -O3 -ftemplate-backtrace-limit=0  -fPIE  -Wno-gnu-line-marker   -v CMakeFiles/cmTC_a8db2.dir/CMakeCXXCompilerABI.cpp.o -o cmTC_a8db2 
AMD clang version 17.0.0 (https://github.com/RadeonOpenCompute/llvm-project roc-5.7.1 23382 f3e174a1d286158c06e4cc8276366b1d4bc0c914)
Target: x86_64-unknown-linux-gnu
Thread model: posix
InstalledDir: /opt/rocm-5.7.1/llvm/bin
Found candidate GCC installation: /usr/lib/gcc/x86_64-redhat-linux/11
Selected GCC installation: /usr/lib/gcc/x86_64-redhat-linux/11
Candidate multilib: .;@m64
Candidate multilib: 32;@m32
Selected multilib: .;@m64
Found HIP installation: /opt/rocm-5.7.1, version 5.7.31921
 "/opt/rocm-5.7.1/llvm/bin/ld.lld" --hash-style=gnu --eh-frame-hdr -m elf_x86_64 -dynamic-linker /lib64/ld-linux-x86-64.so.2 -o cmTC_a8db2 /usr/lib/gcc/x86_64-redhat-linux/11/../../../../lib64/crt1.o /usr/lib/gcc/x86_64-redhat-linux/11/../../../../lib64/crti.o /opt/rocm-5.7.1/llvm/lib/clang/17.0.0/lib/linux/clang_rt.crtbegin-x86_64.o -L/usr/lib/gcc/x86_64-redhat-linux/11 -L/usr/lib/gcc/x86_64-redhat-linux/11/../../../../lib64 -L/lib/../lib64 -L/usr/lib/../lib64 -L/lib -L/usr/lib CMakeFiles/cmTC_a8db2.dir/CMakeCXXCompilerABI.cpp.o -L/opt/rocm-5.7.1/lib -rpath /opt/rocm-5.7.1/lib -lamdhip64 -lstdc++ -lm /opt/rocm-5.7.1/llvm/lib/clang/17.0.0/lib/linux/libclang_rt.builtins-x86_64.a -lgcc_s -lc /opt/rocm-5.7.1/llvm/lib/clang/17.0.0/lib/linux/libclang_rt.builtins-x86_64.a -lgcc_s /opt/rocm-5.7.1/llvm/lib/clang/17.0.0/lib/linux/clang_rt.crtend-x86_64.o /usr/lib/gcc/x86_64-redhat-linux/11/../../../../lib64/crtn.o
gmake[1]: Leaving directory '/work1/sadasivan/student30/composable_kernel/build_new/CMakeFiles/CMakeScratch/TryCompile-KExIBh'



Parsed CXX implicit include dir info from above output: rv=done
  found start of include info
  found start of implicit include info
    add: [/opt/rocm-5.7.1/include]
    add: [/opt/rocm-5.7.1/llvm/lib/clang/17.0.0/include/cuda_wrappers]
    add: [/usr/lib/gcc/x86_64-redhat-linux/11/../../../../include/c++/11]
    add: [/usr/lib/gcc/x86_64-redhat-linux/11/../../../../include/c++/11/x86_64-redhat-linux]
    add: [/usr/lib/gcc/x86_64-redhat-linux/11/../../../../include/c++/11/backward]
    add: [/opt/rocm-5.7.1/llvm/lib/clang/17.0.0/include]
    add: [/usr/local/include]
    add: [/usr/include]
  end of search list found
  collapse include dir [/opt/rocm-5.7.1/include] ==> [/opt/rocm-5.7.1/include]
  collapse include dir [/opt/rocm-5.7.1/llvm/lib/clang/17.0.0/include/cuda_wrappers] ==> [/opt/rocm-5.7.1/llvm/lib/clang/17.0.0/include/cuda_wrappers]
  collapse include dir [/usr/lib/gcc/x86_64-redhat-linux/11/../../../../include/c++/11] ==> [/usr/include/c++/11]
  collapse include dir [/usr/lib/gcc/x86_64-redhat-linux/11/../../../../include/c++/11/x86_64-redhat-linux] ==> [/usr/include/c++/11/x86_64-redhat-linux]
  collapse include dir [/usr/lib/gcc/x86_64-redhat-linux/11/../../../../include/c++/11/backward] ==> [/usr/include/c++/11/backward]
  collapse include dir [/opt/rocm-5.7.1/llvm/lib/clang/17.0.0/include] ==> [/opt/rocm-5.7.1/llvm/lib/clang/17.0.0/include]
  collapse include dir [/usr/local/include] ==> [/usr/local/include]
  collapse include dir [/usr/include] ==> [/usr/include]
  implicit include dirs: [/opt/rocm-5.7.1/include;/opt/rocm-5.7.1/llvm/lib/clang/17.0.0/include/cuda_wrappers;/usr/include/c++/11;/usr/include/c++/11/x86_64-redhat-linux;/usr/include/c++/11/backward;/opt/rocm-5.7.1/llvm/lib/clang/17.0.0/include;/usr/local/include;/usr/include]


Parsed CXX implicit link information from above output:
  link line regex: [^( *|.*[/\])(ld|CMAKE_LINK_STARTFILE-NOTFOUND|([^/\]+-)?ld|collect2)[^/\]*( |$)]
  ignore line: [Change Dir: /work1/sadasivan/student30/composable_kernel/build_new/CMakeFiles/CMakeScratch/TryCompile-KExIBh]
  ignore line: []
  ignore line: [Run Build Command(s):/usr/bin/gmake -f Makefile cmTC_a8db2/fast && /usr/bin/gmake  -f CMakeFiles/cmTC_a8db2.dir/build.make CMakeFiles/cmTC_a8db2.dir/build]
  ignore line: [gmake[1]: Entering directory '/work1/sadasivan/student30/composable_kernel/build_new/CMakeFiles/CMakeScratch/TryCompile-KExIBh']
  ignore line: [Building CXX object CMakeFiles/cmTC_a8db2.dir/CMakeCXXCompilerABI.cpp.o]
  ignore line: [/opt/rocm-5.7.1/bin/hipcc   -std=c++17 -O3 -ftemplate-backtrace-limit=0  -fPIE  -Wno-gnu-line-marker    -v -MD -MT CMakeFiles/cmTC_a8db2.dir/CMakeCXXCompilerABI.cpp.o -MF CMakeFiles/cmTC_a8db2.dir/CMakeCXXCompilerABI.cpp.o.d -o CMakeFiles/cmTC_a8db2.dir/CMakeCXXCompilerABI.cpp.o -c /opt/ohpc/pub/utils/cmake/3.25.2/share/cmake-3.25/Modules/CMakeCXXCompilerABI.cpp]
  ignore line: [AMD clang version 17.0.0 (https://github.com/RadeonOpenCompute/llvm-project roc-5.7.1 23382 f3e174a1d286158c06e4cc8276366b1d4bc0c914)]
  ignore line: [Target: x86_64-unknown-linux-gnu]
  ignore line: [Thread model: posix]
  ignore line: [InstalledDir: /opt/rocm-5.7.1/llvm/bin]
  ignore line: [Found candidate GCC installation: /usr/lib/gcc/x86_64-redhat-linux/11]
  ignore line: [Selected GCC installation: /usr/lib/gcc/x86_64-redhat-linux/11]
  ignore line: [Candidate multilib: .]
  ignore line: [@m64]
  ignore line: [Candidate multilib: 32]
  ignore line: [@m32]
  ignore line: [Selected multilib: .]
  ignore line: [@m64]
  ignore line: [Found HIP installation: /opt/rocm-5.7.1  version 5.7.31921]
  ignore line: [ "/opt/rocm-5.7.1/llvm/bin/clang-17" -cc1 -triple amdgcn-amd-amdhsa -aux-triple x86_64-unknown-linux-gnu -emit-obj -disable-free -clear-ast-before-backend -disable-llvm-verifier -discard-value-names -main-file-name CMakeCXXCompilerABI.cpp -mrelocation-model pic -pic-level 2 -fhalf-no-semantic-interposition -mframe-pointer=none -fno-rounding-math -mconstructor-aliases -aux-target-cpu x86-64 -fcuda-is-device -mllvm -amdgpu-internalize-symbols -fcuda-allow-variadic-functions -fvisibility=hidden -fapply-global-visibility-to-externs -mlink-builtin-bitcode /opt/rocm-5.7.1/amdgcn/bitcode/hip.bc -mlink-builtin-bitcode /opt/rocm-5.7.1/amdgcn/bitcode/ocml.bc -mlink-builtin-bitcode /opt/rocm-5.7.1/amdgcn/bitcode/ockl.bc -mlink-builtin-bitcode /opt/rocm-5.7.1/amdgcn/bitcode/oclc_daz_opt_off.bc -mlink-builtin-bitcode /opt/rocm-5.7.1/amdgcn/bitcode/oclc_unsafe_math_off.bc -mlink-builtin-bitcode /opt/rocm-5.7.1/amdgcn/bitcode/oclc_finite_only_off.bc -mlink-builtin-bitcode /opt/rocm-5.7.1/amdgcn/bitcode/oclc_correctly_rounded_sqrt_on.bc -mlink-builtin-bitcode /opt/rocm-5.7.1/amdgcn/bitcode/oclc_wavefrontsize64_on.bc -mlink-builtin-bitcode /opt/rocm-5.7.1/amdgcn/bitcode/oclc_isa_version_908.bc -mlink-builtin-bitcode /opt/rocm-5.7.1/amdgcn/bitcode/oclc_abi_version_500.bc -target-cpu gfx908 -debugger-tuning=gdb -v -resource-dir /opt/rocm-5.7.1/llvm/lib/clang/17.0.0 -dependency-file CMakeFiles/cmTC_a8db2.dir/CMakeCXXCompilerABI.cpp.o.d -MT CMakeFiles/cmTC_a8db2.dir/CMakeCXXCompilerABI.cpp.o -sys-header-deps -internal-isystem /opt/rocm-5.7.1/llvm/lib/clang/17.0.0/include/cuda_wrappers -idirafter /opt/rocm-5.7.1/include -include __clang_hip_runtime_wrapper.h -c-isystem /opt/rocm-5.7.1/llvm/include/gpu-none-llvm -isystem /opt/rocm-5.7.1/include -internal-isystem /usr/lib/gcc/x86_64-redhat-linux/11/../../../../include/c++/11 -internal-isystem /usr/lib/gcc/x86_64-redhat-linux/11/../../../../include/c++/11/x86_64-redhat-linux -internal-isystem /usr/lib/gcc/x86_64-redhat-linux/11/../../../../include/c++/11/backward -internal-isystem /usr/lib/gcc/x86_64-redhat-linux/11/../../../../include/c++/11 -internal-isystem /usr/lib/gcc/x86_64-redhat-linux/11/../../../../include/c++/11/x86_64-redhat-linux -internal-isystem /usr/lib/gcc/x86_64-redhat-linux/11/../../../../include/c++/11/backward -internal-isystem /opt/rocm-5.7.1/llvm/lib/clang/17.0.0/include -internal-isystem /usr/local/include -internal-isystem /usr/lib/gcc/x86_64-redhat-linux/11/../../../../x86_64-redhat-linux/include -internal-externc-isystem /include -internal-externc-isystem /usr/include -internal-isystem /opt/rocm-5.7.1/llvm/lib/clang/17.0.0/include -internal-isystem /usr/local/include -internal-isystem /usr/lib/gcc/x86_64-redhat-linux/11/../../../../x86_64-redhat-linux/include -internal-externc-isystem /include -internal-externc-isystem /usr/include -O3 -Wno-gnu-line-marker -std=c++17 -fdeprecated-macro -fno-autolink -fdebug-compilation-dir=/work1/sadasivan/student30/composable_kernel/build_new/CMakeFiles/CMakeScratch/TryCompile-KExIBh -ferror-limit 19 -ftemplate-backtrace-limit 0 -fhip-new-launch-api -fgnuc-version=4.2.1 -fcxx-exceptions -fexceptions -vectorize-loops -vectorize-slp -mllvm -amdgpu-early-inline-all=true -mllvm -amdgpu-function-calls=false -cuid=91d4ec29123a9d1d -fcuda-allow-variadic-functions -faddrsig -D__GCC_HAVE_DWARF2_CFI_ASM=1 -o /tmp/CMakeCXXCompilerABI-gfx908-b1f86b.o -x hip /opt/ohpc/pub/utils/cmake/3.25.2/share/cmake-3.25/Modules/CMakeCXXCompilerABI.cpp]
  ignore line: [clang -cc1 version 17.0.0 based upon LLVM 17.0.0git default target x86_64-unknown-linux-gnu]
  ignore line: [ignoring nonexistent directory "/opt/rocm-5.7.1/llvm/include/gpu-none-llvm"]
  ignore line: [ignoring nonexistent directory "/usr/lib/gcc/x86_64-redhat-linux/11/../../../../x86_64-redhat-linux/include"]
  ignore line: [ignoring nonexistent directory "/include"]
  ignore line: [ignoring nonexistent directory "/usr/lib/gcc/x86_64-redhat-linux/11/../../../../x86_64-redhat-linux/include"]
  ignore line: [ignoring nonexistent directory "/include"]
  ignore line: [ignoring duplicate directory "/usr/lib/gcc/x86_64-redhat-linux/11/../../../../include/c++/11"]
  ignore line: [ignoring duplicate directory "/usr/lib/gcc/x86_64-redhat-linux/11/../../../../include/c++/11/x86_64-redhat-linux"]
  ignore line: [ignoring duplicate directory "/usr/lib/gcc/x86_64-redhat-linux/11/../../../../include/c++/11/backward"]
  ignore line: [ignoring duplicate directory "/opt/rocm-5.7.1/llvm/lib/clang/17.0.0/include"]
  ignore line: [ignoring duplicate directory "/usr/local/include"]
  ignore line: [ignoring duplicate directory "/usr/include"]
  ignore line: [ignoring duplicate directory "/usr/local/include"]
  ignore line: [ignoring duplicate directory "/opt/rocm-5.7.1/llvm/lib/clang/17.0.0/include"]
  ignore line: [ignoring duplicate directory "/usr/include"]
  ignore line: [ignoring duplicate directory "/opt/rocm-5.7.1/include"]
  ignore line: [#include "..." search starts here:]
  ignore line: [#include <...> search starts here:]
  ignore line: [ /opt/rocm-5.7.1/include]
  ignore line: [ /opt/rocm-5.7.1/llvm/lib/clang/17.0.0/include/cuda_wrappers]
  ignore line: [ /usr/lib/gcc/x86_64-redhat-linux/11/../../../../include/c++/11]
  ignore line: [ /usr/lib/gcc/x86_64-redhat-linux/11/../../../../include/c++/11/x86_64-redhat-linux]
  ignore line: [ /usr/lib/gcc/x86_64-redhat-linux/11/../../../../include/c++/11/backward]
  ignore line: [ /opt/rocm-5.7.1/llvm/lib/clang/17.0.0/include]
  ignore line: [ /usr/local/include]
  ignore line: [ /usr/include]
  ignore line: [End of search list.]
  ignore line: [ "/opt/rocm-5.7.1/llvm/bin/lld" -flavor gnu -m elf64_amdgpu --no-undefined -shared -plugin-opt=-amdgpu-internalize-symbols -plugin-opt=mcpu=gfx908 -plugin-opt=O3 --lto-CGO3 -plugin-opt=-amdgpu-early-inline-all=true -plugin-opt=-amdgpu-function-calls=false --whole-archive -o /tmp/CMakeCXXCompilerABI-gfx908-dadfff.out /tmp/CMakeCXXCompilerABI-gfx908-b1f86b.o --no-whole-archive]
  ignore line: [ "/opt/rocm-5.7.1/llvm/bin/clang-offload-bundler" -type=o -bundle-align=4096 -targets=host-x86_64-unknown-linux hipv4-amdgcn-amd-amdhsa--gfx908 -input=/dev/null -input=/tmp/CMakeCXXCompilerABI-gfx908-dadfff.out -output=/tmp/CMakeCXXCompilerABI-f8dfe1.hipfb]
  ignore line: [ "/opt/rocm-5.7.1/llvm/bin/clang-17" -cc1 -triple x86_64-unknown-linux-gnu -aux-triple amdgcn-amd-amdhsa -emit-obj -disable-free -clear-ast-before-backend -disable-llvm-verifier -discard-value-names -main-file-name CMakeCXXCompilerABI.cpp -mrelocation-model pic -pic-level 2 -pic-is-pie -mframe-pointer=none -fmath-errno -fno-rounding-math -mconstructor-aliases -funwind-tables=2 -target-cpu x86-64 -tune-cpu generic -debugger-tuning=gdb -v -fcoverage-compilation-dir=/work1/sadasivan/student30/composable_kernel/build_new/CMakeFiles/CMakeScratch/TryCompile-KExIBh -resource-dir /opt/rocm-5.7.1/llvm/lib/clang/17.0.0 -dependency-file CMakeFiles/cmTC_a8db2.dir/CMakeCXXCompilerABI.cpp.o.d -MT CMakeFiles/cmTC_a8db2.dir/CMakeCXXCompilerABI.cpp.o -sys-header-deps -internal-isystem /opt/rocm-5.7.1/llvm/lib/clang/17.0.0/include/cuda_wrappers -idirafter /opt/rocm-5.7.1/include -include __clang_hip_runtime_wrapper.h -isystem /opt/rocm-5.7.1/include -internal-isystem /usr/lib/gcc/x86_64-redhat-linux/11/../../../../include/c++/11 -internal-isystem /usr/lib/gcc/x86_64-redhat-linux/11/../../../../include/c++/11/x86_64-redhat-linux -internal-isystem /usr/lib/gcc/x86_64-redhat-linux/11/../../../../include/c++/11/backward -internal-isystem /usr/lib/gcc/x86_64-redhat-linux/11/../../../../include/c++/11 -internal-isystem /usr/lib/gcc/x86_64-redhat-linux/11/../../../../include/c++/11/x86_64-redhat-linux -internal-isystem /usr/lib/gcc/x86_64-redhat-linux/11/../../../../include/c++/11/backward -internal-isystem /opt/rocm-5.7.1/llvm/lib/clang/17.0.0/include -internal-isystem /usr/local/include -internal-isystem /usr/lib/gcc/x86_64-redhat-linux/11/../../../../x86_64-redhat-linux/include -internal-externc-isystem /include -internal-externc-isystem /usr/include -internal-isystem /opt/rocm-5.7.1/llvm/lib/clang/17.0.0/include -internal-isystem /usr/local/include -internal-isystem /usr/lib/gcc/x86_64-redhat-linux/11/../../../../x86_64-redhat-linux/include -internal-externc-isystem /include -internal-externc-isystem /usr/include -O3 -Wno-gnu-line-marker -std=c++17 -fdeprecated-macro -fdebug-compilation-dir=/work1/sadasivan/student30/composable_kernel/build_new/CMakeFiles/CMakeScratch/TryCompile-KExIBh -ferror-limit 19 -ftemplate-backtrace-limit 0 -fhip-new-launch-api -fgnuc-version=4.2.1 -fcxx-exceptions -fexceptions -vectorize-loops -vectorize-slp -mllvm -amdgpu-early-inline-all=true -mllvm -amdgpu-function-calls=false -fcuda-include-gpubinary /tmp/CMakeCXXCompilerABI-f8dfe1.hipfb -cuid=91d4ec29123a9d1d -fcuda-allow-variadic-functions -faddrsig -D__GCC_HAVE_DWARF2_CFI_ASM=1 -o CMakeFiles/cmTC_a8db2.dir/CMakeCXXCompilerABI.cpp.o -x hip /opt/ohpc/pub/utils/cmake/3.25.2/share/cmake-3.25/Modules/CMakeCXXCompilerABI.cpp]
  ignore line: [clang -cc1 version 17.0.0 based upon LLVM 17.0.0git default target x86_64-unknown-linux-gnu]
  ignore line: [ignoring nonexistent directory "/usr/lib/gcc/x86_64-redhat-linux/11/../../../../x86_64-redhat-linux/include"]
  ignore line: [ignoring nonexistent directory "/include"]
  ignore line: [ignoring nonexistent directory "/usr/lib/gcc/x86_64-redhat-linux/11/../../../../x86_64-redhat-linux/include"]
  ignore line: [ignoring nonexistent directory "/include"]
  ignore line: [ignoring duplicate directory "/usr/lib/gcc/x86_64-redhat-linux/11/../../../../include/c++/11"]
  ignore line: [ignoring duplicate directory "/usr/lib/gcc/x86_64-redhat-linux/11/../../../../include/c++/11/x86_64-redhat-linux"]
  ignore line: [ignoring duplicate directory "/usr/lib/gcc/x86_64-redhat-linux/11/../../../../include/c++/11/backward"]
  ignore line: [ignoring duplicate directory "/opt/rocm-5.7.1/llvm/lib/clang/17.0.0/include"]
  ignore line: [ignoring duplicate directory "/usr/local/include"]
  ignore line: [ignoring duplicate directory "/usr/include"]
  ignore line: [ignoring duplicate directory "/opt/rocm-5.7.1/include"]
  ignore line: [#include "..." search starts here:]
  ignore line: [#include <...> search starts here:]
  ignore line: [ /opt/rocm-5.7.1/include]
  ignore line: [ /opt/rocm-5.7.1/llvm/lib/clang/17.0.0/include/cuda_wrappers]
  ignore line: [ /usr/lib/gcc/x86_64-redhat-linux/11/../../../../include/c++/11]
  ignore line: [ /usr/lib/gcc/x86_64-redhat-linux/11/../../../../include/c++/11/x86_64-redhat-linux]
  ignore line: [ /usr/lib/gcc/x86_64-redhat-linux/11/../../../../include/c++/11/backward]
  ignore line: [ /opt/rocm-5.7.1/llvm/lib/clang/17.0.0/include]
  ignore line: [ /usr/local/include]
  ignore line: [ /usr/include]
  ignore line: [End of search list.]
  ignore line: [Linking CXX executable cmTC_a8db2]
  ignore line: [/opt/ohpc/pub/utils/cmake/3.25.2/bin/cmake -E cmake_link_script CMakeFiles/cmTC_a8db2.dir/link.txt --verbose=1]
  ignore line: [/opt/rocm-5.7.1/bin/hipcc -std=c++17 -O3 -ftemplate-backtrace-limit=0  -fPIE  -Wno-gnu-line-marker   -v CMakeFiles/cmTC_a8db2.dir/CMakeCXXCompilerABI.cpp.o -o cmTC_a8db2 ]
  ignore line: [AMD clang version 17.0.0 (https://github.com/RadeonOpenCompute/llvm-project roc-5.7.1 23382 f3e174a1d286158c06e4cc8276366b1d4bc0c914)]
  ignore line: [Target: x86_64-unknown-linux-gnu]
  ignore line: [Thread model: posix]
  ignore line: [InstalledDir: /opt/rocm-5.7.1/llvm/bin]
  ignore line: [Found candidate GCC installation: /usr/lib/gcc/x86_64-redhat-linux/11]
  ignore line: [Selected GCC installation: /usr/lib/gcc/x86_64-redhat-linux/11]
  ignore line: [Candidate multilib: .]
  ignore line: [@m64]
  ignore line: [Candidate multilib: 32]
  ignore line: [@m32]
  ignore line: [Selected multilib: .]
  ignore line: [@m64]
  ignore line: [Found HIP installation: /opt/rocm-5.7.1  version 5.7.31921]
  link line: [ "/opt/rocm-5.7.1/llvm/bin/ld.lld" --hash-style=gnu --eh-frame-hdr -m elf_x86_64 -dynamic-linker /lib64/ld-linux-x86-64.so.2 -o cmTC_a8db2 /usr/lib/gcc/x86_64-redhat-linux/11/../../../../lib64/crt1.o /usr/lib/gcc/x86_64-redhat-linux/11/../../../../lib64/crti.o /opt/rocm-5.7.1/llvm/lib/clang/17.0.0/lib/linux/clang_rt.crtbegin-x86_64.o -L/usr/lib/gcc/x86_64-redhat-linux/11 -L/usr/lib/gcc/x86_64-redhat-linux/11/../../../../lib64 -L/lib/../lib64 -L/usr/lib/../lib64 -L/lib -L/usr/lib CMakeFiles/cmTC_a8db2.dir/CMakeCXXCompilerABI.cpp.o -L/opt/rocm-5.7.1/lib -rpath /opt/rocm-5.7.1/lib -lamdhip64 -lstdc++ -lm /opt/rocm-5.7.1/llvm/lib/clang/17.0.0/lib/linux/libclang_rt.builtins-x86_64.a -lgcc_s -lc /opt/rocm-5.7.1/llvm/lib/clang/17.0.0/lib/linux/libclang_rt.builtins-x86_64.a -lgcc_s /opt/rocm-5.7.1/llvm/lib/clang/17.0.0/lib/linux/clang_rt.crtend-x86_64.o /usr/lib/gcc/x86_64-redhat-linux/11/../../../../lib64/crtn.o]
    arg [/opt/rocm-5.7.1/llvm/bin/ld.lld] ==> ignore
    arg [--hash-style=gnu] ==> ignore
    arg [--eh-frame-hdr] ==> ignore
    arg [-m] ==> ignore
    arg [elf_x86_64] ==> ignore
    arg [-dynamic-linker] ==> ignore
    arg [/lib64/ld-linux-x86-64.so.2] ==> ignore
    arg [-o] ==> ignore
    arg [cmTC_a8db2] ==> ignore
    arg [/usr/lib/gcc/x86_64-redhat-linux/11/../../../../lib64/crt1.o] ==> obj [/usr/lib/gcc/x86_64-redhat-linux/11/../../../../lib64/crt1.o]
    arg [/usr/lib/gcc/x86_64-redhat-linux/11/../../../../lib64/crti.o] ==> obj [/usr/lib/gcc/x86_64-redhat-linux/11/../../../../lib64/crti.o]
    arg [/opt/rocm-5.7.1/llvm/lib/clang/17.0.0/lib/linux/clang_rt.crtbegin-x86_64.o] ==> obj [/opt/rocm-5.7.1/llvm/lib/clang/17.0.0/lib/linux/clang_rt.crtbegin-x86_64.o]
    arg [-L/usr/lib/gcc/x86_64-redhat-linux/11] ==> dir [/usr/lib/gcc/x86_64-redhat-linux/11]
    arg [-L/usr/lib/gcc/x86_64-redhat-linux/11/../../../../lib64] ==> dir [/usr/lib/gcc/x86_64-redhat-linux/11/../../../../lib64]
    arg [-L/lib/../lib64] ==> dir [/lib/../lib64]
    arg [-L/usr/lib/../lib64] ==> dir [/usr/lib/../lib64]
    arg [-L/lib] ==> dir [/lib]
    arg [-L/usr/lib] ==> dir [/usr/lib]
    arg [CMakeFiles/cmTC_a8db2.dir/CMakeCXXCompilerABI.cpp.o] ==> ignore
    arg [-L/opt/rocm-5.7.1/lib] ==> dir [/opt/rocm-5.7.1/lib]
    arg [-rpath] ==> ignore
    arg [/opt/rocm-5.7.1/lib] ==> ignore
    arg [-lamdhip64] ==> lib [amdhip64]
    arg [-lstdc++] ==> lib [stdc++]
    arg [-lm] ==> lib [m]
    arg [/opt/rocm-5.7.1/llvm/lib/clang/17.0.0/lib/linux/libclang_rt.builtins-x86_64.a] ==> lib [/opt/rocm-5.7.1/llvm/lib/clang/17.0.0/lib/linux/libclang_rt.builtins-x86_64.a]
    arg [-lgcc_s] ==> lib [gcc_s]
    arg [-lc] ==> lib [c]
    arg [/opt/rocm-5.7.1/llvm/lib/clang/17.0.0/lib/linux/libclang_rt.builtins-x86_64.a] ==> lib [/opt/rocm-5.7.1/llvm/lib/clang/17.0.0/lib/linux/libclang_rt.builtins-x86_64.a]
    arg [-lgcc_s] ==> lib [gcc_s]
    arg [/opt/rocm-5.7.1/llvm/lib/clang/17.0.0/lib/linux/clang_rt.crtend-x86_64.o] ==> obj [/opt/rocm-5.7.1/llvm/lib/clang/17.0.0/lib/linux/clang_rt.crtend-x86_64.o]
    arg [/usr/lib/gcc/x86_64-redhat-linux/11/../../../../lib64/crtn.o] ==> obj [/usr/lib/gcc/x86_64-redhat-linux/11/../../../../lib64/crtn.o]
  remove lib [/opt/rocm-5.7.1/llvm/lib/clang/17.0.0/lib/linux/libclang_rt.builtins-x86_64.a]
  remove lib [/opt/rocm-5.7.1/llvm/lib/clang/17.0.0/lib/linux/libclang_rt.builtins-x86_64.a]
  collapse obj [/usr/lib/gcc/x86_64-redhat-linux/11/../../../../lib64/crt1.o] ==> [/usr/lib64/crt1.o]
  collapse obj [/usr/lib/gcc/x86_64-redhat-linux/11/../../../../lib64/crti.o] ==> [/usr/lib64/crti.o]
  collapse obj [/usr/lib/gcc/x86_64-redhat-linux/11/../../../../lib64/crtn.o] ==> [/usr/lib64/crtn.o]
  collapse library dir [/usr/lib/gcc/x86_64-redhat-linux/11] ==> [/usr/lib/gcc/x86_64-redhat-linux/11]
  collapse library dir [/usr/lib/gcc/x86_64-redhat-linux/11/../../../../lib64] ==> [/usr/lib64]
  collapse library dir [/lib/../lib64] ==> [/lib64]
  collapse library dir [/usr/lib/../lib64] ==> [/usr/lib64]
  collapse library dir [/lib] ==> [/lib]
  collapse library dir [/usr/lib] ==> [/usr/lib]
  collapse library dir [/opt/rocm-5.7.1/lib] ==> [/opt/rocm-5.7.1/lib]
  implicit libs: [amdhip64;stdc++;m;gcc_s;c;gcc_s]
  implicit objs: [/usr/lib64/crt1.o;/usr/lib64/crti.o;/opt/rocm-5.7.1/llvm/lib/clang/17.0.0/lib/linux/clang_rt.crtbegin-x86_64.o;/opt/rocm-5.7.1/llvm/lib/clang/17.0.0/lib/linux/clang_rt.crtend-x86_64.o;/usr/lib64/crtn.o]
  implicit dirs: [/usr/lib/gcc/x86_64-redhat-linux/11;/usr/lib64;/lib64;/lib;/usr/lib;/opt/rocm-5.7.1/lib]
  implicit fwks: []


Performing C++ SOURCE FILE Test COMPILER_HAS_TARGET_ID_gfx908 succeeded with the following output:
Change Dir: /work1/sadasivan/student30/composable_kernel/build_new/CMakeFiles/CMakeScratch/TryCompile-TKgJka

Run Build Command(s):/usr/bin/gmake -f Makefile cmTC_0c45b/fast && /usr/bin/gmake  -f CMakeFiles/cmTC_0c45b.dir/build.make CMakeFiles/cmTC_0c45b.dir/build
gmake[1]: Entering directory '/work1/sadasivan/student30/composable_kernel/build_new/CMakeFiles/CMakeScratch/TryCompile-TKgJka'
Building CXX object CMakeFiles/cmTC_0c45b.dir/src.cxx.o
/opt/rocm-5.7.1/bin/hipcc -DCOMPILER_HAS_TARGET_ID_gfx908  -std=c++17 -O3 -ftemplate-backtrace-limit=0  -fPIE  -Wno-gnu-line-marker    -xhip --offload-arch=gfx908 -MD -MT CMakeFiles/cmTC_0c45b.dir/src.cxx.o -MF CMakeFiles/cmTC_0c45b.dir/src.cxx.o.d -o CMakeFiles/cmTC_0c45b.dir/src.cxx.o -c /work1/sadasivan/student30/composable_kernel/build_new/CMakeFiles/CMakeScratch/TryCompile-TKgJka/src.cxx
Linking CXX executable cmTC_0c45b
/opt/ohpc/pub/utils/cmake/3.25.2/bin/cmake -E cmake_link_script CMakeFiles/cmTC_0c45b.dir/link.txt --verbose=1
/opt/rocm-5.7.1/bin/hipcc -std=c++17 -O3 -ftemplate-backtrace-limit=0  -fPIE  -Wno-gnu-line-marker  CMakeFiles/cmTC_0c45b.dir/src.cxx.o -o cmTC_0c45b 
gmake[1]: Leaving directory '/work1/sadasivan/student30/composable_kernel/build_new/CMakeFiles/CMakeScratch/TryCompile-TKgJka'


Source file was:
int main() { return 0; }

Performing C++ SOURCE FILE Test COMPILER_HAS_TARGET_ID_gfx90a succeeded with the following output:
Change Dir: /work1/sadasivan/student30/composable_kernel/build_new/CMakeFiles/CMakeScratch/TryCompile-ktQbI1

Run Build Command(s):/usr/bin/gmake -f Makefile cmTC_fdf9c/fast && /usr/bin/gmake  -f CMakeFiles/cmTC_fdf9c.dir/build.make CMakeFiles/cmTC_fdf9c.dir/build
gmake[1]: Entering directory '/work1/sadasivan/student30/composable_kernel/build_new/CMakeFiles/CMakeScratch/TryCompile-ktQbI1'
Building CXX object CMakeFiles/cmTC_fdf9c.dir/src.cxx.o
/opt/rocm-5.7.1/bin/hipcc -DCOMPILER_HAS_TARGET_ID_gfx90a  -std=c++17 -O3 -ftemplate-backtrace-limit=0  -fPIE  -Wno-gnu-line-marker    -xhip --offload-arch=gfx90a -MD -MT CMakeFiles/cmTC_fdf9c.dir/src.cxx.o -MF CMakeFiles/cmTC_fdf9c.dir/src.cxx.o.d -o CMakeFiles/cmTC_fdf9c.dir/src.cxx.o -c /work1/sadasivan/student30/composable_kernel/build_new/CMakeFiles/CMakeScratch/TryCompile-ktQbI1/src.cxx
Linking CXX executable cmTC_fdf9c
/opt/ohpc/pub/utils/cmake/3.25.2/bin/cmake -E cmake_link_script CMakeFiles/cmTC_fdf9c.dir/link.txt --verbose=1
/opt/rocm-5.7.1/bin/hipcc -std=c++17 -O3 -ftemplate-backtrace-limit=0  -fPIE  -Wno-gnu-line-marker  CMakeFiles/cmTC_fdf9c.dir/src.cxx.o -o cmTC_fdf9c 
gmake[1]: Leaving directory '/work1/sadasivan/student30/composable_kernel/build_new/CMakeFiles/CMakeScratch/TryCompile-ktQbI1'


Source file was:
int main() { return 0; }

Performing C++ SOURCE FILE Test COMPILER_HAS_TARGET_ID_gfx940 succeeded with the following output:
Change Dir: /work1/sadasivan/student30/composable_kernel/build_new/CMakeFiles/CMakeScratch/TryCompile-ACXHjz

Run Build Command(s):/usr/bin/gmake -f Makefile cmTC_7d0b1/fast && /usr/bin/gmake  -f CMakeFiles/cmTC_7d0b1.dir/build.make CMakeFiles/cmTC_7d0b1.dir/build
gmake[1]: Entering directory '/work1/sadasivan/student30/composable_kernel/build_new/CMakeFiles/CMakeScratch/TryCompile-ACXHjz'
Building CXX object CMakeFiles/cmTC_7d0b1.dir/src.cxx.o
/opt/rocm-5.7.1/bin/hipcc -DCOMPILER_HAS_TARGET_ID_gfx940  -std=c++17 -O3 -ftemplate-backtrace-limit=0  -fPIE  -Wno-gnu-line-marker    -xhip --offload-arch=gfx940 -MD -MT CMakeFiles/cmTC_7d0b1.dir/src.cxx.o -MF CMakeFiles/cmTC_7d0b1.dir/src.cxx.o.d -o CMakeFiles/cmTC_7d0b1.dir/src.cxx.o -c /work1/sadasivan/student30/composable_kernel/build_new/CMakeFiles/CMakeScratch/TryCompile-ACXHjz/src.cxx
Linking CXX executable cmTC_7d0b1
/opt/ohpc/pub/utils/cmake/3.25.2/bin/cmake -E cmake_link_script CMakeFiles/cmTC_7d0b1.dir/link.txt --verbose=1
/opt/rocm-5.7.1/bin/hipcc -std=c++17 -O3 -ftemplate-backtrace-limit=0  -fPIE  -Wno-gnu-line-marker  CMakeFiles/cmTC_7d0b1.dir/src.cxx.o -o cmTC_7d0b1 
gmake[1]: Leaving directory '/work1/sadasivan/student30/composable_kernel/build_new/CMakeFiles/CMakeScratch/TryCompile-ACXHjz'


Source file was:
int main() { return 0; }

Performing C++ SOURCE FILE Test COMPILER_HAS_TARGET_ID_gfx941 succeeded with the following output:
Change Dir: /work1/sadasivan/student30/composable_kernel/build_new/CMakeFiles/CMakeScratch/TryCompile-eHmHOW

Run Build Command(s):/usr/bin/gmake -f Makefile cmTC_89a08/fast && /usr/bin/gmake  -f CMakeFiles/cmTC_89a08.dir/build.make CMakeFiles/cmTC_89a08.dir/build
gmake[1]: Entering directory '/work1/sadasivan/student30/composable_kernel/build_new/CMakeFiles/CMakeScratch/TryCompile-eHmHOW'
Building CXX object CMakeFiles/cmTC_89a08.dir/src.cxx.o
/opt/rocm-5.7.1/bin/hipcc -DCOMPILER_HAS_TARGET_ID_gfx941  -std=c++17 -O3 -ftemplate-backtrace-limit=0  -fPIE  -Wno-gnu-line-marker    -xhip --offload-arch=gfx941 -MD -MT CMakeFiles/cmTC_89a08.dir/src.cxx.o -MF CMakeFiles/cmTC_89a08.dir/src.cxx.o.d -o CMakeFiles/cmTC_89a08.dir/src.cxx.o -c /work1/sadasivan/student30/composable_kernel/build_new/CMakeFiles/CMakeScratch/TryCompile-eHmHOW/src.cxx
Linking CXX executable cmTC_89a08
/opt/ohpc/pub/utils/cmake/3.25.2/bin/cmake -E cmake_link_script CMakeFiles/cmTC_89a08.dir/link.txt --verbose=1
/opt/rocm-5.7.1/bin/hipcc -std=c++17 -O3 -ftemplate-backtrace-limit=0  -fPIE  -Wno-gnu-line-marker  CMakeFiles/cmTC_89a08.dir/src.cxx.o -o cmTC_89a08 
gmake[1]: Leaving directory '/work1/sadasivan/student30/composable_kernel/build_new/CMakeFiles/CMakeScratch/TryCompile-eHmHOW'


Source file was:
int main() { return 0; }

Performing C++ SOURCE FILE Test COMPILER_HAS_TARGET_ID_gfx942 succeeded with the following output:
Change Dir: /work1/sadasivan/student30/composable_kernel/build_new/CMakeFiles/CMakeScratch/TryCompile-W7DZBE

Run Build Command(s):/usr/bin/gmake -f Makefile cmTC_5645a/fast && /usr/bin/gmake  -f CMakeFiles/cmTC_5645a.dir/build.make CMakeFiles/cmTC_5645a.dir/build
gmake[1]: Entering directory '/work1/sadasivan/student30/composable_kernel/build_new/CMakeFiles/CMakeScratch/TryCompile-W7DZBE'
Building CXX object CMakeFiles/cmTC_5645a.dir/src.cxx.o
/opt/rocm-5.7.1/bin/hipcc -DCOMPILER_HAS_TARGET_ID_gfx942  -std=c++17 -O3 -ftemplate-backtrace-limit=0  -fPIE  -Wno-gnu-line-marker    -xhip --offload-arch=gfx942 -MD -MT CMakeFiles/cmTC_5645a.dir/src.cxx.o -MF CMakeFiles/cmTC_5645a.dir/src.cxx.o.d -o CMakeFiles/cmTC_5645a.dir/src.cxx.o -c /work1/sadasivan/student30/composable_kernel/build_new/CMakeFiles/CMakeScratch/TryCompile-W7DZBE/src.cxx
Linking CXX executable cmTC_5645a
/opt/ohpc/pub/utils/cmake/3.25.2/bin/cmake -E cmake_link_script CMakeFiles/cmTC_5645a.dir/link.txt --verbose=1
/opt/rocm-5.7.1/bin/hipcc -std=c++17 -O3 -ftemplate-backtrace-limit=0  -fPIE  -Wno-gnu-line-marker  CMakeFiles/cmTC_5645a.dir/src.cxx.o -o cmTC_5645a 
gmake[1]: Leaving directory '/work1/sadasivan/student30/composable_kernel/build_new/CMakeFiles/CMakeScratch/TryCompile-W7DZBE'


Source file was:
int main() { return 0; }

Performing C++ SOURCE FILE Test COMPILER_HAS_TARGET_ID_gfx1030 succeeded with the following output:
Change Dir: /work1/sadasivan/student30/composable_kernel/build_new/CMakeFiles/CMakeScratch/TryCompile-FYi5qB

Run Build Command(s):/usr/bin/gmake -f Makefile cmTC_75f84/fast && /usr/bin/gmake  -f CMakeFiles/cmTC_75f84.dir/build.make CMakeFiles/cmTC_75f84.dir/build
gmake[1]: Entering directory '/work1/sadasivan/student30/composable_kernel/build_new/CMakeFiles/CMakeScratch/TryCompile-FYi5qB'
Building CXX object CMakeFiles/cmTC_75f84.dir/src.cxx.o
/opt/rocm-5.7.1/bin/hipcc -DCOMPILER_HAS_TARGET_ID_gfx1030  -std=c++17 -O3 -ftemplate-backtrace-limit=0  -fPIE  -Wno-gnu-line-marker    -xhip --offload-arch=gfx1030 -MD -MT CMakeFiles/cmTC_75f84.dir/src.cxx.o -MF CMakeFiles/cmTC_75f84.dir/src.cxx.o.d -o CMakeFiles/cmTC_75f84.dir/src.cxx.o -c /work1/sadasivan/student30/composable_kernel/build_new/CMakeFiles/CMakeScratch/TryCompile-FYi5qB/src.cxx
Linking CXX executable cmTC_75f84
/opt/ohpc/pub/utils/cmake/3.25.2/bin/cmake -E cmake_link_script CMakeFiles/cmTC_75f84.dir/link.txt --verbose=1
/opt/rocm-5.7.1/bin/hipcc -std=c++17 -O3 -ftemplate-backtrace-limit=0  -fPIE  -Wno-gnu-line-marker  CMakeFiles/cmTC_75f84.dir/src.cxx.o -o cmTC_75f84 
gmake[1]: Leaving directory '/work1/sadasivan/student30/composable_kernel/build_new/CMakeFiles/CMakeScratch/TryCompile-FYi5qB'


Source file was:
int main() { return 0; }

Performing C++ SOURCE FILE Test COMPILER_HAS_TARGET_ID_gfx1100 succeeded with the following output:
Change Dir: /work1/sadasivan/student30/composable_kernel/build_new/CMakeFiles/CMakeScratch/TryCompile-aWBGqw

Run Build Command(s):/usr/bin/gmake -f Makefile cmTC_51efb/fast && /usr/bin/gmake  -f CMakeFiles/cmTC_51efb.dir/build.make CMakeFiles/cmTC_51efb.dir/build
gmake[1]: Entering directory '/work1/sadasivan/student30/composable_kernel/build_new/CMakeFiles/CMakeScratch/TryCompile-aWBGqw'
Building CXX object CMakeFiles/cmTC_51efb.dir/src.cxx.o
/opt/rocm-5.7.1/bin/hipcc -DCOMPILER_HAS_TARGET_ID_gfx1100  -std=c++17 -O3 -ftemplate-backtrace-limit=0  -fPIE  -Wno-gnu-line-marker    -xhip --offload-arch=gfx1100 -MD -MT CMakeFiles/cmTC_51efb.dir/src.cxx.o -MF CMakeFiles/cmTC_51efb.dir/src.cxx.o.d -o CMakeFiles/cmTC_51efb.dir/src.cxx.o -c /work1/sadasivan/student30/composable_kernel/build_new/CMakeFiles/CMakeScratch/TryCompile-aWBGqw/src.cxx
Linking CXX executable cmTC_51efb
/opt/ohpc/pub/utils/cmake/3.25.2/bin/cmake -E cmake_link_script CMakeFiles/cmTC_51efb.dir/link.txt --verbose=1
/opt/rocm-5.7.1/bin/hipcc -std=c++17 -O3 -ftemplate-backtrace-limit=0  -fPIE  -Wno-gnu-line-marker  CMakeFiles/cmTC_51efb.dir/src.cxx.o -o cmTC_51efb 
gmake[1]: Leaving directory '/work1/sadasivan/student30/composable_kernel/build_new/CMakeFiles/CMakeScratch/TryCompile-aWBGqw'


Source file was:
int main() { return 0; }

Performing C++ SOURCE FILE Test COMPILER_HAS_TARGET_ID_gfx1101 succeeded with the following output:
Change Dir: /work1/sadasivan/student30/composable_kernel/build_new/CMakeFiles/CMakeScratch/TryCompile-8G6YJm

Run Build Command(s):/usr/bin/gmake -f Makefile cmTC_aea7e/fast && /usr/bin/gmake  -f CMakeFiles/cmTC_aea7e.dir/build.make CMakeFiles/cmTC_aea7e.dir/build
gmake[1]: Entering directory '/work1/sadasivan/student30/composable_kernel/build_new/CMakeFiles/CMakeScratch/TryCompile-8G6YJm'
Building CXX object CMakeFiles/cmTC_aea7e.dir/src.cxx.o
/opt/rocm-5.7.1/bin/hipcc -DCOMPILER_HAS_TARGET_ID_gfx1101  -std=c++17 -O3 -ftemplate-backtrace-limit=0  -fPIE  -Wno-gnu-line-marker    -xhip --offload-arch=gfx1101 -MD -MT CMakeFiles/cmTC_aea7e.dir/src.cxx.o -MF CMakeFiles/cmTC_aea7e.dir/src.cxx.o.d -o CMakeFiles/cmTC_aea7e.dir/src.cxx.o -c /work1/sadasivan/student30/composable_kernel/build_new/CMakeFiles/CMakeScratch/TryCompile-8G6YJm/src.cxx
Linking CXX executable cmTC_aea7e
/opt/ohpc/pub/utils/cmake/3.25.2/bin/cmake -E cmake_link_script CMakeFiles/cmTC_aea7e.dir/link.txt --verbose=1
/opt/rocm-5.7.1/bin/hipcc -std=c++17 -O3 -ftemplate-backtrace-limit=0  -fPIE  -Wno-gnu-line-marker  CMakeFiles/cmTC_aea7e.dir/src.cxx.o -o cmTC_aea7e 
gmake[1]: Leaving directory '/work1/sadasivan/student30/composable_kernel/build_new/CMakeFiles/CMakeScratch/TryCompile-8G6YJm'


Source file was:
int main() { return 0; }

Performing C++ SOURCE FILE Test COMPILER_HAS_TARGET_ID_gfx1102 succeeded with the following output:
Change Dir: /work1/sadasivan/student30/composable_kernel/build_new/CMakeFiles/CMakeScratch/TryCompile-6QWVr6

Run Build Command(s):/usr/bin/gmake -f Makefile cmTC_3c3ac/fast && /usr/bin/gmake  -f CMakeFiles/cmTC_3c3ac.dir/build.make CMakeFiles/cmTC_3c3ac.dir/build
gmake[1]: Entering directory '/work1/sadasivan/student30/composable_kernel/build_new/CMakeFiles/CMakeScratch/TryCompile-6QWVr6'
Building CXX object CMakeFiles/cmTC_3c3ac.dir/src.cxx.o
/opt/rocm-5.7.1/bin/hipcc -DCOMPILER_HAS_TARGET_ID_gfx1102  -std=c++17 -O3 -ftemplate-backtrace-limit=0  -fPIE  -Wno-gnu-line-marker    -xhip --offload-arch=gfx1102 -MD -MT CMakeFiles/cmTC_3c3ac.dir/src.cxx.o -MF CMakeFiles/cmTC_3c3ac.dir/src.cxx.o.d -o CMakeFiles/cmTC_3c3ac.dir/src.cxx.o -c /work1/sadasivan/student30/composable_kernel/build_new/CMakeFiles/CMakeScratch/TryCompile-6QWVr6/src.cxx
Linking CXX executable cmTC_3c3ac
/opt/ohpc/pub/utils/cmake/3.25.2/bin/cmake -E cmake_link_script CMakeFiles/cmTC_3c3ac.dir/link.txt --verbose=1
/opt/rocm-5.7.1/bin/hipcc -std=c++17 -O3 -ftemplate-backtrace-limit=0  -fPIE  -Wno-gnu-line-marker  CMakeFiles/cmTC_3c3ac.dir/src.cxx.o -o cmTC_3c3ac 
gmake[1]: Leaving directory '/work1/sadasivan/student30/composable_kernel/build_new/CMakeFiles/CMakeScratch/TryCompile-6QWVr6'


Source file was:
int main() { return 0; }

Performing C SOURCE FILE Test CMAKE_HAVE_LIBC_PTHREAD succeeded with the following output:
Change Dir: /work1/sadasivan/student30/composable_kernel/build_new/CMakeFiles/CMakeScratch/TryCompile-6x38Eg

Run Build Command(s):/usr/bin/gmake -f Makefile cmTC_1512d/fast && /usr/bin/gmake  -f CMakeFiles/cmTC_1512d.dir/build.make CMakeFiles/cmTC_1512d.dir/build
gmake[1]: Entering directory '/work1/sadasivan/student30/composable_kernel/build_new/CMakeFiles/CMakeScratch/TryCompile-6x38Eg'
Building C object CMakeFiles/cmTC_1512d.dir/src.c.o
/opt/ohpc/pub/compiler/gcc/12.2.0/bin/cc -DCMAKE_HAVE_LIBC_PTHREAD   -o CMakeFiles/cmTC_1512d.dir/src.c.o -c /work1/sadasivan/student30/composable_kernel/build_new/CMakeFiles/CMakeScratch/TryCompile-6x38Eg/src.c
Linking C executable cmTC_1512d
/opt/ohpc/pub/utils/cmake/3.25.2/bin/cmake -E cmake_link_script CMakeFiles/cmTC_1512d.dir/link.txt --verbose=1
/opt/ohpc/pub/compiler/gcc/12.2.0/bin/cc CMakeFiles/cmTC_1512d.dir/src.c.o -o cmTC_1512d 
gmake[1]: Leaving directory '/work1/sadasivan/student30/composable_kernel/build_new/CMakeFiles/CMakeScratch/TryCompile-6x38Eg'


Source file was:
#include <pthread.h>

static void* test_func(void* data)
{
  return data;
}

int main(void)
{
  pthread_t thread;
  pthread_create(&thread, NULL, test_func, NULL);
  pthread_detach(thread);
  pthread_cancel(thread);
  pthread_join(thread, NULL);
  pthread_atfork(NULL, NULL, NULL);
  pthread_exit(NULL);

  return 0;
}


Performing C++ SOURCE FILE Test HIP_CLANG_SUPPORTS_PARALLEL_JOBS succeeded with the following output:
Change Dir: /work1/sadasivan/student30/composable_kernel/build_new/CMakeFiles/CMakeScratch/TryCompile-RuEatX

Run Build Command(s):/usr/bin/gmake -f Makefile cmTC_30752/fast && /usr/bin/gmake  -f CMakeFiles/cmTC_30752.dir/build.make CMakeFiles/cmTC_30752.dir/build
gmake[1]: Entering directory '/work1/sadasivan/student30/composable_kernel/build_new/CMakeFiles/CMakeScratch/TryCompile-RuEatX'
Building CXX object CMakeFiles/cmTC_30752.dir/src.cxx.o
/opt/rocm-5.7.1/bin/hipcc -DHIP_CLANG_SUPPORTS_PARALLEL_JOBS  -std=c++17 -O3 -ftemplate-backtrace-limit=0  -fPIE  -Wno-gnu-line-marker    -parallel-jobs=1 -MD -MT CMakeFiles/cmTC_30752.dir/src.cxx.o -MF CMakeFiles/cmTC_30752.dir/src.cxx.o.d -o CMakeFiles/cmTC_30752.dir/src.cxx.o -c /work1/sadasivan/student30/composable_kernel/build_new/CMakeFiles/CMakeScratch/TryCompile-RuEatX/src.cxx
Linking CXX executable cmTC_30752
/opt/ohpc/pub/utils/cmake/3.25.2/bin/cmake -E cmake_link_script CMakeFiles/cmTC_30752.dir/link.txt --verbose=1
/opt/rocm-5.7.1/bin/hipcc -std=c++17 -O3 -ftemplate-backtrace-limit=0  -fPIE  -Wno-gnu-line-marker  CMakeFiles/cmTC_30752.dir/src.cxx.o -o cmTC_30752 
gmake[1]: Leaving directory '/work1/sadasivan/student30/composable_kernel/build_new/CMakeFiles/CMakeScratch/TryCompile-RuEatX'


Source file was:
int main() { return 0; }

