Resolving rocprof
ROC Profiler:  /opt/rocm-5.7.1/bin/rocprof

-------------
Profile only
-------------

omniperf ver:  1.0.10
Path:  /work1/sadasivan/student30/composable_kernel/build_new/workloads
Target:  mi100
Command:  bin/example_tall_and_skinny_gemm_splitk_fp16 1 2 1 231
Kernel Selection:  None
Dispatch Selection:  None
IP Blocks: All
KernelName verbose level:  2
Log:  /work1/sadasivan/student30/composable_kernel/build_new/workloads/result//mi100/log.txt

/work1/sadasivan/student30/composable_kernel/build_new/workloads/result//mi100/perfmon/pmc_perf_16.txt
RUNNING WITH CUSTOM METRICS
RPL: on '240516_221105' from '/opt/rocm-5.7.1' in '/work1/sadasivan/student30/composable_kernel/build_new'
RPL: profiling '""bin/example_tall_and_skinny_gemm_splitk_fp16 1 2 1 231""'
RPL: input file '/work1/sadasivan/student30/composable_kernel/build_new/workloads/result//mi100/perfmon/pmc_perf_16.txt'
RPL: output dir '/tmp/rpl_data_240516_221105_3412244'
RPL: result dir '/tmp/rpl_data_240516_221105_3412244/input0_results_240516_221105'
a_m_k: dim 2, lengths {16, 1024}, strides {1024, 1}
b_k_n: dim 2, lengths {1024, 16}, strides {16, 1}
c_m_n: dim 2, lengths {16, 16}, strides {16, 1}
ROCProfiler: input from "/tmp/rpl_data_240516_221105_3412244/input0.xml"
  gpu_index = 
  kernel = 
  range = 
  96 metrics
    TCC_RW_REQ[0], TCC_TOO_MANY_EA_WRREQS_STALL[0], TCC_WRITE[0], TCC_RW_REQ[1], TCC_TOO_MANY_EA_WRREQS_STALL[1], TCC_WRITE[1], TCC_RW_REQ[2], TCC_TOO_MANY_EA_WRREQS_STALL[2], TCC_WRITE[2], TCC_RW_REQ[3], TCC_TOO_MANY_EA_WRREQS_STALL[3], TCC_WRITE[3], TCC_RW_REQ[4], TCC_TOO_MANY_EA_WRREQS_STALL[4], TCC_WRITE[4], TCC_RW_REQ[5], TCC_TOO_MANY_EA_WRREQS_STALL[5], TCC_WRITE[5], TCC_RW_REQ[6], TCC_TOO_MANY_EA_WRREQS_STALL[6], TCC_WRITE[6], TCC_RW_REQ[7], TCC_TOO_MANY_EA_WRREQS_STALL[7], TCC_WRITE[7], TCC_RW_REQ[8], TCC_TOO_MANY_EA_WRREQS_STALL[8], TCC_WRITE[8], TCC_RW_REQ[9], TCC_TOO_MANY_EA_WRREQS_STALL[9], TCC_WRITE[9], TCC_RW_REQ[10], TCC_TOO_MANY_EA_WRREQS_STALL[10], TCC_WRITE[10], TCC_RW_REQ[11], TCC_TOO_MANY_EA_WRREQS_STALL[11], TCC_WRITE[11], TCC_RW_REQ[12], TCC_TOO_MANY_EA_WRREQS_STALL[12], TCC_WRITE[12], TCC_RW_REQ[13], TCC_TOO_MANY_EA_WRREQS_STALL[13], TCC_WRITE[13], TCC_RW_REQ[14], TCC_TOO_MANY_EA_WRREQS_STALL[14], TCC_WRITE[14], TCC_RW_REQ[15], TCC_TOO_MANY_EA_WRREQS_STALL[15], TCC_WRITE[15], TCC_RW_REQ[16], TCC_TOO_MANY_EA_WRREQS_STALL[16], TCC_WRITE[16], TCC_RW_REQ[17], TCC_TOO_MANY_EA_WRREQS_STALL[17], TCC_WRITE[17], TCC_RW_REQ[18], TCC_TOO_MANY_EA_WRREQS_STALL[18], TCC_WRITE[18], TCC_RW_REQ[19], TCC_TOO_MANY_EA_WRREQS_STALL[19], TCC_WRITE[19], TCC_RW_REQ[20], TCC_TOO_MANY_EA_WRREQS_STALL[20], TCC_WRITE[20], TCC_RW_REQ[21], TCC_TOO_MANY_EA_WRREQS_STALL[21], TCC_WRITE[21], TCC_RW_REQ[22], TCC_TOO_MANY_EA_WRREQS_STALL[22], TCC_WRITE[22], TCC_RW_REQ[23], TCC_TOO_MANY_EA_WRREQS_STALL[23], TCC_WRITE[23], TCC_RW_REQ[24], TCC_TOO_MANY_EA_WRREQS_STALL[24], TCC_WRITE[24], TCC_RW_REQ[25], TCC_TOO_MANY_EA_WRREQS_STALL[25], TCC_WRITE[25], TCC_RW_REQ[26], TCC_TOO_MANY_EA_WRREQS_STALL[26], TCC_WRITE[26], TCC_RW_REQ[27], TCC_TOO_MANY_EA_WRREQS_STALL[27], TCC_WRITE[27], TCC_RW_REQ[28], TCC_TOO_MANY_EA_WRREQS_STALL[28], TCC_WRITE[28], TCC_RW_REQ[29], TCC_TOO_MANY_EA_WRREQS_STALL[29], TCC_WRITE[29], TCC_RW_REQ[30], TCC_TOO_MANY_EA_WRREQS_STALL[30], TCC_WRITE[30], TCC_RW_REQ[31], TCC_TOO_MANY_EA_WRREQS_STALL[31], TCC_WRITE[31]
Perf: 0.274065 ms, 0.00191301 TFlops, 0.240994 GB/s, deviceTsmmDl<64, 16, 128, 4, 2, 16, 2, 1>
Error: Incorrect results!        out[0] != ref[0]: 23.75 != 23.78125
Error: Incorrect results!        out[2] != ref[2]: 6.238281 != 6.253906
Error: Incorrect results!        out[3] != ref[3]: 14.22656 != 14.20312
Error: Incorrect results!        out[5] != ref[5]: 0.5615234 != 0.5678711
max err: 0.0625, number of errors: 137, 53.51562% wrong values

ROCPRofiler: 15 contexts collected, output directory /tmp/rpl_data_240516_221105_3412244/input0_results_240516_221105
File '/work1/sadasivan/student30/composable_kernel/build_new/workloads/result//mi100/pmc_perf_16.csv' is generating
/work1/sadasivan/student30/composable_kernel/build_new/workloads/result//mi100/perfmon/SQ_INST_LEVEL_VMEM.txt
RUNNING WITH CUSTOM METRICS
RPL: on '240516_221106' from '/opt/rocm-5.7.1' in '/work1/sadasivan/student30/composable_kernel/build_new'
RPL: profiling '""bin/example_tall_and_skinny_gemm_splitk_fp16 1 2 1 231""'
RPL: input file '/work1/sadasivan/student30/composable_kernel/build_new/workloads/result//mi100/perfmon/SQ_INST_LEVEL_VMEM.txt'
RPL: output dir '/tmp/rpl_data_240516_221106_3412573'
RPL: result dir '/tmp/rpl_data_240516_221106_3412573/input0_results_240516_221106'
a_m_k: dim 2, lengths {16, 1024}, strides {1024, 1}
b_k_n: dim 2, lengths {1024, 16}, strides {16, 1}
c_m_n: dim 2, lengths {16, 16}, strides {16, 1}
ROCProfiler: input from "/tmp/rpl_data_240516_221106_3412573/input0.xml"
  gpu_index = 
  kernel = 
  range = 
  3 metrics
    SQ_INSTS_VMEM, SQ_INST_LEVEL_VMEM, SQ_ACCUM_PREV_HIRES
Perf: 0.138593 ms, 0.00378294 TFlops, 0.476562 GB/s, deviceTsmmDl<64, 16, 128, 4, 2, 16, 2, 1>
Error: Incorrect results!        out[0] != ref[0]: 23.82812 != 23.78125
Error: Incorrect results!        out[3] != ref[3]: 14.17969 != 14.20312
Error: Incorrect results!        out[4] != ref[4]: -3.644531 != -3.685547
Error: Incorrect results!        out[5] != ref[5]: 0.5654297 != 0.5678711
max err: 0.078125, number of errors: 139, 54.29688% wrong values

ROCPRofiler: 15 contexts collected, output directory /tmp/rpl_data_240516_221106_3412573/input0_results_240516_221106
File '/work1/sadasivan/student30/composable_kernel/build_new/workloads/result//mi100/SQ_INST_LEVEL_VMEM.csv' is generating
/work1/sadasivan/student30/composable_kernel/build_new/workloads/result//mi100/perfmon/pmc_perf_6.txt
RUNNING WITH CUSTOM METRICS
RPL: on '240516_221107' from '/opt/rocm-5.7.1' in '/work1/sadasivan/student30/composable_kernel/build_new'
RPL: profiling '""bin/example_tall_and_skinny_gemm_splitk_fp16 1 2 1 231""'
RPL: input file '/work1/sadasivan/student30/composable_kernel/build_new/workloads/result//mi100/perfmon/pmc_perf_6.txt'
RPL: output dir '/tmp/rpl_data_240516_221107_3412901'
RPL: result dir '/tmp/rpl_data_240516_221107_3412901/input0_results_240516_221107'
a_m_k: dim 2, lengths {16, 1024}, strides {1024, 1}
b_k_n: dim 2, lengths {1024, 16}, strides {16, 1}
c_m_n: dim 2, lengths {16, 16}, strides {16, 1}
ROCProfiler: input from "/tmp/rpl_data_240516_221107_3412901/input0.xml"
  gpu_index = 
  kernel = 
  range = 
  20 metrics
    SQ_ACTIVE_INST_MISC, SQ_ACTIVE_INST_FLAT, SQ_INST_CYCLES_VMEM_WR, SQ_INST_CYCLES_VMEM_RD, SQ_INST_CYCLES_SMEM, SQ_INST_CYCLES_SALU, SQ_THREAD_CYCLES_VALU, SQ_IFETCH, TCP_TCC_WRITE_REQ_sum, TCP_TCC_ATOMIC_WITH_RET_REQ_sum, TCP_TCC_ATOMIC_WITHOUT_RET_REQ_sum, TCP_TCC_NC_READ_REQ_sum, TA_FLAT_WAVEFRONTS_sum, TA_FLAT_READ_WAVEFRONTS_sum, SPI_RA_BAR_CU_FULL_CSN, SPI_RA_TGLIM_CU_FULL_CSN, TCC_EA_ATOMIC_sum, TCC_EA_RDREQ_sum, TCC_EA_RDREQ_32B_sum, TCC_EA_RD_UNCACHED_32B_sum
Perf: 0.558049 ms, 0.000939502 TFlops, 0.118355 GB/s, deviceTsmmDl<64, 16, 128, 4, 2, 16, 2, 1>
Error: Incorrect results!        out[1] != ref[1]: -6.601562 != -6.621094
Error: Incorrect results!        out[3] != ref[3]: 14.17188 != 14.20312
Error: Incorrect results!        out[5] != ref[5]: 0.5507812 != 0.5678711
Error: Incorrect results!        out[6] != ref[6]: 0.9970703 != 1.007812
max err: 0.09375, number of errors: 140, 54.6875% wrong values

ROCPRofiler: 15 contexts collected, output directory /tmp/rpl_data_240516_221107_3412901/input0_results_240516_221107
File '/work1/sadasivan/student30/composable_kernel/build_new/workloads/result//mi100/pmc_perf_6.csv' is generating
/work1/sadasivan/student30/composable_kernel/build_new/workloads/result//mi100/perfmon/SQ_INST_LEVEL_LDS.txt
RUNNING WITH CUSTOM METRICS
RPL: on '240516_221107' from '/opt/rocm-5.7.1' in '/work1/sadasivan/student30/composable_kernel/build_new'
RPL: profiling '""bin/example_tall_and_skinny_gemm_splitk_fp16 1 2 1 231""'
RPL: input file '/work1/sadasivan/student30/composable_kernel/build_new/workloads/result//mi100/perfmon/SQ_INST_LEVEL_LDS.txt'
RPL: output dir '/tmp/rpl_data_240516_221107_3413229'
RPL: result dir '/tmp/rpl_data_240516_221107_3413229/input0_results_240516_221107'
a_m_k: dim 2, lengths {16, 1024}, strides {1024, 1}
b_k_n: dim 2, lengths {1024, 16}, strides {16, 1}
c_m_n: dim 2, lengths {16, 16}, strides {16, 1}
ROCProfiler: input from "/tmp/rpl_data_240516_221107_3413229/input0.xml"
  gpu_index = 
  kernel = 
  range = 
  3 metrics
    SQ_INSTS_LDS, SQ_INST_LEVEL_LDS, SQ_ACCUM_PREV_HIRES
Perf: 0.137168 ms, 0.00382222 TFlops, 0.48151 GB/s, deviceTsmmDl<64, 16, 128, 4, 2, 16, 2, 1>
Error: Incorrect results!        out[2] != ref[2]: 6.261719 != 6.253906
Error: Incorrect results!        out[4] != ref[4]: -3.671875 != -3.685547
Error: Incorrect results!        out[5] != ref[5]: 0.5585938 != 0.5678711
Error: Incorrect results!        out[6] != ref[6]: 1.003906 != 1.007812
max err: 0.0703125, number of errors: 132, 51.5625% wrong values

ROCPRofiler: 15 contexts collected, output directory /tmp/rpl_data_240516_221107_3413229/input0_results_240516_221107
File '/work1/sadasivan/student30/composable_kernel/build_new/workloads/result//mi100/SQ_INST_LEVEL_LDS.csv' is generating
/work1/sadasivan/student30/composable_kernel/build_new/workloads/result//mi100/perfmon/pmc_perf_14.txt
RUNNING WITH CUSTOM METRICS
RPL: on '240516_221108' from '/opt/rocm-5.7.1' in '/work1/sadasivan/student30/composable_kernel/build_new'
RPL: profiling '""bin/example_tall_and_skinny_gemm_splitk_fp16 1 2 1 231""'
RPL: input file '/work1/sadasivan/student30/composable_kernel/build_new/workloads/result//mi100/perfmon/pmc_perf_14.txt'
RPL: output dir '/tmp/rpl_data_240516_221108_3413559'
RPL: result dir '/tmp/rpl_data_240516_221108_3413559/input0_results_240516_221108'
a_m_k: dim 2, lengths {16, 1024}, strides {1024, 1}
b_k_n: dim 2, lengths {1024, 16}, strides {16, 1}
c_m_n: dim 2, lengths {16, 16}, strides {16, 1}
ROCProfiler: input from "/tmp/rpl_data_240516_221108_3413559/input0.xml"
  gpu_index = 
  kernel = 
  range = 
  128 metrics
    TCC_EA_WRREQ_DRAM_CREDIT_STALL[0], TCC_EA_WRREQ_GMI_CREDIT_STALL[0], TCC_EA_WRREQ_IO_CREDIT_STALL[0], TCC_EA_WRREQ_LEVEL[0], TCC_EA_WRREQ_DRAM_CREDIT_STALL[1], TCC_EA_WRREQ_GMI_CREDIT_STALL[1], TCC_EA_WRREQ_IO_CREDIT_STALL[1], TCC_EA_WRREQ_LEVEL[1], TCC_EA_WRREQ_DRAM_CREDIT_STALL[2], TCC_EA_WRREQ_GMI_CREDIT_STALL[2], TCC_EA_WRREQ_IO_CREDIT_STALL[2], TCC_EA_WRREQ_LEVEL[2], TCC_EA_WRREQ_DRAM_CREDIT_STALL[3], TCC_EA_WRREQ_GMI_CREDIT_STALL[3], TCC_EA_WRREQ_IO_CREDIT_STALL[3], TCC_EA_WRREQ_LEVEL[3], TCC_EA_WRREQ_DRAM_CREDIT_STALL[4], TCC_EA_WRREQ_GMI_CREDIT_STALL[4], TCC_EA_WRREQ_IO_CREDIT_STALL[4], TCC_EA_WRREQ_LEVEL[4], TCC_EA_WRREQ_DRAM_CREDIT_STALL[5], TCC_EA_WRREQ_GMI_CREDIT_STALL[5], TCC_EA_WRREQ_IO_CREDIT_STALL[5], TCC_EA_WRREQ_LEVEL[5], TCC_EA_WRREQ_DRAM_CREDIT_STALL[6], TCC_EA_WRREQ_GMI_CREDIT_STALL[6], TCC_EA_WRREQ_IO_CREDIT_STALL[6], TCC_EA_WRREQ_LEVEL[6], TCC_EA_WRREQ_DRAM_CREDIT_STALL[7], TCC_EA_WRREQ_GMI_CREDIT_STALL[7], TCC_EA_WRREQ_IO_CREDIT_STALL[7], TCC_EA_WRREQ_LEVEL[7], TCC_EA_WRREQ_DRAM_CREDIT_STALL[8], TCC_EA_WRREQ_GMI_CREDIT_STALL[8], TCC_EA_WRREQ_IO_CREDIT_STALL[8], TCC_EA_WRREQ_LEVEL[8], TCC_EA_WRREQ_DRAM_CREDIT_STALL[9], TCC_EA_WRREQ_GMI_CREDIT_STALL[9], TCC_EA_WRREQ_IO_CREDIT_STALL[9], TCC_EA_WRREQ_LEVEL[9], TCC_EA_WRREQ_DRAM_CREDIT_STALL[10], TCC_EA_WRREQ_GMI_CREDIT_STALL[10], TCC_EA_WRREQ_IO_CREDIT_STALL[10], TCC_EA_WRREQ_LEVEL[10], TCC_EA_WRREQ_DRAM_CREDIT_STALL[11], TCC_EA_WRREQ_GMI_CREDIT_STALL[11], TCC_EA_WRREQ_IO_CREDIT_STALL[11], TCC_EA_WRREQ_LEVEL[11], TCC_EA_WRREQ_DRAM_CREDIT_STALL[12], TCC_EA_WRREQ_GMI_CREDIT_STALL[12], TCC_EA_WRREQ_IO_CREDIT_STALL[12], TCC_EA_WRREQ_LEVEL[12], TCC_EA_WRREQ_DRAM_CREDIT_STALL[13], TCC_EA_WRREQ_GMI_CREDIT_STALL[13], TCC_EA_WRREQ_IO_CREDIT_STALL[13], TCC_EA_WRREQ_LEVEL[13], TCC_EA_WRREQ_DRAM_CREDIT_STALL[14], TCC_EA_WRREQ_GMI_CREDIT_STALL[14], TCC_EA_WRREQ_IO_CREDIT_STALL[14], TCC_EA_WRREQ_LEVEL[14], TCC_EA_WRREQ_DRAM_CREDIT_STALL[15], TCC_EA_WRREQ_GMI_CREDIT_STALL[15], TCC_EA_WRREQ_IO_CREDIT_STALL[15], TCC_EA_WRREQ_LEVEL[15], TCC_EA_WRREQ_DRAM_CREDIT_STALL[16], TCC_EA_WRREQ_GMI_CREDIT_STALL[16], TCC_EA_WRREQ_IO_CREDIT_STALL[16], TCC_EA_WRREQ_LEVEL[16], TCC_EA_WRREQ_DRAM_CREDIT_STALL[17], TCC_EA_WRREQ_GMI_CREDIT_STALL[17], TCC_EA_WRREQ_IO_CREDIT_STALL[17], TCC_EA_WRREQ_LEVEL[17], TCC_EA_WRREQ_DRAM_CREDIT_STALL[18], TCC_EA_WRREQ_GMI_CREDIT_STALL[18], TCC_EA_WRREQ_IO_CREDIT_STALL[18], TCC_EA_WRREQ_LEVEL[18], TCC_EA_WRREQ_DRAM_CREDIT_STALL[19], TCC_EA_WRREQ_GMI_CREDIT_STALL[19], TCC_EA_WRREQ_IO_CREDIT_STALL[19], TCC_EA_WRREQ_LEVEL[19], TCC_EA_WRREQ_DRAM_CREDIT_STALL[20], TCC_EA_WRREQ_GMI_CREDIT_STALL[20], TCC_EA_WRREQ_IO_CREDIT_STALL[20], TCC_EA_WRREQ_LEVEL[20], TCC_EA_WRREQ_DRAM_CREDIT_STALL[21], TCC_EA_WRREQ_GMI_CREDIT_STALL[21], TCC_EA_WRREQ_IO_CREDIT_STALL[21], TCC_EA_WRREQ_LEVEL[21], TCC_EA_WRREQ_DRAM_CREDIT_STALL[22], TCC_EA_WRREQ_GMI_CREDIT_STALL[22], TCC_EA_WRREQ_IO_CREDIT_STALL[22], TCC_EA_WRREQ_LEVEL[22], TCC_EA_WRREQ_DRAM_CREDIT_STALL[23], TCC_EA_WRREQ_GMI_CREDIT_STALL[23], TCC_EA_WRREQ_IO_CREDIT_STALL[23], TCC_EA_WRREQ_LEVEL[23], TCC_EA_WRREQ_DRAM_CREDIT_STALL[24], TCC_EA_WRREQ_GMI_CREDIT_STALL[24], TCC_EA_WRREQ_IO_CREDIT_STALL[24], TCC_EA_WRREQ_LEVEL[24], TCC_EA_WRREQ_DRAM_CREDIT_STALL[25], TCC_EA_WRREQ_GMI_CREDIT_STALL[25], TCC_EA_WRREQ_IO_CREDIT_STALL[25], TCC_EA_WRREQ_LEVEL[25], TCC_EA_WRREQ_DRAM_CREDIT_STALL[26], TCC_EA_WRREQ_GMI_CREDIT_STALL[26], TCC_EA_WRREQ_IO_CREDIT_STALL[26], TCC_EA_WRREQ_LEVEL[26], TCC_EA_WRREQ_DRAM_CREDIT_STALL[27], TCC_EA_WRREQ_GMI_CREDIT_STALL[27], TCC_EA_WRREQ_IO_CREDIT_STALL[27], TCC_EA_WRREQ_LEVEL[27], TCC_EA_WRREQ_DRAM_CREDIT_STALL[28], TCC_EA_WRREQ_GMI_CREDIT_STALL[28], TCC_EA_WRREQ_IO_CREDIT_STALL[28], TCC_EA_WRREQ_LEVEL[28], TCC_EA_WRREQ_DRAM_CREDIT_STALL[29], TCC_EA_WRREQ_GMI_CREDIT_STALL[29], TCC_EA_WRREQ_IO_CREDIT_STALL[29], TCC_EA_WRREQ_LEVEL[29], TCC_EA_WRREQ_DRAM_CREDIT_STALL[30], TCC_EA_WRREQ_GMI_CREDIT_STALL[30], TCC_EA_WRREQ_IO_CREDIT_STALL[30], TCC_EA_WRREQ_LEVEL[30], TCC_EA_WRREQ_DRAM_CREDIT_STALL[31], TCC_EA_WRREQ_GMI_CREDIT_STALL[31], TCC_EA_WRREQ_IO_CREDIT_STALL[31], TCC_EA_WRREQ_LEVEL[31]
Perf: 0.313473 ms, 0.00167252 TFlops, 0.210698 GB/s, deviceTsmmDl<64, 16, 128, 4, 2, 16, 2, 1>
Error: Incorrect results!        out[0] != ref[0]: 23.73438 != 23.78125
Error: Incorrect results!        out[1] != ref[1]: -6.632812 != -6.621094
Error: Incorrect results!        out[2] != ref[2]: 6.261719 != 6.253906
Error: Incorrect results!        out[3] != ref[3]: 14.21875 != 14.20312
max err: 0.078125, number of errors: 148, 57.8125% wrong values

ROCPRofiler: 15 contexts collected, output directory /tmp/rpl_data_240516_221108_3413559/input0_results_240516_221108
File '/work1/sadasivan/student30/composable_kernel/build_new/workloads/result//mi100/pmc_perf_14.csv' is generating
/work1/sadasivan/student30/composable_kernel/build_new/workloads/result//mi100/perfmon/pmc_perf_4.txt
RUNNING WITH CUSTOM METRICS
RPL: on '240516_221108' from '/opt/rocm-5.7.1' in '/work1/sadasivan/student30/composable_kernel/build_new'
RPL: profiling '""bin/example_tall_and_skinny_gemm_splitk_fp16 1 2 1 231""'
RPL: input file '/work1/sadasivan/student30/composable_kernel/build_new/workloads/result//mi100/perfmon/pmc_perf_4.txt'
RPL: output dir '/tmp/rpl_data_240516_221108_3413886'
RPL: result dir '/tmp/rpl_data_240516_221108_3413886/input0_results_240516_221108'
a_m_k: dim 2, lengths {16, 1024}, strides {1024, 1}
b_k_n: dim 2, lengths {1024, 16}, strides {16, 1}
c_m_n: dim 2, lengths {16, 16}, strides {16, 1}
ROCProfiler: input from "/tmp/rpl_data_240516_221108_3413886/input0.xml"
  gpu_index = 
  kernel = 
  range = 
  22 metrics
    SQ_INSTS_FLAT, SQ_INSTS_LDS, SQ_INSTS_GDS, SQ_INSTS_EXP_GDS, SQ_INSTS_BRANCH, SQ_INSTS_SENDMSG, SQ_INSTS, SQ_WAIT_ANY, TCP_UTCL1_TRANSLATION_MISS_sum, TCP_UTCL1_TRANSLATION_HIT_sum, TCP_UTCL1_PERMISSION_MISS_sum, TCP_UTCL1_REQUEST_sum, TA_ADDR_STALLED_BY_TC_CYCLES_sum, TA_TOTAL_WAVEFRONTS_sum, SPI_RA_WAVE_SIMD_FULL_CSN, SPI_RA_VGPR_SIMD_FULL_CSN, CPC_CPC_UTCL2IU_STALL, CPC_ME1_BUSY_FOR_PACKET_DECODE, TCC_EA_WRREQ_sum, TCC_EA_WRREQ_64B_sum, TCC_EA_WR_UNCACHED_32B_sum, TCC_EA_WRREQ_STALL_sum
Perf: 0.559682 ms, 0.00093676 TFlops, 0.11801 GB/s, deviceTsmmDl<64, 16, 128, 4, 2, 16, 2, 1>
Error: Incorrect results!        out[2] != ref[2]: 6.265625 != 6.253906
Error: Incorrect results!        out[3] != ref[3]: 14.25 != 14.20312
Error: Incorrect results!        out[5] != ref[5]: 0.5703125 != 0.5678711
Error: Incorrect results!        out[6] != ref[6]: 1.003906 != 1.007812
max err: 0.078125, number of errors: 132, 51.5625% wrong values

ROCPRofiler: 15 contexts collected, output directory /tmp/rpl_data_240516_221108_3413886/input0_results_240516_221108
File '/work1/sadasivan/student30/composable_kernel/build_new/workloads/result//mi100/pmc_perf_4.csv' is generating
/work1/sadasivan/student30/composable_kernel/build_new/workloads/result//mi100/perfmon/pmc_perf_0.txt
RUNNING WITH CUSTOM METRICS
RPL: on '240516_221109' from '/opt/rocm-5.7.1' in '/work1/sadasivan/student30/composable_kernel/build_new'
RPL: profiling '""bin/example_tall_and_skinny_gemm_splitk_fp16 1 2 1 231""'
RPL: input file '/work1/sadasivan/student30/composable_kernel/build_new/workloads/result//mi100/perfmon/pmc_perf_0.txt'
RPL: output dir '/tmp/rpl_data_240516_221109_3414198'
RPL: result dir '/tmp/rpl_data_240516_221109_3414198/input0_results_240516_221109'
a_m_k: dim 2, lengths {16, 1024}, strides {1024, 1}
b_k_n: dim 2, lengths {1024, 16}, strides {16, 1}
c_m_n: dim 2, lengths {16, 16}, strides {16, 1}
ROCProfiler: input from "/tmp/rpl_data_240516_221109_3414198/input0.xml"
  gpu_index = 
  kernel = 
  range = 
  28 metrics
    SQ_CYCLES, SQ_BUSY_CYCLES, SQ_WAVES, SQ_BUSY_CU_CYCLES, SQ_WAVE_CYCLES, SQC_TC_INST_REQ, SQC_TC_DATA_READ_REQ, SQC_TC_DATA_WRITE_REQ, GRBM_COUNT, GRBM_GUI_ACTIVE, TCP_GATE_EN1_sum, TCP_GATE_EN2_sum, TCP_TD_TCP_STALL_CYCLES_sum, TCP_TCR_TCP_STALL_CYCLES_sum, TA_TA_BUSY_sum, TA_BUFFER_WAVEFRONTS_sum, TD_TD_BUSY_sum, TD_TC_STALL_sum, SPI_CSN_WINDOW_VALID, SPI_CSN_BUSY, CPC_CPC_STAT_BUSY, CPC_CPC_STAT_IDLE, CPF_CPF_STAT_BUSY, CPF_CPF_STAT_STALL, TCC_CYCLE_sum, TCC_BUSY_sum, TCC_PROBE_sum, TCC_PROBE_ALL_sum
Perf: 0.599233 ms, 0.000874931 TFlops, 0.110221 GB/s, deviceTsmmDl<64, 16, 128, 4, 2, 16, 2, 1>
Error: Incorrect results!        out[1] != ref[1]: -6.652344 != -6.621094
Error: Incorrect results!        out[4] != ref[4]: -3.679688 != -3.685547
Error: Incorrect results!        out[5] != ref[5]: 0.5556641 != 0.5678711
Error: Incorrect results!        out[7] != ref[7]: -4.007812 != -4.023438
max err: 0.078125, number of errors: 149, 58.20312% wrong values

ROCPRofiler: 15 contexts collected, output directory /tmp/rpl_data_240516_221109_3414198/input0_results_240516_221109
File '/work1/sadasivan/student30/composable_kernel/build_new/workloads/result//mi100/pmc_perf_0.csv' is generating
/work1/sadasivan/student30/composable_kernel/build_new/workloads/result//mi100/perfmon/pmc_perf_15.txt
RUNNING WITH CUSTOM METRICS
RPL: on '240516_221109' from '/opt/rocm-5.7.1' in '/work1/sadasivan/student30/composable_kernel/build_new'
RPL: profiling '""bin/example_tall_and_skinny_gemm_splitk_fp16 1 2 1 231""'
RPL: input file '/work1/sadasivan/student30/composable_kernel/build_new/workloads/result//mi100/perfmon/pmc_perf_15.txt'
RPL: output dir '/tmp/rpl_data_240516_221109_3414508'
RPL: result dir '/tmp/rpl_data_240516_221109_3414508/input0_results_240516_221109'
a_m_k: dim 2, lengths {16, 1024}, strides {1024, 1}
b_k_n: dim 2, lengths {1024, 16}, strides {16, 1}
c_m_n: dim 2, lengths {16, 16}, strides {16, 1}
ROCProfiler: input from "/tmp/rpl_data_240516_221109_3414508/input0.xml"
  gpu_index = 
  kernel = 
  range = 
  128 metrics
    TCC_HIT[0], TCC_MISS[0], TCC_READ[0], TCC_REQ[0], TCC_HIT[1], TCC_MISS[1], TCC_READ[1], TCC_REQ[1], TCC_HIT[2], TCC_MISS[2], TCC_READ[2], TCC_REQ[2], TCC_HIT[3], TCC_MISS[3], TCC_READ[3], TCC_REQ[3], TCC_HIT[4], TCC_MISS[4], TCC_READ[4], TCC_REQ[4], TCC_HIT[5], TCC_MISS[5], TCC_READ[5], TCC_REQ[5], TCC_HIT[6], TCC_MISS[6], TCC_READ[6], TCC_REQ[6], TCC_HIT[7], TCC_MISS[7], TCC_READ[7], TCC_REQ[7], TCC_HIT[8], TCC_MISS[8], TCC_READ[8], TCC_REQ[8], TCC_HIT[9], TCC_MISS[9], TCC_READ[9], TCC_REQ[9], TCC_HIT[10], TCC_MISS[10], TCC_READ[10], TCC_REQ[10], TCC_HIT[11], TCC_MISS[11], TCC_READ[11], TCC_REQ[11], TCC_HIT[12], TCC_MISS[12], TCC_READ[12], TCC_REQ[12], TCC_HIT[13], TCC_MISS[13], TCC_READ[13], TCC_REQ[13], TCC_HIT[14], TCC_MISS[14], TCC_READ[14], TCC_REQ[14], TCC_HIT[15], TCC_MISS[15], TCC_READ[15], TCC_REQ[15], TCC_HIT[16], TCC_MISS[16], TCC_READ[16], TCC_REQ[16], TCC_HIT[17], TCC_MISS[17], TCC_READ[17], TCC_REQ[17], TCC_HIT[18], TCC_MISS[18], TCC_READ[18], TCC_REQ[18], TCC_HIT[19], TCC_MISS[19], TCC_READ[19], TCC_REQ[19], TCC_HIT[20], TCC_MISS[20], TCC_READ[20], TCC_REQ[20], TCC_HIT[21], TCC_MISS[21], TCC_READ[21], TCC_REQ[21], TCC_HIT[22], TCC_MISS[22], TCC_READ[22], TCC_REQ[22], TCC_HIT[23], TCC_MISS[23], TCC_READ[23], TCC_REQ[23], TCC_HIT[24], TCC_MISS[24], TCC_READ[24], TCC_REQ[24], TCC_HIT[25], TCC_MISS[25], TCC_READ[25], TCC_REQ[25], TCC_HIT[26], TCC_MISS[26], TCC_READ[26], TCC_REQ[26], TCC_HIT[27], TCC_MISS[27], TCC_READ[27], TCC_REQ[27], TCC_HIT[28], TCC_MISS[28], TCC_READ[28], TCC_REQ[28], TCC_HIT[29], TCC_MISS[29], TCC_READ[29], TCC_REQ[29], TCC_HIT[30], TCC_MISS[30], TCC_READ[30], TCC_REQ[30], TCC_HIT[31], TCC_MISS[31], TCC_READ[31], TCC_REQ[31]
Perf: 0.257681 ms, 0.00203464 TFlops, 0.256317 GB/s, deviceTsmmDl<64, 16, 128, 4, 2, 16, 2, 1>
Error: Incorrect results!        out[1] != ref[1]: -6.628906 != -6.621094
Error: Incorrect results!        out[2] != ref[2]: 6.261719 != 6.253906
Error: Incorrect results!        out[4] != ref[4]: -3.679688 != -3.685547
Error: Incorrect results!        out[5] != ref[5]: 0.5708008 != 0.5678711
max err: 0.09375, number of errors: 151, 58.98438% wrong values

ROCPRofiler: 15 contexts collected, output directory /tmp/rpl_data_240516_221109_3414508/input0_results_240516_221109
File '/work1/sadasivan/student30/composable_kernel/build_new/workloads/result//mi100/pmc_perf_15.csv' is generating
/work1/sadasivan/student30/composable_kernel/build_new/workloads/result//mi100/perfmon/pmc_perf_8.txt
RUNNING WITH CUSTOM METRICS
RPL: on '240516_221110' from '/opt/rocm-5.7.1' in '/work1/sadasivan/student30/composable_kernel/build_new'
RPL: profiling '""bin/example_tall_and_skinny_gemm_splitk_fp16 1 2 1 231""'
RPL: input file '/work1/sadasivan/student30/composable_kernel/build_new/workloads/result//mi100/perfmon/pmc_perf_8.txt'
RPL: output dir '/tmp/rpl_data_240516_221110_3414818'
RPL: result dir '/tmp/rpl_data_240516_221110_3414818/input0_results_240516_221110'
a_m_k: dim 2, lengths {16, 1024}, strides {1024, 1}
b_k_n: dim 2, lengths {1024, 16}, strides {16, 1}
c_m_n: dim 2, lengths {16, 16}, strides {16, 1}
ROCProfiler: input from "/tmp/rpl_data_240516_221110_3414818/input0.xml"
  gpu_index = 
  kernel = 
  range = 
  17 metrics
    SQ_ITEMS, SQ_LDS_MEM_VIOLATIONS, SQ_LDS_ATOMIC_RETURN, SQ_LDS_IDX_ACTIVE, SQ_WAVES_RESTORED, SQ_WAVES_SAVED, SQ_INSTS_SMEM_NORM, TCP_TCC_UC_ATOMIC_REQ_sum, TCP_TCC_CC_READ_REQ_sum, TCP_TCC_CC_WRITE_REQ_sum, TCP_TCC_CC_ATOMIC_REQ_sum, SPI_VWC_CSC_WR, SPI_RA_BULKY_CU_FULL_CSN, TCC_NORMAL_WRITEBACK_sum, TCC_ALL_TC_OP_WB_WRITEBACK_sum, TCC_NORMAL_EVICT_sum, TCC_ALL_TC_OP_INV_EVICT_sum
Perf: 0.457602 ms, 0.00114573 TFlops, 0.144335 GB/s, deviceTsmmDl<64, 16, 128, 4, 2, 16, 2, 1>
Error: Incorrect results!        out[0] != ref[0]: 23.75 != 23.78125
Error: Incorrect results!        out[1] != ref[1]: -6.644531 != -6.621094
Error: Incorrect results!        out[2] != ref[2]: 6.261719 != 6.253906
Error: Incorrect results!        out[3] != ref[3]: 14.17969 != 14.20312
max err: 0.0859375, number of errors: 142, 55.46875% wrong values

ROCPRofiler: 15 contexts collected, output directory /tmp/rpl_data_240516_221110_3414818/input0_results_240516_221110
File '/work1/sadasivan/student30/composable_kernel/build_new/workloads/result//mi100/pmc_perf_8.csv' is generating
/work1/sadasivan/student30/composable_kernel/build_new/workloads/result//mi100/perfmon/timestamps.txt
RUNNING WITH CUSTOM METRICS
RPL: on '240516_221110' from '/opt/rocm-5.7.1' in '/work1/sadasivan/student30/composable_kernel/build_new'
RPL: profiling '""bin/example_tall_and_skinny_gemm_splitk_fp16 1 2 1 231""'
RPL: input file '/work1/sadasivan/student30/composable_kernel/build_new/workloads/result//mi100/perfmon/timestamps.txt'
RPL: output dir '/tmp/rpl_data_240516_221110_3415128'
RPL: result dir '/tmp/rpl_data_240516_221110_3415128/input0_results_240516_221110'
a_m_k: dim 2, lengths {16, 1024}, strides {1024, 1}
b_k_n: dim 2, lengths {1024, 16}, strides {16, 1}
c_m_n: dim 2, lengths {16, 16}, strides {16, 1}
ROCProfiler: input from "/tmp/rpl_data_240516_221110_3415128/input0.xml"
  gpu_index = 
  kernel = 
  range = 
  0 metrics
Perf: 0.011984 ms, 0.043749 TFlops, 5.51135 GB/s, deviceTsmmDl<64, 16, 128, 4, 2, 16, 2, 1>
Error: Incorrect results!        out[0] != ref[0]: 23.73438 != 23.78125
Error: Incorrect results!        out[1] != ref[1]: -6.628906 != -6.621094
Error: Incorrect results!        out[3] != ref[3]: 14.21875 != 14.20312
Error: Incorrect results!        out[6] != ref[6]: 1.021484 != 1.007812
max err: 0.09375, number of errors: 145, 56.64062% wrong values

ROCPRofiler: 15 contexts collected, output directory /tmp/rpl_data_240516_221110_3415128/input0_results_240516_221110
File '/work1/sadasivan/student30/composable_kernel/build_new/workloads/result//mi100/timestamps.csv' is generating
/work1/sadasivan/student30/composable_kernel/build_new/workloads/result//mi100/perfmon/pmc_perf_7.txt
RUNNING WITH CUSTOM METRICS
RPL: on '240516_221110' from '/opt/rocm-5.7.1' in '/work1/sadasivan/student30/composable_kernel/build_new'
RPL: profiling '""bin/example_tall_and_skinny_gemm_splitk_fp16 1 2 1 231""'
RPL: input file '/work1/sadasivan/student30/composable_kernel/build_new/workloads/result//mi100/perfmon/pmc_perf_7.txt'
RPL: output dir '/tmp/rpl_data_240516_221110_3415456'
RPL: result dir '/tmp/rpl_data_240516_221110_3415456/input0_results_240516_221110'
a_m_k: dim 2, lengths {16, 1024}, strides {1024, 1}
b_k_n: dim 2, lengths {1024, 16}, strides {16, 1}
c_m_n: dim 2, lengths {16, 16}, strides {16, 1}
ROCProfiler: input from "/tmp/rpl_data_240516_221110_3415456/input0.xml"
  gpu_index = 
  kernel = 
  range = 
  20 metrics
    SQ_LDS_BANK_CONFLICT, SQ_LDS_ADDR_CONFLICT, SQ_LDS_UNALIGNED_STALL, SQ_WAVES_EQ_64, SQ_WAVES_LT_64, SQ_WAVES_LT_48, SQ_WAVES_LT_32, SQ_WAVES_LT_16, TCP_TCC_NC_WRITE_REQ_sum, TCP_TCC_NC_ATOMIC_REQ_sum, TCP_TCC_UC_READ_REQ_sum, TCP_TCC_UC_WRITE_REQ_sum, TA_FLAT_WRITE_WAVEFRONTS_sum, TA_FLAT_ATOMIC_WAVEFRONTS_sum, SPI_RA_WVLIM_STALL_CSN, SPI_SWC_CSC_WR, TCC_EA_RDREQ_IO_CREDIT_STALL_sum, TCC_EA_RDREQ_GMI_CREDIT_STALL_sum, TCC_EA_RDREQ_DRAM_CREDIT_STALL_sum, TCC_TAG_STALL_sum
Perf: 0.538288 ms, 0.000973991 TFlops, 0.1227 GB/s, deviceTsmmDl<64, 16, 128, 4, 2, 16, 2, 1>
Error: Incorrect results!        out[0] != ref[0]: 23.84375 != 23.78125
Error: Incorrect results!        out[1] != ref[1]: -6.636719 != -6.621094
Error: Incorrect results!        out[4] != ref[4]: -3.666016 != -3.685547
Error: Incorrect results!        out[5] != ref[5]: 0.5615234 != 0.5678711
max err: 0.0625, number of errors: 145, 56.64062% wrong values

ROCPRofiler: 15 contexts collected, output directory /tmp/rpl_data_240516_221110_3415456/input0_results_240516_221110
File '/work1/sadasivan/student30/composable_kernel/build_new/workloads/result//mi100/pmc_perf_7.csv' is generating
/work1/sadasivan/student30/composable_kernel/build_new/workloads/result//mi100/perfmon/SQ_LEVEL_WAVES.txt
RUNNING WITH CUSTOM METRICS
RPL: on '240516_221111' from '/opt/rocm-5.7.1' in '/work1/sadasivan/student30/composable_kernel/build_new'
RPL: profiling '""bin/example_tall_and_skinny_gemm_splitk_fp16 1 2 1 231""'
RPL: input file '/work1/sadasivan/student30/composable_kernel/build_new/workloads/result//mi100/perfmon/SQ_LEVEL_WAVES.txt'
RPL: output dir '/tmp/rpl_data_240516_221111_3415783'
RPL: result dir '/tmp/rpl_data_240516_221111_3415783/input0_results_240516_221111'
a_m_k: dim 2, lengths {16, 1024}, strides {1024, 1}
b_k_n: dim 2, lengths {1024, 16}, strides {16, 1}
c_m_n: dim 2, lengths {16, 16}, strides {16, 1}
ROCProfiler: input from "/tmp/rpl_data_240516_221111_3415783/input0.xml"
  gpu_index = 
  kernel = 
  range = 
  9 metrics
    GRBM_COUNT, GRBM_GUI_ACTIVE, CPC_ME1_BUSY_FOR_PACKET_DECODE, SQ_CYCLES, SQ_WAVES, SQ_WAVE_CYCLES, SQ_BUSY_CYCLES, SQ_LEVEL_WAVES, SQ_ACCUM_PREV_HIRES
Perf: 0.138096 ms, 0.00379653 TFlops, 0.478274 GB/s, deviceTsmmDl<64, 16, 128, 4, 2, 16, 2, 1>
Error: Incorrect results!        out[0] != ref[0]: 23.82812 != 23.78125
Error: Incorrect results!        out[1] != ref[1]: -6.644531 != -6.621094
Error: Incorrect results!        out[3] != ref[3]: 14.25 != 14.20312
Error: Incorrect results!        out[4] != ref[4]: -3.679688 != -3.685547
max err: 0.078125, number of errors: 146, 57.03125% wrong values

ROCPRofiler: 15 contexts collected, output directory /tmp/rpl_data_240516_221111_3415783/input0_results_240516_221111
File '/work1/sadasivan/student30/composable_kernel/build_new/workloads/result//mi100/SQ_LEVEL_WAVES.csv' is generating
/work1/sadasivan/student30/composable_kernel/build_new/workloads/result//mi100/perfmon/pmc_perf_3.txt
RUNNING WITH CUSTOM METRICS
RPL: on '240516_221111' from '/opt/rocm-5.7.1' in '/work1/sadasivan/student30/composable_kernel/build_new'
RPL: profiling '""bin/example_tall_and_skinny_gemm_splitk_fp16 1 2 1 231""'
RPL: input file '/work1/sadasivan/student30/composable_kernel/build_new/workloads/result//mi100/perfmon/pmc_perf_3.txt'
RPL: output dir '/tmp/rpl_data_240516_221111_3416111'
RPL: result dir '/tmp/rpl_data_240516_221111_3416111/input0_results_240516_221111'
a_m_k: dim 2, lengths {16, 1024}, strides {1024, 1}
b_k_n: dim 2, lengths {1024, 16}, strides {16, 1}
c_m_n: dim 2, lengths {16, 16}, strides {16, 1}
ROCProfiler: input from "/tmp/rpl_data_240516_221111_3416111/input0.xml"
  gpu_index = 
  kernel = 
  range = 
  23 metrics
    SQC_DCACHE_REQ_READ_2, SQC_DCACHE_REQ_READ_4, SQ_INSTS_VMEM_WR, SQ_INSTS_VMEM_RD, SQ_INSTS_VMEM, SQ_INSTS_SALU, SQ_INSTS_VSKIPPED, SQ_INSTS_SMEM, TCP_TOTAL_ATOMIC_WITH_RET_sum, TCP_TOTAL_ATOMIC_WITHOUT_RET_sum, TCP_TOTAL_WRITEBACK_INVALIDATES_sum, TCP_TOTAL_CACHE_ACCESSES_sum, TA_BUFFER_COALESCED_READ_CYCLES_sum, TA_BUFFER_COALESCED_WRITE_CYCLES_sum, SPI_RA_RES_STALL_CSN, SPI_RA_TMP_STALL_CSN, CPC_CPC_UTCL2IU_BUSY, CPC_CPC_UTCL2IU_IDLE, CPF_CMP_UTCL1_STALL_ON_TRANSLATION, TCC_READ_sum, TCC_WRITE_sum, TCC_ATOMIC_sum, TCC_WRITEBACK_sum
Perf: 0.55445 ms, 0.000945601 TFlops, 0.119124 GB/s, deviceTsmmDl<64, 16, 128, 4, 2, 16, 2, 1>
Error: Incorrect results!        out[1] != ref[1]: -6.636719 != -6.621094
Error: Incorrect results!        out[2] != ref[2]: 6.246094 != 6.253906
Error: Incorrect results!        out[5] != ref[5]: 0.5566406 != 0.5678711
Error: Incorrect results!        out[7] != ref[7]: -4.015625 != -4.023438
max err: 0.046875, number of errors: 139, 54.29688% wrong values

ROCPRofiler: 15 contexts collected, output directory /tmp/rpl_data_240516_221111_3416111/input0_results_240516_221111
File '/work1/sadasivan/student30/composable_kernel/build_new/workloads/result//mi100/pmc_perf_3.csv' is generating
/work1/sadasivan/student30/composable_kernel/build_new/workloads/result//mi100/perfmon/pmc_perf_1.txt
RUNNING WITH CUSTOM METRICS
RPL: on '240516_221112' from '/opt/rocm-5.7.1' in '/work1/sadasivan/student30/composable_kernel/build_new'
RPL: profiling '""bin/example_tall_and_skinny_gemm_splitk_fp16 1 2 1 231""'
RPL: input file '/work1/sadasivan/student30/composable_kernel/build_new/workloads/result//mi100/perfmon/pmc_perf_1.txt'
RPL: output dir '/tmp/rpl_data_240516_221112_3416422'
RPL: result dir '/tmp/rpl_data_240516_221112_3416422/input0_results_240516_221112'
a_m_k: dim 2, lengths {16, 1024}, strides {1024, 1}
b_k_n: dim 2, lengths {1024, 16}, strides {16, 1}
c_m_n: dim 2, lengths {16, 16}, strides {16, 1}
ROCProfiler: input from "/tmp/rpl_data_240516_221112_3416422/input0.xml"
  gpu_index = 
  kernel = 
  range = 
  27 metrics
    SQC_TC_DATA_ATOMIC_REQ, SQC_TC_STALL, SQC_TC_REQ, SQC_DCACHE_REQ_READ_16, SQC_ICACHE_REQ, SQC_ICACHE_HITS, SQC_ICACHE_MISSES, SQC_ICACHE_MISSES_DUPLICATE, GRBM_SPI_BUSY, TCP_READ_TAGCONFLICT_STALL_CYCLES_sum, TCP_WRITE_TAGCONFLICT_STALL_CYCLES_sum, TCP_ATOMIC_TAGCONFLICT_STALL_CYCLES_sum, TCP_TA_TCP_STATE_READ_sum, TA_BUFFER_READ_WAVEFRONTS_sum, TA_BUFFER_WRITE_WAVEFRONTS_sum, TD_COALESCABLE_WAVEFRONT_sum, TD_LOAD_WAVEFRONT_sum, SPI_CSN_NUM_THREADGROUPS, SPI_CSN_WAVE, CPC_CPC_TCIU_BUSY, CPC_CPC_TCIU_IDLE, CPF_CPF_TCIU_BUSY, CPF_CPF_TCIU_STALL, TCC_NC_REQ_sum, TCC_UC_REQ_sum, TCC_CC_REQ_sum, TCC_RW_REQ_sum
Perf: 0.600883 ms, 0.000872529 TFlops, 0.109918 GB/s, deviceTsmmDl<64, 16, 128, 4, 2, 16, 2, 1>
Error: Incorrect results!        out[3] != ref[3]: 14.09375 != 14.20312
Error: Incorrect results!        out[4] != ref[4]: -3.664062 != -3.685547
Error: Incorrect results!        out[5] != ref[5]: 0.5390625 != 0.5678711
Error: Incorrect results!        out[6] != ref[6]: 1.015625 != 1.007812
max err: 0.109375, number of errors: 138, 53.90625% wrong values

ROCPRofiler: 15 contexts collected, output directory /tmp/rpl_data_240516_221112_3416422/input0_results_240516_221112
File '/work1/sadasivan/student30/composable_kernel/build_new/workloads/result//mi100/pmc_perf_1.csv' is generating
/work1/sadasivan/student30/composable_kernel/build_new/workloads/result//mi100/perfmon/pmc_perf_9.txt
RUNNING WITH CUSTOM METRICS
RPL: on '240516_221112' from '/opt/rocm-5.7.1' in '/work1/sadasivan/student30/composable_kernel/build_new'
RPL: profiling '""bin/example_tall_and_skinny_gemm_splitk_fp16 1 2 1 231""'
RPL: input file '/work1/sadasivan/student30/composable_kernel/build_new/workloads/result//mi100/perfmon/pmc_perf_9.txt'
RPL: output dir '/tmp/rpl_data_240516_221112_3416750'
RPL: result dir '/tmp/rpl_data_240516_221112_3416750/input0_results_240516_221112'
a_m_k: dim 2, lengths {16, 1024}, strides {1024, 1}
b_k_n: dim 2, lengths {1024, 16}, strides {16, 1}
c_m_n: dim 2, lengths {16, 16}, strides {16, 1}
ROCProfiler: input from "/tmp/rpl_data_240516_221112_3416750/input0.xml"
  gpu_index = 
  kernel = 
  range = 
  8 metrics
    TCP_TCC_RW_READ_REQ_sum, TCP_TCC_RW_WRITE_REQ_sum, TCP_TCC_RW_ATOMIC_REQ_sum, TCP_PENDING_STALL_CYCLES_sum, TCC_EA_RDREQ_DRAM_sum, TCC_EA_WRREQ_DRAM_sum, TCC_EA_RDREQ_LEVEL_sum, TCC_EA_WRREQ_LEVEL_sum
Perf: 0.415922 ms, 0.00126055 TFlops, 0.158799 GB/s, deviceTsmmDl<64, 16, 128, 4, 2, 16, 2, 1>
Error: Incorrect results!        out[2] != ref[2]: 6.238281 != 6.253906
Error: Incorrect results!        out[3] != ref[3]: 14.21875 != 14.20312
Error: Incorrect results!        out[4] != ref[4]: -3.695312 != -3.685547
Error: Incorrect results!        out[5] != ref[5]: 0.5649414 != 0.5678711
max err: 0.09375, number of errors: 150, 58.59375% wrong values

ROCPRofiler: 15 contexts collected, output directory /tmp/rpl_data_240516_221112_3416750/input0_results_240516_221112
File '/work1/sadasivan/student30/composable_kernel/build_new/workloads/result//mi100/pmc_perf_9.csv' is generating
/work1/sadasivan/student30/composable_kernel/build_new/workloads/result//mi100/perfmon/pmc_perf_12.txt
RUNNING WITH CUSTOM METRICS
RPL: on '240516_221113' from '/opt/rocm-5.7.1' in '/work1/sadasivan/student30/composable_kernel/build_new'
RPL: profiling '""bin/example_tall_and_skinny_gemm_splitk_fp16 1 2 1 231""'
RPL: input file '/work1/sadasivan/student30/composable_kernel/build_new/workloads/result//mi100/perfmon/pmc_perf_12.txt'
RPL: output dir '/tmp/rpl_data_240516_221113_3417061'
RPL: result dir '/tmp/rpl_data_240516_221113_3417061/input0_results_240516_221113'
a_m_k: dim 2, lengths {16, 1024}, strides {1024, 1}
b_k_n: dim 2, lengths {1024, 16}, strides {16, 1}
c_m_n: dim 2, lengths {16, 16}, strides {16, 1}
ROCProfiler: input from "/tmp/rpl_data_240516_221113_3417061/input0.xml"
  gpu_index = 
  kernel = 
  range = 
  128 metrics
    TCC_EA_RDREQ[0], TCC_EA_RDREQ_32B[0], TCC_EA_RDREQ_DRAM_CREDIT_STALL[0], TCC_EA_RDREQ_GMI_CREDIT_STALL[0], TCC_EA_RDREQ[1], TCC_EA_RDREQ_32B[1], TCC_EA_RDREQ_DRAM_CREDIT_STALL[1], TCC_EA_RDREQ_GMI_CREDIT_STALL[1], TCC_EA_RDREQ[2], TCC_EA_RDREQ_32B[2], TCC_EA_RDREQ_DRAM_CREDIT_STALL[2], TCC_EA_RDREQ_GMI_CREDIT_STALL[2], TCC_EA_RDREQ[3], TCC_EA_RDREQ_32B[3], TCC_EA_RDREQ_DRAM_CREDIT_STALL[3], TCC_EA_RDREQ_GMI_CREDIT_STALL[3], TCC_EA_RDREQ[4], TCC_EA_RDREQ_32B[4], TCC_EA_RDREQ_DRAM_CREDIT_STALL[4], TCC_EA_RDREQ_GMI_CREDIT_STALL[4], TCC_EA_RDREQ[5], TCC_EA_RDREQ_32B[5], TCC_EA_RDREQ_DRAM_CREDIT_STALL[5], TCC_EA_RDREQ_GMI_CREDIT_STALL[5], TCC_EA_RDREQ[6], TCC_EA_RDREQ_32B[6], TCC_EA_RDREQ_DRAM_CREDIT_STALL[6], TCC_EA_RDREQ_GMI_CREDIT_STALL[6], TCC_EA_RDREQ[7], TCC_EA_RDREQ_32B[7], TCC_EA_RDREQ_DRAM_CREDIT_STALL[7], TCC_EA_RDREQ_GMI_CREDIT_STALL[7], TCC_EA_RDREQ[8], TCC_EA_RDREQ_32B[8], TCC_EA_RDREQ_DRAM_CREDIT_STALL[8], TCC_EA_RDREQ_GMI_CREDIT_STALL[8], TCC_EA_RDREQ[9], TCC_EA_RDREQ_32B[9], TCC_EA_RDREQ_DRAM_CREDIT_STALL[9], TCC_EA_RDREQ_GMI_CREDIT_STALL[9], TCC_EA_RDREQ[10], TCC_EA_RDREQ_32B[10], TCC_EA_RDREQ_DRAM_CREDIT_STALL[10], TCC_EA_RDREQ_GMI_CREDIT_STALL[10], TCC_EA_RDREQ[11], TCC_EA_RDREQ_32B[11], TCC_EA_RDREQ_DRAM_CREDIT_STALL[11], TCC_EA_RDREQ_GMI_CREDIT_STALL[11], TCC_EA_RDREQ[12], TCC_EA_RDREQ_32B[12], TCC_EA_RDREQ_DRAM_CREDIT_STALL[12], TCC_EA_RDREQ_GMI_CREDIT_STALL[12], TCC_EA_RDREQ[13], TCC_EA_RDREQ_32B[13], TCC_EA_RDREQ_DRAM_CREDIT_STALL[13], TCC_EA_RDREQ_GMI_CREDIT_STALL[13], TCC_EA_RDREQ[14], TCC_EA_RDREQ_32B[14], TCC_EA_RDREQ_DRAM_CREDIT_STALL[14], TCC_EA_RDREQ_GMI_CREDIT_STALL[14], TCC_EA_RDREQ[15], TCC_EA_RDREQ_32B[15], TCC_EA_RDREQ_DRAM_CREDIT_STALL[15], TCC_EA_RDREQ_GMI_CREDIT_STALL[15], TCC_EA_RDREQ[16], TCC_EA_RDREQ_32B[16], TCC_EA_RDREQ_DRAM_CREDIT_STALL[16], TCC_EA_RDREQ_GMI_CREDIT_STALL[16], TCC_EA_RDREQ[17], TCC_EA_RDREQ_32B[17], TCC_EA_RDREQ_DRAM_CREDIT_STALL[17], TCC_EA_RDREQ_GMI_CREDIT_STALL[17], TCC_EA_RDREQ[18], TCC_EA_RDREQ_32B[18], TCC_EA_RDREQ_DRAM_CREDIT_STALL[18], TCC_EA_RDREQ_GMI_CREDIT_STALL[18], TCC_EA_RDREQ[19], TCC_EA_RDREQ_32B[19], TCC_EA_RDREQ_DRAM_CREDIT_STALL[19], TCC_EA_RDREQ_GMI_CREDIT_STALL[19], TCC_EA_RDREQ[20], TCC_EA_RDREQ_32B[20], TCC_EA_RDREQ_DRAM_CREDIT_STALL[20], TCC_EA_RDREQ_GMI_CREDIT_STALL[20], TCC_EA_RDREQ[21], TCC_EA_RDREQ_32B[21], TCC_EA_RDREQ_DRAM_CREDIT_STALL[21], TCC_EA_RDREQ_GMI_CREDIT_STALL[21], TCC_EA_RDREQ[22], TCC_EA_RDREQ_32B[22], TCC_EA_RDREQ_DRAM_CREDIT_STALL[22], TCC_EA_RDREQ_GMI_CREDIT_STALL[22], TCC_EA_RDREQ[23], TCC_EA_RDREQ_32B[23], TCC_EA_RDREQ_DRAM_CREDIT_STALL[23], TCC_EA_RDREQ_GMI_CREDIT_STALL[23], TCC_EA_RDREQ[24], TCC_EA_RDREQ_32B[24], TCC_EA_RDREQ_DRAM_CREDIT_STALL[24], TCC_EA_RDREQ_GMI_CREDIT_STALL[24], TCC_EA_RDREQ[25], TCC_EA_RDREQ_32B[25], TCC_EA_RDREQ_DRAM_CREDIT_STALL[25], TCC_EA_RDREQ_GMI_CREDIT_STALL[25], TCC_EA_RDREQ[26], TCC_EA_RDREQ_32B[26], TCC_EA_RDREQ_DRAM_CREDIT_STALL[26], TCC_EA_RDREQ_GMI_CREDIT_STALL[26], TCC_EA_RDREQ[27], TCC_EA_RDREQ_32B[27], TCC_EA_RDREQ_DRAM_CREDIT_STALL[27], TCC_EA_RDREQ_GMI_CREDIT_STALL[27], TCC_EA_RDREQ[28], TCC_EA_RDREQ_32B[28], TCC_EA_RDREQ_DRAM_CREDIT_STALL[28], TCC_EA_RDREQ_GMI_CREDIT_STALL[28], TCC_EA_RDREQ[29], TCC_EA_RDREQ_32B[29], TCC_EA_RDREQ_DRAM_CREDIT_STALL[29], TCC_EA_RDREQ_GMI_CREDIT_STALL[29], TCC_EA_RDREQ[30], TCC_EA_RDREQ_32B[30], TCC_EA_RDREQ_DRAM_CREDIT_STALL[30], TCC_EA_RDREQ_GMI_CREDIT_STALL[30], TCC_EA_RDREQ[31], TCC_EA_RDREQ_32B[31], TCC_EA_RDREQ_DRAM_CREDIT_STALL[31], TCC_EA_RDREQ_GMI_CREDIT_STALL[31]
Perf: 0.287857 ms, 0.00182135 TFlops, 0.229447 GB/s, deviceTsmmDl<64, 16, 128, 4, 2, 16, 2, 1>
Error: Incorrect results!        out[4] != ref[4]: -3.679688 != -3.685547
Error: Incorrect results!        out[8] != ref[8]: 0.8613281 != 0.8544922
Error: Incorrect results!        out[9] != ref[9]: 12.13281 != 12.10156
Error: Incorrect results!        out[11] != ref[11]: 21.9375 != 21.89062
max err: 0.109375, number of errors: 125, 48.82812% wrong values

ROCPRofiler: 15 contexts collected, output directory /tmp/rpl_data_240516_221113_3417061/input0_results_240516_221113
File '/work1/sadasivan/student30/composable_kernel/build_new/workloads/result//mi100/pmc_perf_12.csv' is generating
/work1/sadasivan/student30/composable_kernel/build_new/workloads/result//mi100/perfmon/pmc_perf_11.txt
RUNNING WITH CUSTOM METRICS
RPL: on '240516_221113' from '/opt/rocm-5.7.1' in '/work1/sadasivan/student30/composable_kernel/build_new'
RPL: profiling '""bin/example_tall_and_skinny_gemm_splitk_fp16 1 2 1 231""'
RPL: input file '/work1/sadasivan/student30/composable_kernel/build_new/workloads/result//mi100/perfmon/pmc_perf_11.txt'
RPL: output dir '/tmp/rpl_data_240516_221113_3417389'
RPL: result dir '/tmp/rpl_data_240516_221113_3417389/input0_results_240516_221113'
a_m_k: dim 2, lengths {16, 1024}, strides {1024, 1}
b_k_n: dim 2, lengths {1024, 16}, strides {16, 1}
c_m_n: dim 2, lengths {16, 16}, strides {16, 1}
ROCProfiler: input from "/tmp/rpl_data_240516_221113_3417389/input0.xml"
  gpu_index = 
  kernel = 
  range = 
  128 metrics
    TCC_ATOMIC[0], TCC_CYCLE[0], TCC_EA_ATOMIC[0], TCC_EA_ATOMIC_LEVEL[0], TCC_ATOMIC[1], TCC_CYCLE[1], TCC_EA_ATOMIC[1], TCC_EA_ATOMIC_LEVEL[1], TCC_ATOMIC[2], TCC_CYCLE[2], TCC_EA_ATOMIC[2], TCC_EA_ATOMIC_LEVEL[2], TCC_ATOMIC[3], TCC_CYCLE[3], TCC_EA_ATOMIC[3], TCC_EA_ATOMIC_LEVEL[3], TCC_ATOMIC[4], TCC_CYCLE[4], TCC_EA_ATOMIC[4], TCC_EA_ATOMIC_LEVEL[4], TCC_ATOMIC[5], TCC_CYCLE[5], TCC_EA_ATOMIC[5], TCC_EA_ATOMIC_LEVEL[5], TCC_ATOMIC[6], TCC_CYCLE[6], TCC_EA_ATOMIC[6], TCC_EA_ATOMIC_LEVEL[6], TCC_ATOMIC[7], TCC_CYCLE[7], TCC_EA_ATOMIC[7], TCC_EA_ATOMIC_LEVEL[7], TCC_ATOMIC[8], TCC_CYCLE[8], TCC_EA_ATOMIC[8], TCC_EA_ATOMIC_LEVEL[8], TCC_ATOMIC[9], TCC_CYCLE[9], TCC_EA_ATOMIC[9], TCC_EA_ATOMIC_LEVEL[9], TCC_ATOMIC[10], TCC_CYCLE[10], TCC_EA_ATOMIC[10], TCC_EA_ATOMIC_LEVEL[10], TCC_ATOMIC[11], TCC_CYCLE[11], TCC_EA_ATOMIC[11], TCC_EA_ATOMIC_LEVEL[11], TCC_ATOMIC[12], TCC_CYCLE[12], TCC_EA_ATOMIC[12], TCC_EA_ATOMIC_LEVEL[12], TCC_ATOMIC[13], TCC_CYCLE[13], TCC_EA_ATOMIC[13], TCC_EA_ATOMIC_LEVEL[13], TCC_ATOMIC[14], TCC_CYCLE[14], TCC_EA_ATOMIC[14], TCC_EA_ATOMIC_LEVEL[14], TCC_ATOMIC[15], TCC_CYCLE[15], TCC_EA_ATOMIC[15], TCC_EA_ATOMIC_LEVEL[15], TCC_ATOMIC[16], TCC_CYCLE[16], TCC_EA_ATOMIC[16], TCC_EA_ATOMIC_LEVEL[16], TCC_ATOMIC[17], TCC_CYCLE[17], TCC_EA_ATOMIC[17], TCC_EA_ATOMIC_LEVEL[17], TCC_ATOMIC[18], TCC_CYCLE[18], TCC_EA_ATOMIC[18], TCC_EA_ATOMIC_LEVEL[18], TCC_ATOMIC[19], TCC_CYCLE[19], TCC_EA_ATOMIC[19], TCC_EA_ATOMIC_LEVEL[19], TCC_ATOMIC[20], TCC_CYCLE[20], TCC_EA_ATOMIC[20], TCC_EA_ATOMIC_LEVEL[20], TCC_ATOMIC[21], TCC_CYCLE[21], TCC_EA_ATOMIC[21], TCC_EA_ATOMIC_LEVEL[21], TCC_ATOMIC[22], TCC_CYCLE[22], TCC_EA_ATOMIC[22], TCC_EA_ATOMIC_LEVEL[22], TCC_ATOMIC[23], TCC_CYCLE[23], TCC_EA_ATOMIC[23], TCC_EA_ATOMIC_LEVEL[23], TCC_ATOMIC[24], TCC_CYCLE[24], TCC_EA_ATOMIC[24], TCC_EA_ATOMIC_LEVEL[24], TCC_ATOMIC[25], TCC_CYCLE[25], TCC_EA_ATOMIC[25], TCC_EA_ATOMIC_LEVEL[25], TCC_ATOMIC[26], TCC_CYCLE[26], TCC_EA_ATOMIC[26], TCC_EA_ATOMIC_LEVEL[26], TCC_ATOMIC[27], TCC_CYCLE[27], TCC_EA_ATOMIC[27], TCC_EA_ATOMIC_LEVEL[27], TCC_ATOMIC[28], TCC_CYCLE[28], TCC_EA_ATOMIC[28], TCC_EA_ATOMIC_LEVEL[28], TCC_ATOMIC[29], TCC_CYCLE[29], TCC_EA_ATOMIC[29], TCC_EA_ATOMIC_LEVEL[29], TCC_ATOMIC[30], TCC_CYCLE[30], TCC_EA_ATOMIC[30], TCC_EA_ATOMIC_LEVEL[30], TCC_ATOMIC[31], TCC_CYCLE[31], TCC_EA_ATOMIC[31], TCC_EA_ATOMIC_LEVEL[31]
Perf: 0.320401 ms, 0.00163635 TFlops, 0.206142 GB/s, deviceTsmmDl<64, 16, 128, 4, 2, 16, 2, 1>
Error: Incorrect results!        out[2] != ref[2]: 6.246094 != 6.253906
Error: Incorrect results!        out[4] != ref[4]: -3.695312 != -3.685547
Error: Incorrect results!        out[5] != ref[5]: 0.5551758 != 0.5678711
Error: Incorrect results!        out[6] != ref[6]: 1.004883 != 1.007812
max err: 0.0703125, number of errors: 129, 50.39062% wrong values

ROCPRofiler: 15 contexts collected, output directory /tmp/rpl_data_240516_221113_3417389/input0_results_240516_221113
File '/work1/sadasivan/student30/composable_kernel/build_new/workloads/result//mi100/pmc_perf_11.csv' is generating
/work1/sadasivan/student30/composable_kernel/build_new/workloads/result//mi100/perfmon/SQ_IFETCH_LEVEL.txt
RUNNING WITH CUSTOM METRICS
RPL: on '240516_221114' from '/opt/rocm-5.7.1' in '/work1/sadasivan/student30/composable_kernel/build_new'
RPL: profiling '""bin/example_tall_and_skinny_gemm_splitk_fp16 1 2 1 231""'
RPL: input file '/work1/sadasivan/student30/composable_kernel/build_new/workloads/result//mi100/perfmon/SQ_IFETCH_LEVEL.txt'
RPL: output dir '/tmp/rpl_data_240516_221114_3417700'
RPL: result dir '/tmp/rpl_data_240516_221114_3417700/input0_results_240516_221114'
a_m_k: dim 2, lengths {16, 1024}, strides {1024, 1}
b_k_n: dim 2, lengths {1024, 16}, strides {16, 1}
c_m_n: dim 2, lengths {16, 16}, strides {16, 1}
ROCProfiler: input from "/tmp/rpl_data_240516_221114_3417700/input0.xml"
  gpu_index = 
  kernel = 
  range = 
  6 metrics
    GRBM_COUNT, GRBM_GUI_ACTIVE, SQ_WAVES, SQ_IFETCH, SQ_IFETCH_LEVEL, SQ_ACCUM_PREV_HIRES
Perf: 0.134353 ms, 0.00390233 TFlops, 0.491602 GB/s, deviceTsmmDl<64, 16, 128, 4, 2, 16, 2, 1>
Error: Incorrect results!        out[0] != ref[0]: 23.8125 != 23.78125
Error: Incorrect results!        out[4] != ref[4]: -3.695312 != -3.685547
Error: Incorrect results!        out[5] != ref[5]: 0.5727539 != 0.5678711
Error: Incorrect results!        out[8] != ref[8]: 0.8481445 != 0.8544922
max err: 0.0703125, number of errors: 143, 55.85938% wrong values

ROCPRofiler: 15 contexts collected, output directory /tmp/rpl_data_240516_221114_3417700/input0_results_240516_221114
File '/work1/sadasivan/student30/composable_kernel/build_new/workloads/result//mi100/SQ_IFETCH_LEVEL.csv' is generating
/work1/sadasivan/student30/composable_kernel/build_new/workloads/result//mi100/perfmon/pmc_perf_5.txt
RUNNING WITH CUSTOM METRICS
RPL: on '240516_221114' from '/opt/rocm-5.7.1' in '/work1/sadasivan/student30/composable_kernel/build_new'
RPL: profiling '""bin/example_tall_and_skinny_gemm_splitk_fp16 1 2 1 231""'
RPL: input file '/work1/sadasivan/student30/composable_kernel/build_new/workloads/result//mi100/perfmon/pmc_perf_5.txt'
RPL: output dir '/tmp/rpl_data_240516_221114_3418028'
RPL: result dir '/tmp/rpl_data_240516_221114_3418028/input0_results_240516_221114'
a_m_k: dim 2, lengths {16, 1024}, strides {1024, 1}
b_k_n: dim 2, lengths {1024, 16}, strides {16, 1}
c_m_n: dim 2, lengths {16, 16}, strides {16, 1}
ROCProfiler: input from "/tmp/rpl_data_240516_221114_3418028/input0.xml"
  gpu_index = 
  kernel = 
  range = 
  21 metrics
    SQ_WAIT_INST_ANY, SQ_ACTIVE_INST_ANY, SQ_INSTS_VALU, SQ_ACTIVE_INST_VMEM, SQ_ACTIVE_INST_LDS, SQ_ACTIVE_INST_VALU, SQ_ACTIVE_INST_SCA, SQ_ACTIVE_INST_EXP_GDS, TCP_TCP_LATENCY_sum, TCP_TCC_READ_REQ_LATENCY_sum, TCP_TCC_WRITE_REQ_LATENCY_sum, TCP_TCC_READ_REQ_sum, TA_ADDR_STALLED_BY_TD_CYCLES_sum, TA_DATA_STALLED_BY_TC_CYCLES_sum, SPI_RA_SGPR_SIMD_FULL_CSN, SPI_RA_LDS_CU_FULL_CSN, CPC_ME1_DC0_SPI_BUSY, TCC_EA_WRREQ_IO_CREDIT_STALL_sum, TCC_EA_WRREQ_GMI_CREDIT_STALL_sum, TCC_EA_WRREQ_DRAM_CREDIT_STALL_sum, TCC_TOO_MANY_EA_WRREQS_STALL_sum
Perf: 0.556081 ms, 0.000942826 TFlops, 0.118774 GB/s, deviceTsmmDl<64, 16, 128, 4, 2, 16, 2, 1>
Error: Incorrect results!        out[1] != ref[1]: -6.609375 != -6.621094
Error: Incorrect results!        out[2] != ref[2]: 6.234375 != 6.253906
Error: Incorrect results!        out[3] != ref[3]: 14.21875 != 14.20312
Error: Incorrect results!        out[5] != ref[5]: 0.5605469 != 0.5678711
max err: 0.078125, number of errors: 143, 55.85938% wrong values

ROCPRofiler: 15 contexts collected, output directory /tmp/rpl_data_240516_221114_3418028/input0_results_240516_221114
File '/work1/sadasivan/student30/composable_kernel/build_new/workloads/result//mi100/pmc_perf_5.csv' is generating
/work1/sadasivan/student30/composable_kernel/build_new/workloads/result//mi100/perfmon/SQ_INST_LEVEL_SMEM.txt
RUNNING WITH CUSTOM METRICS
RPL: on '240516_221115' from '/opt/rocm-5.7.1' in '/work1/sadasivan/student30/composable_kernel/build_new'
RPL: profiling '""bin/example_tall_and_skinny_gemm_splitk_fp16 1 2 1 231""'
RPL: input file '/work1/sadasivan/student30/composable_kernel/build_new/workloads/result//mi100/perfmon/SQ_INST_LEVEL_SMEM.txt'
RPL: output dir '/tmp/rpl_data_240516_221115_3418339'
RPL: result dir '/tmp/rpl_data_240516_221115_3418339/input0_results_240516_221115'
a_m_k: dim 2, lengths {16, 1024}, strides {1024, 1}
b_k_n: dim 2, lengths {1024, 16}, strides {16, 1}
c_m_n: dim 2, lengths {16, 16}, strides {16, 1}
ROCProfiler: input from "/tmp/rpl_data_240516_221115_3418339/input0.xml"
  gpu_index = 
  kernel = 
  range = 
  3 metrics
    SQ_INSTS_SMEM, SQ_INST_LEVEL_SMEM, SQ_ACCUM_PREV_HIRES
Perf: 0.129889 ms, 0.00403644 TFlops, 0.508497 GB/s, deviceTsmmDl<64, 16, 128, 4, 2, 16, 2, 1>
Error: Incorrect results!        out[0] != ref[0]: 23.84375 != 23.78125
Error: Incorrect results!        out[1] != ref[1]: -6.65625 != -6.621094
Error: Incorrect results!        out[2] != ref[2]: 6.226562 != 6.253906
Error: Incorrect results!        out[4] != ref[4]: -3.675781 != -3.685547
max err: 0.15625, number of errors: 139, 54.29688% wrong values

ROCPRofiler: 15 contexts collected, output directory /tmp/rpl_data_240516_221115_3418339/input0_results_240516_221115
File '/work1/sadasivan/student30/composable_kernel/build_new/workloads/result//mi100/SQ_INST_LEVEL_SMEM.csv' is generating
/work1/sadasivan/student30/composable_kernel/build_new/workloads/result//mi100/perfmon/pmc_perf_13.txt
RUNNING WITH CUSTOM METRICS
RPL: on '240516_221115' from '/opt/rocm-5.7.1' in '/work1/sadasivan/student30/composable_kernel/build_new'
RPL: profiling '""bin/example_tall_and_skinny_gemm_splitk_fp16 1 2 1 231""'
RPL: input file '/work1/sadasivan/student30/composable_kernel/build_new/workloads/result//mi100/perfmon/pmc_perf_13.txt'
RPL: output dir '/tmp/rpl_data_240516_221115_3418667'
RPL: result dir '/tmp/rpl_data_240516_221115_3418667/input0_results_240516_221115'
a_m_k: dim 2, lengths {16, 1024}, strides {1024, 1}
b_k_n: dim 2, lengths {1024, 16}, strides {16, 1}
c_m_n: dim 2, lengths {16, 16}, strides {16, 1}
ROCProfiler: input from "/tmp/rpl_data_240516_221115_3418667/input0.xml"
  gpu_index = 
  kernel = 
  range = 
  128 metrics
    TCC_EA_RDREQ_IO_CREDIT_STALL[0], TCC_EA_RDREQ_LEVEL[0], TCC_EA_WRREQ[0], TCC_EA_WRREQ_64B[0], TCC_EA_RDREQ_IO_CREDIT_STALL[1], TCC_EA_RDREQ_LEVEL[1], TCC_EA_WRREQ[1], TCC_EA_WRREQ_64B[1], TCC_EA_RDREQ_IO_CREDIT_STALL[2], TCC_EA_RDREQ_LEVEL[2], TCC_EA_WRREQ[2], TCC_EA_WRREQ_64B[2], TCC_EA_RDREQ_IO_CREDIT_STALL[3], TCC_EA_RDREQ_LEVEL[3], TCC_EA_WRREQ[3], TCC_EA_WRREQ_64B[3], TCC_EA_RDREQ_IO_CREDIT_STALL[4], TCC_EA_RDREQ_LEVEL[4], TCC_EA_WRREQ[4], TCC_EA_WRREQ_64B[4], TCC_EA_RDREQ_IO_CREDIT_STALL[5], TCC_EA_RDREQ_LEVEL[5], TCC_EA_WRREQ[5], TCC_EA_WRREQ_64B[5], TCC_EA_RDREQ_IO_CREDIT_STALL[6], TCC_EA_RDREQ_LEVEL[6], TCC_EA_WRREQ[6], TCC_EA_WRREQ_64B[6], TCC_EA_RDREQ_IO_CREDIT_STALL[7], TCC_EA_RDREQ_LEVEL[7], TCC_EA_WRREQ[7], TCC_EA_WRREQ_64B[7], TCC_EA_RDREQ_IO_CREDIT_STALL[8], TCC_EA_RDREQ_LEVEL[8], TCC_EA_WRREQ[8], TCC_EA_WRREQ_64B[8], TCC_EA_RDREQ_IO_CREDIT_STALL[9], TCC_EA_RDREQ_LEVEL[9], TCC_EA_WRREQ[9], TCC_EA_WRREQ_64B[9], TCC_EA_RDREQ_IO_CREDIT_STALL[10], TCC_EA_RDREQ_LEVEL[10], TCC_EA_WRREQ[10], TCC_EA_WRREQ_64B[10], TCC_EA_RDREQ_IO_CREDIT_STALL[11], TCC_EA_RDREQ_LEVEL[11], TCC_EA_WRREQ[11], TCC_EA_WRREQ_64B[11], TCC_EA_RDREQ_IO_CREDIT_STALL[12], TCC_EA_RDREQ_LEVEL[12], TCC_EA_WRREQ[12], TCC_EA_WRREQ_64B[12], TCC_EA_RDREQ_IO_CREDIT_STALL[13], TCC_EA_RDREQ_LEVEL[13], TCC_EA_WRREQ[13], TCC_EA_WRREQ_64B[13], TCC_EA_RDREQ_IO_CREDIT_STALL[14], TCC_EA_RDREQ_LEVEL[14], TCC_EA_WRREQ[14], TCC_EA_WRREQ_64B[14], TCC_EA_RDREQ_IO_CREDIT_STALL[15], TCC_EA_RDREQ_LEVEL[15], TCC_EA_WRREQ[15], TCC_EA_WRREQ_64B[15], TCC_EA_RDREQ_IO_CREDIT_STALL[16], TCC_EA_RDREQ_LEVEL[16], TCC_EA_WRREQ[16], TCC_EA_WRREQ_64B[16], TCC_EA_RDREQ_IO_CREDIT_STALL[17], TCC_EA_RDREQ_LEVEL[17], TCC_EA_WRREQ[17], TCC_EA_WRREQ_64B[17], TCC_EA_RDREQ_IO_CREDIT_STALL[18], TCC_EA_RDREQ_LEVEL[18], TCC_EA_WRREQ[18], TCC_EA_WRREQ_64B[18], TCC_EA_RDREQ_IO_CREDIT_STALL[19], TCC_EA_RDREQ_LEVEL[19], TCC_EA_WRREQ[19], TCC_EA_WRREQ_64B[19], TCC_EA_RDREQ_IO_CREDIT_STALL[20], TCC_EA_RDREQ_LEVEL[20], TCC_EA_WRREQ[20], TCC_EA_WRREQ_64B[20], TCC_EA_RDREQ_IO_CREDIT_STALL[21], TCC_EA_RDREQ_LEVEL[21], TCC_EA_WRREQ[21], TCC_EA_WRREQ_64B[21], TCC_EA_RDREQ_IO_CREDIT_STALL[22], TCC_EA_RDREQ_LEVEL[22], TCC_EA_WRREQ[22], TCC_EA_WRREQ_64B[22], TCC_EA_RDREQ_IO_CREDIT_STALL[23], TCC_EA_RDREQ_LEVEL[23], TCC_EA_WRREQ[23], TCC_EA_WRREQ_64B[23], TCC_EA_RDREQ_IO_CREDIT_STALL[24], TCC_EA_RDREQ_LEVEL[24], TCC_EA_WRREQ[24], TCC_EA_WRREQ_64B[24], TCC_EA_RDREQ_IO_CREDIT_STALL[25], TCC_EA_RDREQ_LEVEL[25], TCC_EA_WRREQ[25], TCC_EA_WRREQ_64B[25], TCC_EA_RDREQ_IO_CREDIT_STALL[26], TCC_EA_RDREQ_LEVEL[26], TCC_EA_WRREQ[26], TCC_EA_WRREQ_64B[26], TCC_EA_RDREQ_IO_CREDIT_STALL[27], TCC_EA_RDREQ_LEVEL[27], TCC_EA_WRREQ[27], TCC_EA_WRREQ_64B[27], TCC_EA_RDREQ_IO_CREDIT_STALL[28], TCC_EA_RDREQ_LEVEL[28], TCC_EA_WRREQ[28], TCC_EA_WRREQ_64B[28], TCC_EA_RDREQ_IO_CREDIT_STALL[29], TCC_EA_RDREQ_LEVEL[29], TCC_EA_WRREQ[29], TCC_EA_WRREQ_64B[29], TCC_EA_RDREQ_IO_CREDIT_STALL[30], TCC_EA_RDREQ_LEVEL[30], TCC_EA_WRREQ[30], TCC_EA_WRREQ_64B[30], TCC_EA_RDREQ_IO_CREDIT_STALL[31], TCC_EA_RDREQ_LEVEL[31], TCC_EA_WRREQ[31], TCC_EA_WRREQ_64B[31]
Perf: 0.322689 ms, 0.00162475 TFlops, 0.20468 GB/s, deviceTsmmDl<64, 16, 128, 4, 2, 16, 2, 1>
Error: Incorrect results!        out[1] != ref[1]: -6.628906 != -6.621094
Error: Incorrect results!        out[2] != ref[2]: 6.246094 != 6.253906
Error: Incorrect results!        out[5] != ref[5]: 0.5634766 != 0.5678711
Error: Incorrect results!        out[6] != ref[6]: 1.011719 != 1.007812
max err: 0.09375, number of errors: 128, 50% wrong values

ROCPRofiler: 15 contexts collected, output directory /tmp/rpl_data_240516_221115_3418667/input0_results_240516_221115
File '/work1/sadasivan/student30/composable_kernel/build_new/workloads/result//mi100/pmc_perf_13.csv' is generating
/work1/sadasivan/student30/composable_kernel/build_new/workloads/result//mi100/perfmon/pmc_perf_2.txt
RUNNING WITH CUSTOM METRICS
RPL: on '240516_221116' from '/opt/rocm-5.7.1' in '/work1/sadasivan/student30/composable_kernel/build_new'
RPL: profiling '""bin/example_tall_and_skinny_gemm_splitk_fp16 1 2 1 231""'
RPL: input file '/work1/sadasivan/student30/composable_kernel/build_new/workloads/result//mi100/perfmon/pmc_perf_2.txt'
RPL: output dir '/tmp/rpl_data_240516_221116_3418996'
RPL: result dir '/tmp/rpl_data_240516_221116_3418996/input0_results_240516_221116'
a_m_k: dim 2, lengths {16, 1024}, strides {1024, 1}
b_k_n: dim 2, lengths {1024, 16}, strides {16, 1}
c_m_n: dim 2, lengths {16, 16}, strides {16, 1}
ROCProfiler: input from "/tmp/rpl_data_240516_221116_3418996/input0.xml"
  gpu_index = 
  kernel = 
  range = 
  26 metrics
    SQC_DCACHE_INPUT_VALID_READYB, SQC_DCACHE_ATOMIC, SQC_DCACHE_REQ_READ_8, SQC_DCACHE_REQ, SQC_DCACHE_HITS, SQC_DCACHE_MISSES, SQC_DCACHE_MISSES_DUPLICATE, SQC_DCACHE_REQ_READ_1, TCP_VOLATILE_sum, TCP_TOTAL_ACCESSES_sum, TCP_TOTAL_READ_sum, TCP_TOTAL_WRITE_sum, TA_BUFFER_ATOMIC_WAVEFRONTS_sum, TA_BUFFER_TOTAL_CYCLES_sum, TD_ATOMIC_WAVEFRONT_sum, TD_STORE_WAVEFRONT_sum, SPI_RA_REQ_NO_ALLOC, SPI_RA_REQ_NO_ALLOC_CSN, CPC_CPC_STAT_STALL, CPC_UTCL1_STALL_ON_TRANSLATION, CPF_CPF_STAT_IDLE, CPF_CPF_TCIU_IDLE, TCC_REQ_sum, TCC_STREAMING_REQ_sum, TCC_HIT_sum, TCC_MISS_sum
Perf: 0.607282 ms, 0.000863335 TFlops, 0.10876 GB/s, deviceTsmmDl<64, 16, 128, 4, 2, 16, 2, 1>
Error: Incorrect results!        out[0] != ref[0]: 23.8125 != 23.78125
Error: Incorrect results!        out[1] != ref[1]: -6.628906 != -6.621094
Error: Incorrect results!        out[2] != ref[2]: 6.234375 != 6.253906
Error: Incorrect results!        out[3] != ref[3]: 14.22656 != 14.20312
max err: 0.09375, number of errors: 134, 52.34375% wrong values

ROCPRofiler: 15 contexts collected, output directory /tmp/rpl_data_240516_221116_3418996/input0_results_240516_221116
File '/work1/sadasivan/student30/composable_kernel/build_new/workloads/result//mi100/pmc_perf_2.csv' is generating
/work1/sadasivan/student30/composable_kernel/build_new/workloads/result//mi100/perfmon/pmc_perf_10.txt
RUNNING WITH CUSTOM METRICS
RPL: on '240516_221116' from '/opt/rocm-5.7.1' in '/work1/sadasivan/student30/composable_kernel/build_new'
RPL: profiling '""bin/example_tall_and_skinny_gemm_splitk_fp16 1 2 1 231""'
RPL: input file '/work1/sadasivan/student30/composable_kernel/build_new/workloads/result//mi100/perfmon/pmc_perf_10.txt'
RPL: output dir '/tmp/rpl_data_240516_221116_3419307'
RPL: result dir '/tmp/rpl_data_240516_221116_3419307/input0_results_240516_221116'
a_m_k: dim 2, lengths {16, 1024}, strides {1024, 1}
b_k_n: dim 2, lengths {1024, 16}, strides {16, 1}
c_m_n: dim 2, lengths {16, 16}, strides {16, 1}
ROCProfiler: input from "/tmp/rpl_data_240516_221116_3419307/input0.xml"
  gpu_index = 
  kernel = 
  range = 
  1 metrics
    TCC_EA_ATOMIC_LEVEL_sum
Perf: 0.16528 ms, 0.00317211 TFlops, 0.399612 GB/s, deviceTsmmDl<64, 16, 128, 4, 2, 16, 2, 1>
Error: Incorrect results!        out[2] != ref[2]: 6.242188 != 6.253906
Error: Incorrect results!        out[3] != ref[3]: 14.24219 != 14.20312
Error: Incorrect results!        out[4] != ref[4]: -3.669922 != -3.685547
Error: Incorrect results!        out[5] != ref[5]: 0.5522461 != 0.5678711
max err: 0.078125, number of errors: 152, 59.375% wrong values

ROCPRofiler: 15 contexts collected, output directory /tmp/rpl_data_240516_221116_3419307/input0_results_240516_221116
File '/work1/sadasivan/student30/composable_kernel/build_new/workloads/result//mi100/pmc_perf_10.csv' is generating
ROC Profiler:  /opt/rocm-5.7.1/bin/rocprof
KernelName shortening complete!

--------
Analyze
--------

Dash is running on http://0.0.0.0:8050/

 * Serving Flask app 'omniperf_analyze.omniperf_analyze'
 * Debug mode: off
[31m[1mWARNING: This is a development server. Do not use it in a production deployment. Use a production WSGI server instead.[0m
 * Running on all addresses (0.0.0.0)
 * Running on http://127.0.0.1:8050
 * Running on http://10.0.100.133:8050
[33mPress CTRL+C to quit[0m
slurmstepd-t008-003: error: *** JOB 44031 ON t008-003 CANCELLED AT 2024-05-17T01:11:07 DUE TO TIME LIMIT ***

----------------------------------------
HPC Report Card for Job # 44031
----------------------------------------

Job Overview (Num Nodes = 1, Machine = HPC Fund)
 --> Start time = 2024-05-16 22:11:00
 --> End   time = 2024-05-17 01:12:00

GPU Statistics:

           | Utilization (%)  |  Memory Use (%)  | Temperature (C)  |    Power (W)     |
     GPU # |    Max     Mean  |    Max     Mean  |    Max     Mean  |    Max     Mean  |
    ------------------------------------------------------------------------------------
         0 |    0.00    0.00  |    0.02    0.02  |   45.00   35.43  |   35.00   30.20  |
         1 |    0.00    0.00  |    0.02    0.02  |   46.00   36.64  |   34.00   34.00  |
         2 |    0.00    0.00  |    0.02    0.02  |   45.00   36.01  |   34.00   34.00  |
         3 |    0.00    0.00  |    0.02    0.02  |   47.00   38.32  |   34.00   31.35  |

--
Query execution time = 0.4 secs
Version = 0.2.0
