
--------
Analyze
--------

Dash is running on http://0.0.0.0:8050/

 * Serving Flask app 'omniperf_analyze.omniperf_analyze'
 * Debug mode: off
[31m[1mWARNING: This is a development server. Do not use it in a production deployment. Use a production WSGI server instead.[0m
 * Running on all addresses (0.0.0.0)
 * Running on http://127.0.0.1:8050
 * Running on http://10.0.100.134:8050
[33mPress CTRL+C to quit[0m
slurmstepd-t008-004: error: *** JOB 44027 ON t008-004 CANCELLED AT 2024-05-17T00:41:37 DUE TO TIME LIMIT ***

----------------------------------------
HPC Report Card for Job # 44027
----------------------------------------

Job Overview (Num Nodes = 1, Machine = HPC Fund)
 --> Start time = 2024-05-16 21:42:00
 --> End   time = 2024-05-17 00:42:00

GPU Statistics:

           | Utilization (%)  |  Memory Use (%)  | Temperature (C)  |    Power (W)     |
     GPU # |    Max     Mean  |    Max     Mean  |    Max     Mean  |    Max     Mean  |
    ------------------------------------------------------------------------------------
         0 |    0.00    0.00  |    0.02    0.02  |   35.00   34.09  |   34.00   34.00  |
         1 |    0.00    0.00  |    0.02    0.02  |   37.00   36.48  |   33.00   31.86  |
         2 |    0.00    0.00  |    0.02    0.02  |   35.00   34.58  |   35.00   33.22  |
         3 |    0.00    0.00  |    0.02    0.02  |   38.00   37.34  |   34.00   33.43  |

--
Query execution time = 0.3 secs
Version = 0.2.0
