The system is: Linux - 5.14.0-162.18.1.el9_1.x86_64 - x86_64
Compiling the CXX compiler identification source file "CMakeCXXCompilerId.cpp" succeeded.
Compiler: /opt/rocm-5.7.1/bin/hipcc 
Build flags: -Xclang;-mllvm;-Xclang;-enable-post-misched=0;-std=c++17;-O3;-ftemplate-backtrace-limit=0;;-fPIE;;-Wno-gnu-line-marker
Id flags:  

The output was:
0


Compilation of the CXX compiler identification source "CMakeCXXCompilerId.cpp" produced "a.out"

The CXX compiler identification is Clang, found in "/work1/sadasivan/student51/assignments/finalProject/composable_kernel/build/CMakeFiles/3.25.2/CompilerIdCXX/a.out"

Detecting CXX compiler ABI info compiled with the following output:
Change Dir: /work1/sadasivan/student51/assignments/finalProject/composable_kernel/build/CMakeFiles/CMakeScratch/TryCompile-Uu3bQB

Run Build Command(s):/usr/bin/gmake -f Makefile cmTC_3d15d/fast && /usr/bin/gmake  -f CMakeFiles/cmTC_3d15d.dir/build.make CMakeFiles/cmTC_3d15d.dir/build
gmake[1]: Entering directory '/work1/sadasivan/student51/assignments/finalProject/composable_kernel/build/CMakeFiles/CMakeScratch/TryCompile-Uu3bQB'
Building CXX object CMakeFiles/cmTC_3d15d.dir/CMakeCXXCompilerABI.cpp.o
/opt/rocm-5.7.1/bin/hipcc   -Xclang -mllvm -Xclang -enable-post-misched=0 -std=c++17 -O3 -ftemplate-backtrace-limit=0  -fPIE  -Wno-gnu-line-marker    -v -MD -MT CMakeFiles/cmTC_3d15d.dir/CMakeCXXCompilerABI.cpp.o -MF CMakeFiles/cmTC_3d15d.dir/CMakeCXXCompilerABI.cpp.o.d -o CMakeFiles/cmTC_3d15d.dir/CMakeCXXCompilerABI.cpp.o -c /opt/ohpc/pub/utils/cmake/3.25.2/share/cmake-3.25/Modules/CMakeCXXCompilerABI.cpp
AMD clang version 17.0.0 (https://github.com/RadeonOpenCompute/llvm-project roc-6.0.2 24012 af27734ed982b52a9f1be0f035ac91726fc697e4)
Target: x86_64-unknown-linux-gnu
Thread model: posix
InstalledDir: /opt/rocm-6.0.2/llvm/bin
Configuration file: /opt/rocm-6.0.2/lib/llvm/bin/clang++.cfg
Found candidate GCC installation: /usr/lib/gcc/x86_64-redhat-linux/11
Selected GCC installation: /usr/lib/gcc/x86_64-redhat-linux/11
Candidate multilib: .;@m64
Candidate multilib: 32;@m32
Selected multilib: .;@m64
Found HIP installation: /opt/rocm-6.0.2/lib/llvm/bin/../../.., version 6.0.32831
 "/opt/rocm-6.0.2/lib/llvm/bin/clang-17" -cc1 -triple amdgcn-amd-amdhsa -aux-triple x86_64-unknown-linux-gnu -emit-obj -disable-free -clear-ast-before-backend -disable-llvm-verifier -discard-value-names -main-file-name CMakeCXXCompilerABI.cpp -mrelocation-model pic -pic-level 2 -fhalf-no-semantic-interposition -mframe-pointer=none -fno-rounding-math -mconstructor-aliases -aux-target-cpu x86-64 -fcuda-is-device -mllvm -amdgpu-internalize-symbols -fcuda-allow-variadic-functions -fvisibility=hidden -fapply-global-visibility-to-externs -mlink-builtin-bitcode /opt/rocm-6.0.2/lib/llvm/lib/clang/17.0.0/lib/amdgcn/bitcode/hip.bc -mlink-builtin-bitcode /opt/rocm-6.0.2/lib/llvm/lib/clang/17.0.0/lib/amdgcn/bitcode/ocml.bc -mlink-builtin-bitcode /opt/rocm-6.0.2/lib/llvm/lib/clang/17.0.0/lib/amdgcn/bitcode/ockl.bc -mlink-builtin-bitcode /opt/rocm-6.0.2/lib/llvm/lib/clang/17.0.0/lib/amdgcn/bitcode/oclc_daz_opt_off.bc -mlink-builtin-bitcode /opt/rocm-6.0.2/lib/llvm/lib/clang/17.0.0/lib/amdgcn/bitcode/oclc_unsafe_math_off.bc -mlink-builtin-bitcode /opt/rocm-6.0.2/lib/llvm/lib/clang/17.0.0/lib/amdgcn/bitcode/oclc_finite_only_off.bc -mlink-builtin-bitcode /opt/rocm-6.0.2/lib/llvm/lib/clang/17.0.0/lib/amdgcn/bitcode/oclc_correctly_rounded_sqrt_on.bc -mlink-builtin-bitcode /opt/rocm-6.0.2/lib/llvm/lib/clang/17.0.0/lib/amdgcn/bitcode/oclc_wavefrontsize64_on.bc -mlink-builtin-bitcode /opt/rocm-6.0.2/lib/llvm/lib/clang/17.0.0/lib/amdgcn/bitcode/oclc_isa_version_908.bc -mlink-builtin-bitcode /opt/rocm-6.0.2/lib/llvm/lib/clang/17.0.0/lib/amdgcn/bitcode/oclc_abi_version_500.bc -target-cpu gfx908 -debugger-tuning=gdb -v -resource-dir /opt/rocm-6.0.2/lib/llvm/lib/clang/17.0.0 -dependency-file CMakeFiles/cmTC_3d15d.dir/CMakeCXXCompilerABI.cpp.o.d -MT CMakeFiles/cmTC_3d15d.dir/CMakeCXXCompilerABI.cpp.o -sys-header-deps -internal-isystem /opt/rocm-6.0.2/lib/llvm/lib/clang/17.0.0/include/cuda_wrappers -idirafter /opt/rocm-6.0.2/lib/llvm/bin/../../../include -include __clang_hip_runtime_wrapper.h -c-isystem /opt/rocm-6.0.2/llvm/include/gpu-none-llvm -isystem /opt/rocm-5.7.1/include -internal-isystem /usr/lib/gcc/x86_64-redhat-linux/11/../../../../include/c++/11 -internal-isystem /usr/lib/gcc/x86_64-redhat-linux/11/../../../../include/c++/11/x86_64-redhat-linux -internal-isystem /usr/lib/gcc/x86_64-redhat-linux/11/../../../../include/c++/11/backward -internal-isystem /usr/lib/gcc/x86_64-redhat-linux/11/../../../../include/c++/11 -internal-isystem /usr/lib/gcc/x86_64-redhat-linux/11/../../../../include/c++/11/x86_64-redhat-linux -internal-isystem /usr/lib/gcc/x86_64-redhat-linux/11/../../../../include/c++/11/backward -internal-isystem /opt/rocm-6.0.2/lib/llvm/lib/clang/17.0.0/include -internal-isystem /usr/local/include -internal-isystem /usr/lib/gcc/x86_64-redhat-linux/11/../../../../x86_64-redhat-linux/include -internal-externc-isystem /include -internal-externc-isystem /usr/include -internal-isystem /opt/rocm-6.0.2/lib/llvm/lib/clang/17.0.0/include -internal-isystem /usr/local/include -internal-isystem /usr/lib/gcc/x86_64-redhat-linux/11/../../../../x86_64-redhat-linux/include -internal-externc-isystem /include -internal-externc-isystem /usr/include -O3 -Wno-gnu-line-marker -std=c++17 -fdeprecated-macro -fno-autolink -fdebug-compilation-dir=/work1/sadasivan/student51/assignments/finalProject/composable_kernel/build/CMakeFiles/CMakeScratch/TryCompile-Uu3bQB -ferror-limit 19 -ftemplate-backtrace-limit 0 -fhip-new-launch-api -fgnuc-version=4.2.1 -fcxx-exceptions -fexceptions -vectorize-loops -vectorize-slp -mllvm -enable-post-misched=0 -mllvm -amdgpu-early-inline-all=true -mllvm -amdgpu-function-calls=false -cuid=160b36cf7ffa265b -fcuda-allow-variadic-functions -faddrsig -D__GCC_HAVE_DWARF2_CFI_ASM=1 -o /tmp/CMakeCXXCompilerABI-gfx908-46e091.o -x hip /opt/ohpc/pub/utils/cmake/3.25.2/share/cmake-3.25/Modules/CMakeCXXCompilerABI.cpp
clang -cc1 version 17.0.0 based upon LLVM 17.0.0git default target x86_64-unknown-linux-gnu
ignoring nonexistent directory "/opt/rocm-6.0.2/llvm/include/gpu-none-llvm"
ignoring nonexistent directory "/usr/lib/gcc/x86_64-redhat-linux/11/../../../../x86_64-redhat-linux/include"
ignoring nonexistent directory "/include"
ignoring nonexistent directory "/usr/lib/gcc/x86_64-redhat-linux/11/../../../../x86_64-redhat-linux/include"
ignoring nonexistent directory "/include"
ignoring duplicate directory "/usr/lib/gcc/x86_64-redhat-linux/11/../../../../include/c++/11"
ignoring duplicate directory "/usr/lib/gcc/x86_64-redhat-linux/11/../../../../include/c++/11/x86_64-redhat-linux"
ignoring duplicate directory "/usr/lib/gcc/x86_64-redhat-linux/11/../../../../include/c++/11/backward"
ignoring duplicate directory "/opt/rocm-6.0.2/lib/llvm/lib/clang/17.0.0/include"
ignoring duplicate directory "/usr/local/include"
ignoring duplicate directory "/usr/include"
ignoring duplicate directory "/usr/local/include"
ignoring duplicate directory "/opt/rocm-6.0.2/lib/llvm/lib/clang/17.0.0/include"
ignoring duplicate directory "/usr/include"
#include "..." search starts here:
#include <...> search starts here:
 /opt/rocm-5.7.1/include
 /opt/rocm-6.0.2/lib/llvm/lib/clang/17.0.0/include/cuda_wrappers
 /usr/lib/gcc/x86_64-redhat-linux/11/../../../../include/c++/11
 /usr/lib/gcc/x86_64-redhat-linux/11/../../../../include/c++/11/x86_64-redhat-linux
 /usr/lib/gcc/x86_64-redhat-linux/11/../../../../include/c++/11/backward
 /opt/rocm-6.0.2/lib/llvm/lib/clang/17.0.0/include
 /usr/local/include
 /usr/include
 /opt/rocm-6.0.2/lib/llvm/bin/../../../include
End of search list.
 "/opt/rocm-6.0.2/llvm/bin/lld" -flavor gnu -m elf64_amdgpu --no-undefined -shared -plugin-opt=-amdgpu-internalize-symbols -plugin-opt=mcpu=gfx908 -plugin-opt=O3 --lto-CGO3 -plugin-opt=-amdgpu-early-inline-all=true -plugin-opt=-amdgpu-function-calls=false --whole-archive -o /tmp/CMakeCXXCompilerABI-gfx908-25de57.out /tmp/CMakeCXXCompilerABI-gfx908-46e091.o --no-whole-archive
 "/opt/rocm-6.0.2/llvm/bin/clang-offload-bundler" -type=o -bundle-align=4096 -targets=host-x86_64-unknown-linux,hipv4-amdgcn-amd-amdhsa--gfx908 -input=/dev/null -input=/tmp/CMakeCXXCompilerABI-gfx908-25de57.out -output=/tmp/CMakeCXXCompilerABI-24ed6b.hipfb
 "/opt/rocm-6.0.2/lib/llvm/bin/clang-17" -cc1 -triple x86_64-unknown-linux-gnu -aux-triple amdgcn-amd-amdhsa -emit-obj -disable-free -clear-ast-before-backend -disable-llvm-verifier -discard-value-names -main-file-name CMakeCXXCompilerABI.cpp -mrelocation-model pic -pic-level 2 -pic-is-pie -mframe-pointer=none -fmath-errno -fno-rounding-math -mconstructor-aliases -funwind-tables=2 -target-cpu x86-64 -tune-cpu generic -debugger-tuning=gdb -v -fcoverage-compilation-dir=/work1/sadasivan/student51/assignments/finalProject/composable_kernel/build/CMakeFiles/CMakeScratch/TryCompile-Uu3bQB -resource-dir /opt/rocm-6.0.2/lib/llvm/lib/clang/17.0.0 -dependency-file CMakeFiles/cmTC_3d15d.dir/CMakeCXXCompilerABI.cpp.o.d -MT CMakeFiles/cmTC_3d15d.dir/CMakeCXXCompilerABI.cpp.o -sys-header-deps -internal-isystem /opt/rocm-6.0.2/lib/llvm/lib/clang/17.0.0/include/cuda_wrappers -idirafter /opt/rocm-6.0.2/lib/llvm/bin/../../../include -include __clang_hip_runtime_wrapper.h -isystem /opt/rocm-5.7.1/include -internal-isystem /usr/lib/gcc/x86_64-redhat-linux/11/../../../../include/c++/11 -internal-isystem /usr/lib/gcc/x86_64-redhat-linux/11/../../../../include/c++/11/x86_64-redhat-linux -internal-isystem /usr/lib/gcc/x86_64-redhat-linux/11/../../../../include/c++/11/backward -internal-isystem /usr/lib/gcc/x86_64-redhat-linux/11/../../../../include/c++/11 -internal-isystem /usr/lib/gcc/x86_64-redhat-linux/11/../../../../include/c++/11/x86_64-redhat-linux -internal-isystem /usr/lib/gcc/x86_64-redhat-linux/11/../../../../include/c++/11/backward -internal-isystem /opt/rocm-6.0.2/lib/llvm/lib/clang/17.0.0/include -internal-isystem /usr/local/include -internal-isystem /usr/lib/gcc/x86_64-redhat-linux/11/../../../../x86_64-redhat-linux/include -internal-externc-isystem /include -internal-externc-isystem /usr/include -internal-isystem /opt/rocm-6.0.2/lib/llvm/lib/clang/17.0.0/include -internal-isystem /usr/local/include -internal-isystem /usr/lib/gcc/x86_64-redhat-linux/11/../../../../x86_64-redhat-linux/include -internal-externc-isystem /include -internal-externc-isystem /usr/include -O3 -Wno-gnu-line-marker -std=c++17 -fdeprecated-macro -fdebug-compilation-dir=/work1/sadasivan/student51/assignments/finalProject/composable_kernel/build/CMakeFiles/CMakeScratch/TryCompile-Uu3bQB -ferror-limit 19 -ftemplate-backtrace-limit 0 -fhip-new-launch-api -fgnuc-version=4.2.1 -fcxx-exceptions -fexceptions -vectorize-loops -vectorize-slp -mllvm -enable-post-misched=0 -mllvm -amdgpu-early-inline-all=true -mllvm -amdgpu-function-calls=false -fcuda-include-gpubinary /tmp/CMakeCXXCompilerABI-24ed6b.hipfb -cuid=160b36cf7ffa265b -fcuda-allow-variadic-functions -faddrsig -D__GCC_HAVE_DWARF2_CFI_ASM=1 -o CMakeFiles/cmTC_3d15d.dir/CMakeCXXCompilerABI.cpp.o -x hip /opt/ohpc/pub/utils/cmake/3.25.2/share/cmake-3.25/Modules/CMakeCXXCompilerABI.cpp
clang -cc1 version 17.0.0 based upon LLVM 17.0.0git default target x86_64-unknown-linux-gnu
ignoring nonexistent directory "/usr/lib/gcc/x86_64-redhat-linux/11/../../../../x86_64-redhat-linux/include"
ignoring nonexistent directory "/include"
ignoring nonexistent directory "/usr/lib/gcc/x86_64-redhat-linux/11/../../../../x86_64-redhat-linux/include"
ignoring nonexistent directory "/include"
ignoring duplicate directory "/usr/lib/gcc/x86_64-redhat-linux/11/../../../../include/c++/11"
ignoring duplicate directory "/usr/lib/gcc/x86_64-redhat-linux/11/../../../../include/c++/11/x86_64-redhat-linux"
ignoring duplicate directory "/usr/lib/gcc/x86_64-redhat-linux/11/../../../../include/c++/11/backward"
ignoring duplicate directory "/opt/rocm-6.0.2/lib/llvm/lib/clang/17.0.0/include"
ignoring duplicate directory "/usr/local/include"
ignoring duplicate directory "/usr/include"
#include "..." search starts here:
#include <...> search starts here:
 /opt/rocm-5.7.1/include
 /opt/rocm-6.0.2/lib/llvm/lib/clang/17.0.0/include/cuda_wrappers
 /usr/lib/gcc/x86_64-redhat-linux/11/../../../../include/c++/11
 /usr/lib/gcc/x86_64-redhat-linux/11/../../../../include/c++/11/x86_64-redhat-linux
 /usr/lib/gcc/x86_64-redhat-linux/11/../../../../include/c++/11/backward
 /opt/rocm-6.0.2/lib/llvm/lib/clang/17.0.0/include
 /usr/local/include
 /usr/include
 /opt/rocm-6.0.2/lib/llvm/bin/../../../include
End of search list.
Linking CXX executable cmTC_3d15d
/opt/ohpc/pub/utils/cmake/3.25.2/bin/cmake -E cmake_link_script CMakeFiles/cmTC_3d15d.dir/link.txt --verbose=1
/opt/rocm-5.7.1/bin/hipcc -Xclang -mllvm -Xclang -enable-post-misched=0 -std=c++17 -O3 -ftemplate-backtrace-limit=0  -fPIE  -Wno-gnu-line-marker   -v CMakeFiles/cmTC_3d15d.dir/CMakeCXXCompilerABI.cpp.o -o cmTC_3d15d 
AMD clang version 17.0.0 (https://github.com/RadeonOpenCompute/llvm-project roc-6.0.2 24012 af27734ed982b52a9f1be0f035ac91726fc697e4)
Target: x86_64-unknown-linux-gnu
Thread model: posix
InstalledDir: /opt/rocm-6.0.2/llvm/bin
Configuration file: /opt/rocm-6.0.2/lib/llvm/bin/clang++.cfg
Found candidate GCC installation: /usr/lib/gcc/x86_64-redhat-linux/11
Selected GCC installation: /usr/lib/gcc/x86_64-redhat-linux/11
Candidate multilib: .;@m64
Candidate multilib: 32;@m32
Selected multilib: .;@m64
Found HIP installation: /opt/rocm-6.0.2/lib/llvm/bin/../../.., version 6.0.32831
 "/opt/rocm-6.0.2/llvm/bin/ld.lld" --hash-style=gnu --eh-frame-hdr -m elf_x86_64 -dynamic-linker /lib64/ld-linux-x86-64.so.2 -o cmTC_3d15d /usr/lib/gcc/x86_64-redhat-linux/11/../../../../lib64/crt1.o /usr/lib/gcc/x86_64-redhat-linux/11/../../../../lib64/crti.o /opt/rocm-6.0.2/lib/llvm/lib/clang/17.0.0/lib/linux/clang_rt.crtbegin-x86_64.o -L/usr/lib/gcc/x86_64-redhat-linux/11 -L/usr/lib/gcc/x86_64-redhat-linux/11/../../../../lib64 -L/lib/../lib64 -L/usr/lib/../lib64 -L/lib -L/usr/lib --enable-new-dtags CMakeFiles/cmTC_3d15d.dir/CMakeCXXCompilerABI.cpp.o -L/opt/rocm-6.0.2/lib/llvm/bin/../../../lib -rpath /opt/rocm-6.0.2/lib/llvm/bin/../../../lib -lamdhip64 -lstdc++ -lm /opt/rocm-6.0.2/lib/llvm/lib/clang/17.0.0/lib/linux/libclang_rt.builtins-x86_64.a -lgcc_s -lc /opt/rocm-6.0.2/lib/llvm/lib/clang/17.0.0/lib/linux/libclang_rt.builtins-x86_64.a -lgcc_s /opt/rocm-6.0.2/lib/llvm/lib/clang/17.0.0/lib/linux/clang_rt.crtend-x86_64.o /usr/lib/gcc/x86_64-redhat-linux/11/../../../../lib64/crtn.o
gmake[1]: Leaving directory '/work1/sadasivan/student51/assignments/finalProject/composable_kernel/build/CMakeFiles/CMakeScratch/TryCompile-Uu3bQB'



Parsed CXX implicit include dir info from above output: rv=done
  found start of include info
  found start of implicit include info
    add: [/opt/rocm-5.7.1/include]
    add: [/opt/rocm-6.0.2/lib/llvm/lib/clang/17.0.0/include/cuda_wrappers]
    add: [/usr/lib/gcc/x86_64-redhat-linux/11/../../../../include/c++/11]
    add: [/usr/lib/gcc/x86_64-redhat-linux/11/../../../../include/c++/11/x86_64-redhat-linux]
    add: [/usr/lib/gcc/x86_64-redhat-linux/11/../../../../include/c++/11/backward]
    add: [/opt/rocm-6.0.2/lib/llvm/lib/clang/17.0.0/include]
    add: [/usr/local/include]
    add: [/usr/include]
    add: [/opt/rocm-6.0.2/lib/llvm/bin/../../../include]
  end of search list found
  collapse include dir [/opt/rocm-5.7.1/include] ==> [/opt/rocm-5.7.1/include]
  collapse include dir [/opt/rocm-6.0.2/lib/llvm/lib/clang/17.0.0/include/cuda_wrappers] ==> [/opt/rocm-6.0.2/lib/llvm/lib/clang/17.0.0/include/cuda_wrappers]
  collapse include dir [/usr/lib/gcc/x86_64-redhat-linux/11/../../../../include/c++/11] ==> [/usr/include/c++/11]
  collapse include dir [/usr/lib/gcc/x86_64-redhat-linux/11/../../../../include/c++/11/x86_64-redhat-linux] ==> [/usr/include/c++/11/x86_64-redhat-linux]
  collapse include dir [/usr/lib/gcc/x86_64-redhat-linux/11/../../../../include/c++/11/backward] ==> [/usr/include/c++/11/backward]
  collapse include dir [/opt/rocm-6.0.2/lib/llvm/lib/clang/17.0.0/include] ==> [/opt/rocm-6.0.2/lib/llvm/lib/clang/17.0.0/include]
  collapse include dir [/usr/local/include] ==> [/usr/local/include]
  collapse include dir [/usr/include] ==> [/usr/include]
  collapse include dir [/opt/rocm-6.0.2/lib/llvm/bin/../../../include] ==> [/opt/rocm-6.0.2/include]
  implicit include dirs: [/opt/rocm-5.7.1/include;/opt/rocm-6.0.2/lib/llvm/lib/clang/17.0.0/include/cuda_wrappers;/usr/include/c++/11;/usr/include/c++/11/x86_64-redhat-linux;/usr/include/c++/11/backward;/opt/rocm-6.0.2/lib/llvm/lib/clang/17.0.0/include;/usr/local/include;/usr/include;/opt/rocm-6.0.2/include]


Parsed CXX implicit link information from above output:
  link line regex: [^( *|.*[/\])(ld|CMAKE_LINK_STARTFILE-NOTFOUND|([^/\]+-)?ld|collect2)[^/\]*( |$)]
  ignore line: [Change Dir: /work1/sadasivan/student51/assignments/finalProject/composable_kernel/build/CMakeFiles/CMakeScratch/TryCompile-Uu3bQB]
  ignore line: []
  ignore line: [Run Build Command(s):/usr/bin/gmake -f Makefile cmTC_3d15d/fast && /usr/bin/gmake  -f CMakeFiles/cmTC_3d15d.dir/build.make CMakeFiles/cmTC_3d15d.dir/build]
  ignore line: [gmake[1]: Entering directory '/work1/sadasivan/student51/assignments/finalProject/composable_kernel/build/CMakeFiles/CMakeScratch/TryCompile-Uu3bQB']
  ignore line: [Building CXX object CMakeFiles/cmTC_3d15d.dir/CMakeCXXCompilerABI.cpp.o]
  ignore line: [/opt/rocm-5.7.1/bin/hipcc   -Xclang -mllvm -Xclang -enable-post-misched=0 -std=c++17 -O3 -ftemplate-backtrace-limit=0  -fPIE  -Wno-gnu-line-marker    -v -MD -MT CMakeFiles/cmTC_3d15d.dir/CMakeCXXCompilerABI.cpp.o -MF CMakeFiles/cmTC_3d15d.dir/CMakeCXXCompilerABI.cpp.o.d -o CMakeFiles/cmTC_3d15d.dir/CMakeCXXCompilerABI.cpp.o -c /opt/ohpc/pub/utils/cmake/3.25.2/share/cmake-3.25/Modules/CMakeCXXCompilerABI.cpp]
  ignore line: [AMD clang version 17.0.0 (https://github.com/RadeonOpenCompute/llvm-project roc-6.0.2 24012 af27734ed982b52a9f1be0f035ac91726fc697e4)]
  ignore line: [Target: x86_64-unknown-linux-gnu]
  ignore line: [Thread model: posix]
  ignore line: [InstalledDir: /opt/rocm-6.0.2/llvm/bin]
  ignore line: [Configuration file: /opt/rocm-6.0.2/lib/llvm/bin/clang++.cfg]
  ignore line: [Found candidate GCC installation: /usr/lib/gcc/x86_64-redhat-linux/11]
  ignore line: [Selected GCC installation: /usr/lib/gcc/x86_64-redhat-linux/11]
  ignore line: [Candidate multilib: .]
  ignore line: [@m64]
  ignore line: [Candidate multilib: 32]
  ignore line: [@m32]
  ignore line: [Selected multilib: .]
  ignore line: [@m64]
  ignore line: [Found HIP installation: /opt/rocm-6.0.2/lib/llvm/bin/../../..  version 6.0.32831]
  ignore line: [ "/opt/rocm-6.0.2/lib/llvm/bin/clang-17" -cc1 -triple amdgcn-amd-amdhsa -aux-triple x86_64-unknown-linux-gnu -emit-obj -disable-free -clear-ast-before-backend -disable-llvm-verifier -discard-value-names -main-file-name CMakeCXXCompilerABI.cpp -mrelocation-model pic -pic-level 2 -fhalf-no-semantic-interposition -mframe-pointer=none -fno-rounding-math -mconstructor-aliases -aux-target-cpu x86-64 -fcuda-is-device -mllvm -amdgpu-internalize-symbols -fcuda-allow-variadic-functions -fvisibility=hidden -fapply-global-visibility-to-externs -mlink-builtin-bitcode /opt/rocm-6.0.2/lib/llvm/lib/clang/17.0.0/lib/amdgcn/bitcode/hip.bc -mlink-builtin-bitcode /opt/rocm-6.0.2/lib/llvm/lib/clang/17.0.0/lib/amdgcn/bitcode/ocml.bc -mlink-builtin-bitcode /opt/rocm-6.0.2/lib/llvm/lib/clang/17.0.0/lib/amdgcn/bitcode/ockl.bc -mlink-builtin-bitcode /opt/rocm-6.0.2/lib/llvm/lib/clang/17.0.0/lib/amdgcn/bitcode/oclc_daz_opt_off.bc -mlink-builtin-bitcode /opt/rocm-6.0.2/lib/llvm/lib/clang/17.0.0/lib/amdgcn/bitcode/oclc_unsafe_math_off.bc -mlink-builtin-bitcode /opt/rocm-6.0.2/lib/llvm/lib/clang/17.0.0/lib/amdgcn/bitcode/oclc_finite_only_off.bc -mlink-builtin-bitcode /opt/rocm-6.0.2/lib/llvm/lib/clang/17.0.0/lib/amdgcn/bitcode/oclc_correctly_rounded_sqrt_on.bc -mlink-builtin-bitcode /opt/rocm-6.0.2/lib/llvm/lib/clang/17.0.0/lib/amdgcn/bitcode/oclc_wavefrontsize64_on.bc -mlink-builtin-bitcode /opt/rocm-6.0.2/lib/llvm/lib/clang/17.0.0/lib/amdgcn/bitcode/oclc_isa_version_908.bc -mlink-builtin-bitcode /opt/rocm-6.0.2/lib/llvm/lib/clang/17.0.0/lib/amdgcn/bitcode/oclc_abi_version_500.bc -target-cpu gfx908 -debugger-tuning=gdb -v -resource-dir /opt/rocm-6.0.2/lib/llvm/lib/clang/17.0.0 -dependency-file CMakeFiles/cmTC_3d15d.dir/CMakeCXXCompilerABI.cpp.o.d -MT CMakeFiles/cmTC_3d15d.dir/CMakeCXXCompilerABI.cpp.o -sys-header-deps -internal-isystem /opt/rocm-6.0.2/lib/llvm/lib/clang/17.0.0/include/cuda_wrappers -idirafter /opt/rocm-6.0.2/lib/llvm/bin/../../../include -include __clang_hip_runtime_wrapper.h -c-isystem /opt/rocm-6.0.2/llvm/include/gpu-none-llvm -isystem /opt/rocm-5.7.1/include -internal-isystem /usr/lib/gcc/x86_64-redhat-linux/11/../../../../include/c++/11 -internal-isystem /usr/lib/gcc/x86_64-redhat-linux/11/../../../../include/c++/11/x86_64-redhat-linux -internal-isystem /usr/lib/gcc/x86_64-redhat-linux/11/../../../../include/c++/11/backward -internal-isystem /usr/lib/gcc/x86_64-redhat-linux/11/../../../../include/c++/11 -internal-isystem /usr/lib/gcc/x86_64-redhat-linux/11/../../../../include/c++/11/x86_64-redhat-linux -internal-isystem /usr/lib/gcc/x86_64-redhat-linux/11/../../../../include/c++/11/backward -internal-isystem /opt/rocm-6.0.2/lib/llvm/lib/clang/17.0.0/include -internal-isystem /usr/local/include -internal-isystem /usr/lib/gcc/x86_64-redhat-linux/11/../../../../x86_64-redhat-linux/include -internal-externc-isystem /include -internal-externc-isystem /usr/include -internal-isystem /opt/rocm-6.0.2/lib/llvm/lib/clang/17.0.0/include -internal-isystem /usr/local/include -internal-isystem /usr/lib/gcc/x86_64-redhat-linux/11/../../../../x86_64-redhat-linux/include -internal-externc-isystem /include -internal-externc-isystem /usr/include -O3 -Wno-gnu-line-marker -std=c++17 -fdeprecated-macro -fno-autolink -fdebug-compilation-dir=/work1/sadasivan/student51/assignments/finalProject/composable_kernel/build/CMakeFiles/CMakeScratch/TryCompile-Uu3bQB -ferror-limit 19 -ftemplate-backtrace-limit 0 -fhip-new-launch-api -fgnuc-version=4.2.1 -fcxx-exceptions -fexceptions -vectorize-loops -vectorize-slp -mllvm -enable-post-misched=0 -mllvm -amdgpu-early-inline-all=true -mllvm -amdgpu-function-calls=false -cuid=160b36cf7ffa265b -fcuda-allow-variadic-functions -faddrsig -D__GCC_HAVE_DWARF2_CFI_ASM=1 -o /tmp/CMakeCXXCompilerABI-gfx908-46e091.o -x hip /opt/ohpc/pub/utils/cmake/3.25.2/share/cmake-3.25/Modules/CMakeCXXCompilerABI.cpp]
  ignore line: [clang -cc1 version 17.0.0 based upon LLVM 17.0.0git default target x86_64-unknown-linux-gnu]
  ignore line: [ignoring nonexistent directory "/opt/rocm-6.0.2/llvm/include/gpu-none-llvm"]
  ignore line: [ignoring nonexistent directory "/usr/lib/gcc/x86_64-redhat-linux/11/../../../../x86_64-redhat-linux/include"]
  ignore line: [ignoring nonexistent directory "/include"]
  ignore line: [ignoring nonexistent directory "/usr/lib/gcc/x86_64-redhat-linux/11/../../../../x86_64-redhat-linux/include"]
  ignore line: [ignoring nonexistent directory "/include"]
  ignore line: [ignoring duplicate directory "/usr/lib/gcc/x86_64-redhat-linux/11/../../../../include/c++/11"]
  ignore line: [ignoring duplicate directory "/usr/lib/gcc/x86_64-redhat-linux/11/../../../../include/c++/11/x86_64-redhat-linux"]
  ignore line: [ignoring duplicate directory "/usr/lib/gcc/x86_64-redhat-linux/11/../../../../include/c++/11/backward"]
  ignore line: [ignoring duplicate directory "/opt/rocm-6.0.2/lib/llvm/lib/clang/17.0.0/include"]
  ignore line: [ignoring duplicate directory "/usr/local/include"]
  ignore line: [ignoring duplicate directory "/usr/include"]
  ignore line: [ignoring duplicate directory "/usr/local/include"]
  ignore line: [ignoring duplicate directory "/opt/rocm-6.0.2/lib/llvm/lib/clang/17.0.0/include"]
  ignore line: [ignoring duplicate directory "/usr/include"]
  ignore line: [#include "..." search starts here:]
  ignore line: [#include <...> search starts here:]
  ignore line: [ /opt/rocm-5.7.1/include]
  ignore line: [ /opt/rocm-6.0.2/lib/llvm/lib/clang/17.0.0/include/cuda_wrappers]
  ignore line: [ /usr/lib/gcc/x86_64-redhat-linux/11/../../../../include/c++/11]
  ignore line: [ /usr/lib/gcc/x86_64-redhat-linux/11/../../../../include/c++/11/x86_64-redhat-linux]
  ignore line: [ /usr/lib/gcc/x86_64-redhat-linux/11/../../../../include/c++/11/backward]
  ignore line: [ /opt/rocm-6.0.2/lib/llvm/lib/clang/17.0.0/include]
  ignore line: [ /usr/local/include]
  ignore line: [ /usr/include]
  ignore line: [ /opt/rocm-6.0.2/lib/llvm/bin/../../../include]
  ignore line: [End of search list.]
  ignore line: [ "/opt/rocm-6.0.2/llvm/bin/lld" -flavor gnu -m elf64_amdgpu --no-undefined -shared -plugin-opt=-amdgpu-internalize-symbols -plugin-opt=mcpu=gfx908 -plugin-opt=O3 --lto-CGO3 -plugin-opt=-amdgpu-early-inline-all=true -plugin-opt=-amdgpu-function-calls=false --whole-archive -o /tmp/CMakeCXXCompilerABI-gfx908-25de57.out /tmp/CMakeCXXCompilerABI-gfx908-46e091.o --no-whole-archive]
  ignore line: [ "/opt/rocm-6.0.2/llvm/bin/clang-offload-bundler" -type=o -bundle-align=4096 -targets=host-x86_64-unknown-linux hipv4-amdgcn-amd-amdhsa--gfx908 -input=/dev/null -input=/tmp/CMakeCXXCompilerABI-gfx908-25de57.out -output=/tmp/CMakeCXXCompilerABI-24ed6b.hipfb]
  ignore line: [ "/opt/rocm-6.0.2/lib/llvm/bin/clang-17" -cc1 -triple x86_64-unknown-linux-gnu -aux-triple amdgcn-amd-amdhsa -emit-obj -disable-free -clear-ast-before-backend -disable-llvm-verifier -discard-value-names -main-file-name CMakeCXXCompilerABI.cpp -mrelocation-model pic -pic-level 2 -pic-is-pie -mframe-pointer=none -fmath-errno -fno-rounding-math -mconstructor-aliases -funwind-tables=2 -target-cpu x86-64 -tune-cpu generic -debugger-tuning=gdb -v -fcoverage-compilation-dir=/work1/sadasivan/student51/assignments/finalProject/composable_kernel/build/CMakeFiles/CMakeScratch/TryCompile-Uu3bQB -resource-dir /opt/rocm-6.0.2/lib/llvm/lib/clang/17.0.0 -dependency-file CMakeFiles/cmTC_3d15d.dir/CMakeCXXCompilerABI.cpp.o.d -MT CMakeFiles/cmTC_3d15d.dir/CMakeCXXCompilerABI.cpp.o -sys-header-deps -internal-isystem /opt/rocm-6.0.2/lib/llvm/lib/clang/17.0.0/include/cuda_wrappers -idirafter /opt/rocm-6.0.2/lib/llvm/bin/../../../include -include __clang_hip_runtime_wrapper.h -isystem /opt/rocm-5.7.1/include -internal-isystem /usr/lib/gcc/x86_64-redhat-linux/11/../../../../include/c++/11 -internal-isystem /usr/lib/gcc/x86_64-redhat-linux/11/../../../../include/c++/11/x86_64-redhat-linux -internal-isystem /usr/lib/gcc/x86_64-redhat-linux/11/../../../../include/c++/11/backward -internal-isystem /usr/lib/gcc/x86_64-redhat-linux/11/../../../../include/c++/11 -internal-isystem /usr/lib/gcc/x86_64-redhat-linux/11/../../../../include/c++/11/x86_64-redhat-linux -internal-isystem /usr/lib/gcc/x86_64-redhat-linux/11/../../../../include/c++/11/backward -internal-isystem /opt/rocm-6.0.2/lib/llvm/lib/clang/17.0.0/include -internal-isystem /usr/local/include -internal-isystem /usr/lib/gcc/x86_64-redhat-linux/11/../../../../x86_64-redhat-linux/include -internal-externc-isystem /include -internal-externc-isystem /usr/include -internal-isystem /opt/rocm-6.0.2/lib/llvm/lib/clang/17.0.0/include -internal-isystem /usr/local/include -internal-isystem /usr/lib/gcc/x86_64-redhat-linux/11/../../../../x86_64-redhat-linux/include -internal-externc-isystem /include -internal-externc-isystem /usr/include -O3 -Wno-gnu-line-marker -std=c++17 -fdeprecated-macro -fdebug-compilation-dir=/work1/sadasivan/student51/assignments/finalProject/composable_kernel/build/CMakeFiles/CMakeScratch/TryCompile-Uu3bQB -ferror-limit 19 -ftemplate-backtrace-limit 0 -fhip-new-launch-api -fgnuc-version=4.2.1 -fcxx-exceptions -fexceptions -vectorize-loops -vectorize-slp -mllvm -enable-post-misched=0 -mllvm -amdgpu-early-inline-all=true -mllvm -amdgpu-function-calls=false -fcuda-include-gpubinary /tmp/CMakeCXXCompilerABI-24ed6b.hipfb -cuid=160b36cf7ffa265b -fcuda-allow-variadic-functions -faddrsig -D__GCC_HAVE_DWARF2_CFI_ASM=1 -o CMakeFiles/cmTC_3d15d.dir/CMakeCXXCompilerABI.cpp.o -x hip /opt/ohpc/pub/utils/cmake/3.25.2/share/cmake-3.25/Modules/CMakeCXXCompilerABI.cpp]
  ignore line: [clang -cc1 version 17.0.0 based upon LLVM 17.0.0git default target x86_64-unknown-linux-gnu]
  ignore line: [ignoring nonexistent directory "/usr/lib/gcc/x86_64-redhat-linux/11/../../../../x86_64-redhat-linux/include"]
  ignore line: [ignoring nonexistent directory "/include"]
  ignore line: [ignoring nonexistent directory "/usr/lib/gcc/x86_64-redhat-linux/11/../../../../x86_64-redhat-linux/include"]
  ignore line: [ignoring nonexistent directory "/include"]
  ignore line: [ignoring duplicate directory "/usr/lib/gcc/x86_64-redhat-linux/11/../../../../include/c++/11"]
  ignore line: [ignoring duplicate directory "/usr/lib/gcc/x86_64-redhat-linux/11/../../../../include/c++/11/x86_64-redhat-linux"]
  ignore line: [ignoring duplicate directory "/usr/lib/gcc/x86_64-redhat-linux/11/../../../../include/c++/11/backward"]
  ignore line: [ignoring duplicate directory "/opt/rocm-6.0.2/lib/llvm/lib/clang/17.0.0/include"]
  ignore line: [ignoring duplicate directory "/usr/local/include"]
  ignore line: [ignoring duplicate directory "/usr/include"]
  ignore line: [#include "..." search starts here:]
  ignore line: [#include <...> search starts here:]
  ignore line: [ /opt/rocm-5.7.1/include]
  ignore line: [ /opt/rocm-6.0.2/lib/llvm/lib/clang/17.0.0/include/cuda_wrappers]
  ignore line: [ /usr/lib/gcc/x86_64-redhat-linux/11/../../../../include/c++/11]
  ignore line: [ /usr/lib/gcc/x86_64-redhat-linux/11/../../../../include/c++/11/x86_64-redhat-linux]
  ignore line: [ /usr/lib/gcc/x86_64-redhat-linux/11/../../../../include/c++/11/backward]
  ignore line: [ /opt/rocm-6.0.2/lib/llvm/lib/clang/17.0.0/include]
  ignore line: [ /usr/local/include]
  ignore line: [ /usr/include]
  ignore line: [ /opt/rocm-6.0.2/lib/llvm/bin/../../../include]
  ignore line: [End of search list.]
  ignore line: [Linking CXX executable cmTC_3d15d]
  ignore line: [/opt/ohpc/pub/utils/cmake/3.25.2/bin/cmake -E cmake_link_script CMakeFiles/cmTC_3d15d.dir/link.txt --verbose=1]
  ignore line: [/opt/rocm-5.7.1/bin/hipcc -Xclang -mllvm -Xclang -enable-post-misched=0 -std=c++17 -O3 -ftemplate-backtrace-limit=0  -fPIE  -Wno-gnu-line-marker   -v CMakeFiles/cmTC_3d15d.dir/CMakeCXXCompilerABI.cpp.o -o cmTC_3d15d ]
  ignore line: [AMD clang version 17.0.0 (https://github.com/RadeonOpenCompute/llvm-project roc-6.0.2 24012 af27734ed982b52a9f1be0f035ac91726fc697e4)]
  ignore line: [Target: x86_64-unknown-linux-gnu]
  ignore line: [Thread model: posix]
  ignore line: [InstalledDir: /opt/rocm-6.0.2/llvm/bin]
  ignore line: [Configuration file: /opt/rocm-6.0.2/lib/llvm/bin/clang++.cfg]
  ignore line: [Found candidate GCC installation: /usr/lib/gcc/x86_64-redhat-linux/11]
  ignore line: [Selected GCC installation: /usr/lib/gcc/x86_64-redhat-linux/11]
  ignore line: [Candidate multilib: .]
  ignore line: [@m64]
  ignore line: [Candidate multilib: 32]
  ignore line: [@m32]
  ignore line: [Selected multilib: .]
  ignore line: [@m64]
  ignore line: [Found HIP installation: /opt/rocm-6.0.2/lib/llvm/bin/../../..  version 6.0.32831]
  link line: [ "/opt/rocm-6.0.2/llvm/bin/ld.lld" --hash-style=gnu --eh-frame-hdr -m elf_x86_64 -dynamic-linker /lib64/ld-linux-x86-64.so.2 -o cmTC_3d15d /usr/lib/gcc/x86_64-redhat-linux/11/../../../../lib64/crt1.o /usr/lib/gcc/x86_64-redhat-linux/11/../../../../lib64/crti.o /opt/rocm-6.0.2/lib/llvm/lib/clang/17.0.0/lib/linux/clang_rt.crtbegin-x86_64.o -L/usr/lib/gcc/x86_64-redhat-linux/11 -L/usr/lib/gcc/x86_64-redhat-linux/11/../../../../lib64 -L/lib/../lib64 -L/usr/lib/../lib64 -L/lib -L/usr/lib --enable-new-dtags CMakeFiles/cmTC_3d15d.dir/CMakeCXXCompilerABI.cpp.o -L/opt/rocm-6.0.2/lib/llvm/bin/../../../lib -rpath /opt/rocm-6.0.2/lib/llvm/bin/../../../lib -lamdhip64 -lstdc++ -lm /opt/rocm-6.0.2/lib/llvm/lib/clang/17.0.0/lib/linux/libclang_rt.builtins-x86_64.a -lgcc_s -lc /opt/rocm-6.0.2/lib/llvm/lib/clang/17.0.0/lib/linux/libclang_rt.builtins-x86_64.a -lgcc_s /opt/rocm-6.0.2/lib/llvm/lib/clang/17.0.0/lib/linux/clang_rt.crtend-x86_64.o /usr/lib/gcc/x86_64-redhat-linux/11/../../../../lib64/crtn.o]
    arg [/opt/rocm-6.0.2/llvm/bin/ld.lld] ==> ignore
    arg [--hash-style=gnu] ==> ignore
    arg [--eh-frame-hdr] ==> ignore
    arg [-m] ==> ignore
    arg [elf_x86_64] ==> ignore
    arg [-dynamic-linker] ==> ignore
    arg [/lib64/ld-linux-x86-64.so.2] ==> ignore
    arg [-o] ==> ignore
    arg [cmTC_3d15d] ==> ignore
    arg [/usr/lib/gcc/x86_64-redhat-linux/11/../../../../lib64/crt1.o] ==> obj [/usr/lib/gcc/x86_64-redhat-linux/11/../../../../lib64/crt1.o]
    arg [/usr/lib/gcc/x86_64-redhat-linux/11/../../../../lib64/crti.o] ==> obj [/usr/lib/gcc/x86_64-redhat-linux/11/../../../../lib64/crti.o]
    arg [/opt/rocm-6.0.2/lib/llvm/lib/clang/17.0.0/lib/linux/clang_rt.crtbegin-x86_64.o] ==> obj [/opt/rocm-6.0.2/lib/llvm/lib/clang/17.0.0/lib/linux/clang_rt.crtbegin-x86_64.o]
    arg [-L/usr/lib/gcc/x86_64-redhat-linux/11] ==> dir [/usr/lib/gcc/x86_64-redhat-linux/11]
    arg [-L/usr/lib/gcc/x86_64-redhat-linux/11/../../../../lib64] ==> dir [/usr/lib/gcc/x86_64-redhat-linux/11/../../../../lib64]
    arg [-L/lib/../lib64] ==> dir [/lib/../lib64]
    arg [-L/usr/lib/../lib64] ==> dir [/usr/lib/../lib64]
    arg [-L/lib] ==> dir [/lib]
    arg [-L/usr/lib] ==> dir [/usr/lib]
    arg [--enable-new-dtags] ==> ignore
    arg [CMakeFiles/cmTC_3d15d.dir/CMakeCXXCompilerABI.cpp.o] ==> ignore
    arg [-L/opt/rocm-6.0.2/lib/llvm/bin/../../../lib] ==> dir [/opt/rocm-6.0.2/lib/llvm/bin/../../../lib]
    arg [-rpath] ==> ignore
    arg [/opt/rocm-6.0.2/lib/llvm/bin/../../../lib] ==> ignore
    arg [-lamdhip64] ==> lib [amdhip64]
    arg [-lstdc++] ==> lib [stdc++]
    arg [-lm] ==> lib [m]
    arg [/opt/rocm-6.0.2/lib/llvm/lib/clang/17.0.0/lib/linux/libclang_rt.builtins-x86_64.a] ==> lib [/opt/rocm-6.0.2/lib/llvm/lib/clang/17.0.0/lib/linux/libclang_rt.builtins-x86_64.a]
    arg [-lgcc_s] ==> lib [gcc_s]
    arg [-lc] ==> lib [c]
    arg [/opt/rocm-6.0.2/lib/llvm/lib/clang/17.0.0/lib/linux/libclang_rt.builtins-x86_64.a] ==> lib [/opt/rocm-6.0.2/lib/llvm/lib/clang/17.0.0/lib/linux/libclang_rt.builtins-x86_64.a]
    arg [-lgcc_s] ==> lib [gcc_s]
    arg [/opt/rocm-6.0.2/lib/llvm/lib/clang/17.0.0/lib/linux/clang_rt.crtend-x86_64.o] ==> obj [/opt/rocm-6.0.2/lib/llvm/lib/clang/17.0.0/lib/linux/clang_rt.crtend-x86_64.o]
    arg [/usr/lib/gcc/x86_64-redhat-linux/11/../../../../lib64/crtn.o] ==> obj [/usr/lib/gcc/x86_64-redhat-linux/11/../../../../lib64/crtn.o]
  remove lib [/opt/rocm-6.0.2/lib/llvm/lib/clang/17.0.0/lib/linux/libclang_rt.builtins-x86_64.a]
  remove lib [/opt/rocm-6.0.2/lib/llvm/lib/clang/17.0.0/lib/linux/libclang_rt.builtins-x86_64.a]
  collapse obj [/usr/lib/gcc/x86_64-redhat-linux/11/../../../../lib64/crt1.o] ==> [/usr/lib64/crt1.o]
  collapse obj [/usr/lib/gcc/x86_64-redhat-linux/11/../../../../lib64/crti.o] ==> [/usr/lib64/crti.o]
  collapse obj [/usr/lib/gcc/x86_64-redhat-linux/11/../../../../lib64/crtn.o] ==> [/usr/lib64/crtn.o]
  collapse library dir [/usr/lib/gcc/x86_64-redhat-linux/11] ==> [/usr/lib/gcc/x86_64-redhat-linux/11]
  collapse library dir [/usr/lib/gcc/x86_64-redhat-linux/11/../../../../lib64] ==> [/usr/lib64]
  collapse library dir [/lib/../lib64] ==> [/lib64]
  collapse library dir [/usr/lib/../lib64] ==> [/usr/lib64]
  collapse library dir [/lib] ==> [/lib]
  collapse library dir [/usr/lib] ==> [/usr/lib]
  collapse library dir [/opt/rocm-6.0.2/lib/llvm/bin/../../../lib] ==> [/opt/rocm-6.0.2/lib]
  implicit libs: [amdhip64;stdc++;m;gcc_s;c;gcc_s]
  implicit objs: [/usr/lib64/crt1.o;/usr/lib64/crti.o;/opt/rocm-6.0.2/lib/llvm/lib/clang/17.0.0/lib/linux/clang_rt.crtbegin-x86_64.o;/opt/rocm-6.0.2/lib/llvm/lib/clang/17.0.0/lib/linux/clang_rt.crtend-x86_64.o;/usr/lib64/crtn.o]
  implicit dirs: [/usr/lib/gcc/x86_64-redhat-linux/11;/usr/lib64;/lib64;/lib;/usr/lib;/opt/rocm-6.0.2/lib]
  implicit fwks: []


Performing C++ SOURCE FILE Test COMPILER_HAS_TARGET_ID_gfx908 succeeded with the following output:
Change Dir: /work1/sadasivan/student51/assignments/finalProject/composable_kernel/build/CMakeFiles/CMakeScratch/TryCompile-AvBXOo

Run Build Command(s):/usr/bin/gmake -f Makefile cmTC_42528/fast && /usr/bin/gmake  -f CMakeFiles/cmTC_42528.dir/build.make CMakeFiles/cmTC_42528.dir/build
gmake[1]: Entering directory '/work1/sadasivan/student51/assignments/finalProject/composable_kernel/build/CMakeFiles/CMakeScratch/TryCompile-AvBXOo'
Building CXX object CMakeFiles/cmTC_42528.dir/src.cxx.o
/opt/rocm-5.7.1/bin/hipcc -DCOMPILER_HAS_TARGET_ID_gfx908  -Xclang -mllvm -Xclang -enable-post-misched=0 -std=c++17 -O3 -ftemplate-backtrace-limit=0  -fPIE  -Wno-gnu-line-marker    -xhip --offload-arch=gfx908 -MD -MT CMakeFiles/cmTC_42528.dir/src.cxx.o -MF CMakeFiles/cmTC_42528.dir/src.cxx.o.d -o CMakeFiles/cmTC_42528.dir/src.cxx.o -c /work1/sadasivan/student51/assignments/finalProject/composable_kernel/build/CMakeFiles/CMakeScratch/TryCompile-AvBXOo/src.cxx
Linking CXX executable cmTC_42528
/opt/ohpc/pub/utils/cmake/3.25.2/bin/cmake -E cmake_link_script CMakeFiles/cmTC_42528.dir/link.txt --verbose=1
/opt/rocm-5.7.1/bin/hipcc -Xclang -mllvm -Xclang -enable-post-misched=0 -std=c++17 -O3 -ftemplate-backtrace-limit=0  -fPIE  -Wno-gnu-line-marker  CMakeFiles/cmTC_42528.dir/src.cxx.o -o cmTC_42528 
gmake[1]: Leaving directory '/work1/sadasivan/student51/assignments/finalProject/composable_kernel/build/CMakeFiles/CMakeScratch/TryCompile-AvBXOo'


Source file was:
int main() { return 0; }

Performing C++ SOURCE FILE Test COMPILER_HAS_TARGET_ID_gfx90a succeeded with the following output:
Change Dir: /work1/sadasivan/student51/assignments/finalProject/composable_kernel/build/CMakeFiles/CMakeScratch/TryCompile-OuLP75

Run Build Command(s):/usr/bin/gmake -f Makefile cmTC_c6156/fast && /usr/bin/gmake  -f CMakeFiles/cmTC_c6156.dir/build.make CMakeFiles/cmTC_c6156.dir/build
gmake[1]: Entering directory '/work1/sadasivan/student51/assignments/finalProject/composable_kernel/build/CMakeFiles/CMakeScratch/TryCompile-OuLP75'
Building CXX object CMakeFiles/cmTC_c6156.dir/src.cxx.o
/opt/rocm-5.7.1/bin/hipcc -DCOMPILER_HAS_TARGET_ID_gfx90a  -Xclang -mllvm -Xclang -enable-post-misched=0 -std=c++17 -O3 -ftemplate-backtrace-limit=0  -fPIE  -Wno-gnu-line-marker    -xhip --offload-arch=gfx90a -MD -MT CMakeFiles/cmTC_c6156.dir/src.cxx.o -MF CMakeFiles/cmTC_c6156.dir/src.cxx.o.d -o CMakeFiles/cmTC_c6156.dir/src.cxx.o -c /work1/sadasivan/student51/assignments/finalProject/composable_kernel/build/CMakeFiles/CMakeScratch/TryCompile-OuLP75/src.cxx
Linking CXX executable cmTC_c6156
/opt/ohpc/pub/utils/cmake/3.25.2/bin/cmake -E cmake_link_script CMakeFiles/cmTC_c6156.dir/link.txt --verbose=1
/opt/rocm-5.7.1/bin/hipcc -Xclang -mllvm -Xclang -enable-post-misched=0 -std=c++17 -O3 -ftemplate-backtrace-limit=0  -fPIE  -Wno-gnu-line-marker  CMakeFiles/cmTC_c6156.dir/src.cxx.o -o cmTC_c6156 
gmake[1]: Leaving directory '/work1/sadasivan/student51/assignments/finalProject/composable_kernel/build/CMakeFiles/CMakeScratch/TryCompile-OuLP75'


Source file was:
int main() { return 0; }

Performing C++ SOURCE FILE Test COMPILER_HAS_TARGET_ID_gfx940 succeeded with the following output:
Change Dir: /work1/sadasivan/student51/assignments/finalProject/composable_kernel/build/CMakeFiles/CMakeScratch/TryCompile-FMk56p

Run Build Command(s):/usr/bin/gmake -f Makefile cmTC_648fb/fast && /usr/bin/gmake  -f CMakeFiles/cmTC_648fb.dir/build.make CMakeFiles/cmTC_648fb.dir/build
gmake[1]: Entering directory '/work1/sadasivan/student51/assignments/finalProject/composable_kernel/build/CMakeFiles/CMakeScratch/TryCompile-FMk56p'
Building CXX object CMakeFiles/cmTC_648fb.dir/src.cxx.o
/opt/rocm-5.7.1/bin/hipcc -DCOMPILER_HAS_TARGET_ID_gfx940  -Xclang -mllvm -Xclang -enable-post-misched=0 -std=c++17 -O3 -ftemplate-backtrace-limit=0  -fPIE  -Wno-gnu-line-marker    -xhip --offload-arch=gfx940 -MD -MT CMakeFiles/cmTC_648fb.dir/src.cxx.o -MF CMakeFiles/cmTC_648fb.dir/src.cxx.o.d -o CMakeFiles/cmTC_648fb.dir/src.cxx.o -c /work1/sadasivan/student51/assignments/finalProject/composable_kernel/build/CMakeFiles/CMakeScratch/TryCompile-FMk56p/src.cxx
Linking CXX executable cmTC_648fb
/opt/ohpc/pub/utils/cmake/3.25.2/bin/cmake -E cmake_link_script CMakeFiles/cmTC_648fb.dir/link.txt --verbose=1
/opt/rocm-5.7.1/bin/hipcc -Xclang -mllvm -Xclang -enable-post-misched=0 -std=c++17 -O3 -ftemplate-backtrace-limit=0  -fPIE  -Wno-gnu-line-marker  CMakeFiles/cmTC_648fb.dir/src.cxx.o -o cmTC_648fb 
gmake[1]: Leaving directory '/work1/sadasivan/student51/assignments/finalProject/composable_kernel/build/CMakeFiles/CMakeScratch/TryCompile-FMk56p'


Source file was:
int main() { return 0; }

Performing C++ SOURCE FILE Test COMPILER_HAS_TARGET_ID_gfx941 succeeded with the following output:
Change Dir: /work1/sadasivan/student51/assignments/finalProject/composable_kernel/build/CMakeFiles/CMakeScratch/TryCompile-qAY0VW

Run Build Command(s):/usr/bin/gmake -f Makefile cmTC_d0566/fast && /usr/bin/gmake  -f CMakeFiles/cmTC_d0566.dir/build.make CMakeFiles/cmTC_d0566.dir/build
gmake[1]: Entering directory '/work1/sadasivan/student51/assignments/finalProject/composable_kernel/build/CMakeFiles/CMakeScratch/TryCompile-qAY0VW'
Building CXX object CMakeFiles/cmTC_d0566.dir/src.cxx.o
/opt/rocm-5.7.1/bin/hipcc -DCOMPILER_HAS_TARGET_ID_gfx941  -Xclang -mllvm -Xclang -enable-post-misched=0 -std=c++17 -O3 -ftemplate-backtrace-limit=0  -fPIE  -Wno-gnu-line-marker    -xhip --offload-arch=gfx941 -MD -MT CMakeFiles/cmTC_d0566.dir/src.cxx.o -MF CMakeFiles/cmTC_d0566.dir/src.cxx.o.d -o CMakeFiles/cmTC_d0566.dir/src.cxx.o -c /work1/sadasivan/student51/assignments/finalProject/composable_kernel/build/CMakeFiles/CMakeScratch/TryCompile-qAY0VW/src.cxx
Linking CXX executable cmTC_d0566
/opt/ohpc/pub/utils/cmake/3.25.2/bin/cmake -E cmake_link_script CMakeFiles/cmTC_d0566.dir/link.txt --verbose=1
/opt/rocm-5.7.1/bin/hipcc -Xclang -mllvm -Xclang -enable-post-misched=0 -std=c++17 -O3 -ftemplate-backtrace-limit=0  -fPIE  -Wno-gnu-line-marker  CMakeFiles/cmTC_d0566.dir/src.cxx.o -o cmTC_d0566 
gmake[1]: Leaving directory '/work1/sadasivan/student51/assignments/finalProject/composable_kernel/build/CMakeFiles/CMakeScratch/TryCompile-qAY0VW'


Source file was:
int main() { return 0; }

Performing C++ SOURCE FILE Test COMPILER_HAS_TARGET_ID_gfx942 succeeded with the following output:
Change Dir: /work1/sadasivan/student51/assignments/finalProject/composable_kernel/build/CMakeFiles/CMakeScratch/TryCompile-j37idm

Run Build Command(s):/usr/bin/gmake -f Makefile cmTC_fc89a/fast && /usr/bin/gmake  -f CMakeFiles/cmTC_fc89a.dir/build.make CMakeFiles/cmTC_fc89a.dir/build
gmake[1]: Entering directory '/work1/sadasivan/student51/assignments/finalProject/composable_kernel/build/CMakeFiles/CMakeScratch/TryCompile-j37idm'
Building CXX object CMakeFiles/cmTC_fc89a.dir/src.cxx.o
/opt/rocm-5.7.1/bin/hipcc -DCOMPILER_HAS_TARGET_ID_gfx942  -Xclang -mllvm -Xclang -enable-post-misched=0 -std=c++17 -O3 -ftemplate-backtrace-limit=0  -fPIE  -Wno-gnu-line-marker    -xhip --offload-arch=gfx942 -MD -MT CMakeFiles/cmTC_fc89a.dir/src.cxx.o -MF CMakeFiles/cmTC_fc89a.dir/src.cxx.o.d -o CMakeFiles/cmTC_fc89a.dir/src.cxx.o -c /work1/sadasivan/student51/assignments/finalProject/composable_kernel/build/CMakeFiles/CMakeScratch/TryCompile-j37idm/src.cxx
Linking CXX executable cmTC_fc89a
/opt/ohpc/pub/utils/cmake/3.25.2/bin/cmake -E cmake_link_script CMakeFiles/cmTC_fc89a.dir/link.txt --verbose=1
/opt/rocm-5.7.1/bin/hipcc -Xclang -mllvm -Xclang -enable-post-misched=0 -std=c++17 -O3 -ftemplate-backtrace-limit=0  -fPIE  -Wno-gnu-line-marker  CMakeFiles/cmTC_fc89a.dir/src.cxx.o -o cmTC_fc89a 
gmake[1]: Leaving directory '/work1/sadasivan/student51/assignments/finalProject/composable_kernel/build/CMakeFiles/CMakeScratch/TryCompile-j37idm'


Source file was:
int main() { return 0; }

Performing C++ SOURCE FILE Test COMPILER_HAS_TARGET_ID_gfx1030 succeeded with the following output:
Change Dir: /work1/sadasivan/student51/assignments/finalProject/composable_kernel/build/CMakeFiles/CMakeScratch/TryCompile-wOOyud

Run Build Command(s):/usr/bin/gmake -f Makefile cmTC_80818/fast && /usr/bin/gmake  -f CMakeFiles/cmTC_80818.dir/build.make CMakeFiles/cmTC_80818.dir/build
gmake[1]: Entering directory '/work1/sadasivan/student51/assignments/finalProject/composable_kernel/build/CMakeFiles/CMakeScratch/TryCompile-wOOyud'
Building CXX object CMakeFiles/cmTC_80818.dir/src.cxx.o
/opt/rocm-5.7.1/bin/hipcc -DCOMPILER_HAS_TARGET_ID_gfx1030  -Xclang -mllvm -Xclang -enable-post-misched=0 -std=c++17 -O3 -ftemplate-backtrace-limit=0  -fPIE  -Wno-gnu-line-marker    -xhip --offload-arch=gfx1030 -MD -MT CMakeFiles/cmTC_80818.dir/src.cxx.o -MF CMakeFiles/cmTC_80818.dir/src.cxx.o.d -o CMakeFiles/cmTC_80818.dir/src.cxx.o -c /work1/sadasivan/student51/assignments/finalProject/composable_kernel/build/CMakeFiles/CMakeScratch/TryCompile-wOOyud/src.cxx
Linking CXX executable cmTC_80818
/opt/ohpc/pub/utils/cmake/3.25.2/bin/cmake -E cmake_link_script CMakeFiles/cmTC_80818.dir/link.txt --verbose=1
/opt/rocm-5.7.1/bin/hipcc -Xclang -mllvm -Xclang -enable-post-misched=0 -std=c++17 -O3 -ftemplate-backtrace-limit=0  -fPIE  -Wno-gnu-line-marker  CMakeFiles/cmTC_80818.dir/src.cxx.o -o cmTC_80818 
gmake[1]: Leaving directory '/work1/sadasivan/student51/assignments/finalProject/composable_kernel/build/CMakeFiles/CMakeScratch/TryCompile-wOOyud'


Source file was:
int main() { return 0; }

Performing C++ SOURCE FILE Test COMPILER_HAS_TARGET_ID_gfx1100 succeeded with the following output:
Change Dir: /work1/sadasivan/student51/assignments/finalProject/composable_kernel/build/CMakeFiles/CMakeScratch/TryCompile-f6w0Yr

Run Build Command(s):/usr/bin/gmake -f Makefile cmTC_b6346/fast && /usr/bin/gmake  -f CMakeFiles/cmTC_b6346.dir/build.make CMakeFiles/cmTC_b6346.dir/build
gmake[1]: Entering directory '/work1/sadasivan/student51/assignments/finalProject/composable_kernel/build/CMakeFiles/CMakeScratch/TryCompile-f6w0Yr'
Building CXX object CMakeFiles/cmTC_b6346.dir/src.cxx.o
/opt/rocm-5.7.1/bin/hipcc -DCOMPILER_HAS_TARGET_ID_gfx1100  -Xclang -mllvm -Xclang -enable-post-misched=0 -std=c++17 -O3 -ftemplate-backtrace-limit=0  -fPIE  -Wno-gnu-line-marker    -xhip --offload-arch=gfx1100 -MD -MT CMakeFiles/cmTC_b6346.dir/src.cxx.o -MF CMakeFiles/cmTC_b6346.dir/src.cxx.o.d -o CMakeFiles/cmTC_b6346.dir/src.cxx.o -c /work1/sadasivan/student51/assignments/finalProject/composable_kernel/build/CMakeFiles/CMakeScratch/TryCompile-f6w0Yr/src.cxx
Linking CXX executable cmTC_b6346
/opt/ohpc/pub/utils/cmake/3.25.2/bin/cmake -E cmake_link_script CMakeFiles/cmTC_b6346.dir/link.txt --verbose=1
/opt/rocm-5.7.1/bin/hipcc -Xclang -mllvm -Xclang -enable-post-misched=0 -std=c++17 -O3 -ftemplate-backtrace-limit=0  -fPIE  -Wno-gnu-line-marker  CMakeFiles/cmTC_b6346.dir/src.cxx.o -o cmTC_b6346 
gmake[1]: Leaving directory '/work1/sadasivan/student51/assignments/finalProject/composable_kernel/build/CMakeFiles/CMakeScratch/TryCompile-f6w0Yr'


Source file was:
int main() { return 0; }

Performing C++ SOURCE FILE Test COMPILER_HAS_TARGET_ID_gfx1101 succeeded with the following output:
Change Dir: /work1/sadasivan/student51/assignments/finalProject/composable_kernel/build/CMakeFiles/CMakeScratch/TryCompile-Y6mFr5

Run Build Command(s):/usr/bin/gmake -f Makefile cmTC_db622/fast && /usr/bin/gmake  -f CMakeFiles/cmTC_db622.dir/build.make CMakeFiles/cmTC_db622.dir/build
gmake[1]: Entering directory '/work1/sadasivan/student51/assignments/finalProject/composable_kernel/build/CMakeFiles/CMakeScratch/TryCompile-Y6mFr5'
Building CXX object CMakeFiles/cmTC_db622.dir/src.cxx.o
/opt/rocm-5.7.1/bin/hipcc -DCOMPILER_HAS_TARGET_ID_gfx1101  -Xclang -mllvm -Xclang -enable-post-misched=0 -std=c++17 -O3 -ftemplate-backtrace-limit=0  -fPIE  -Wno-gnu-line-marker    -xhip --offload-arch=gfx1101 -MD -MT CMakeFiles/cmTC_db622.dir/src.cxx.o -MF CMakeFiles/cmTC_db622.dir/src.cxx.o.d -o CMakeFiles/cmTC_db622.dir/src.cxx.o -c /work1/sadasivan/student51/assignments/finalProject/composable_kernel/build/CMakeFiles/CMakeScratch/TryCompile-Y6mFr5/src.cxx
Linking CXX executable cmTC_db622
/opt/ohpc/pub/utils/cmake/3.25.2/bin/cmake -E cmake_link_script CMakeFiles/cmTC_db622.dir/link.txt --verbose=1
/opt/rocm-5.7.1/bin/hipcc -Xclang -mllvm -Xclang -enable-post-misched=0 -std=c++17 -O3 -ftemplate-backtrace-limit=0  -fPIE  -Wno-gnu-line-marker  CMakeFiles/cmTC_db622.dir/src.cxx.o -o cmTC_db622 
gmake[1]: Leaving directory '/work1/sadasivan/student51/assignments/finalProject/composable_kernel/build/CMakeFiles/CMakeScratch/TryCompile-Y6mFr5'


Source file was:
int main() { return 0; }

Performing C++ SOURCE FILE Test COMPILER_HAS_TARGET_ID_gfx1102 succeeded with the following output:
Change Dir: /work1/sadasivan/student51/assignments/finalProject/composable_kernel/build/CMakeFiles/CMakeScratch/TryCompile-CKLvVo

Run Build Command(s):/usr/bin/gmake -f Makefile cmTC_81585/fast && /usr/bin/gmake  -f CMakeFiles/cmTC_81585.dir/build.make CMakeFiles/cmTC_81585.dir/build
gmake[1]: Entering directory '/work1/sadasivan/student51/assignments/finalProject/composable_kernel/build/CMakeFiles/CMakeScratch/TryCompile-CKLvVo'
Building CXX object CMakeFiles/cmTC_81585.dir/src.cxx.o
/opt/rocm-5.7.1/bin/hipcc -DCOMPILER_HAS_TARGET_ID_gfx1102  -Xclang -mllvm -Xclang -enable-post-misched=0 -std=c++17 -O3 -ftemplate-backtrace-limit=0  -fPIE  -Wno-gnu-line-marker    -xhip --offload-arch=gfx1102 -MD -MT CMakeFiles/cmTC_81585.dir/src.cxx.o -MF CMakeFiles/cmTC_81585.dir/src.cxx.o.d -o CMakeFiles/cmTC_81585.dir/src.cxx.o -c /work1/sadasivan/student51/assignments/finalProject/composable_kernel/build/CMakeFiles/CMakeScratch/TryCompile-CKLvVo/src.cxx
Linking CXX executable cmTC_81585
/opt/ohpc/pub/utils/cmake/3.25.2/bin/cmake -E cmake_link_script CMakeFiles/cmTC_81585.dir/link.txt --verbose=1
/opt/rocm-5.7.1/bin/hipcc -Xclang -mllvm -Xclang -enable-post-misched=0 -std=c++17 -O3 -ftemplate-backtrace-limit=0  -fPIE  -Wno-gnu-line-marker  CMakeFiles/cmTC_81585.dir/src.cxx.o -o cmTC_81585 
gmake[1]: Leaving directory '/work1/sadasivan/student51/assignments/finalProject/composable_kernel/build/CMakeFiles/CMakeScratch/TryCompile-CKLvVo'


Source file was:
int main() { return 0; }

Performing C++ SOURCE FILE Test CMAKE_HAVE_LIBC_PTHREAD succeeded with the following output:
Change Dir: /work1/sadasivan/student51/assignments/finalProject/composable_kernel/build/CMakeFiles/CMakeScratch/TryCompile-wegV4F

Run Build Command(s):/usr/bin/gmake -f Makefile cmTC_e2e08/fast && /usr/bin/gmake  -f CMakeFiles/cmTC_e2e08.dir/build.make CMakeFiles/cmTC_e2e08.dir/build
gmake[1]: Entering directory '/work1/sadasivan/student51/assignments/finalProject/composable_kernel/build/CMakeFiles/CMakeScratch/TryCompile-wegV4F'
Building CXX object CMakeFiles/cmTC_e2e08.dir/src.cxx.o
/opt/rocm-5.7.1/bin/hipcc -DCMAKE_HAVE_LIBC_PTHREAD  -Xclang -mllvm -Xclang -enable-post-misched=0 -std=c++17 -O3 -ftemplate-backtrace-limit=0  -fPIE  -Wno-gnu-line-marker  -MD -MT CMakeFiles/cmTC_e2e08.dir/src.cxx.o -MF CMakeFiles/cmTC_e2e08.dir/src.cxx.o.d -o CMakeFiles/cmTC_e2e08.dir/src.cxx.o -c /work1/sadasivan/student51/assignments/finalProject/composable_kernel/build/CMakeFiles/CMakeScratch/TryCompile-wegV4F/src.cxx
Linking CXX executable cmTC_e2e08
/opt/ohpc/pub/utils/cmake/3.25.2/bin/cmake -E cmake_link_script CMakeFiles/cmTC_e2e08.dir/link.txt --verbose=1
/opt/rocm-5.7.1/bin/hipcc -Xclang -mllvm -Xclang -enable-post-misched=0 -std=c++17 -O3 -ftemplate-backtrace-limit=0  -fPIE  -Wno-gnu-line-marker  CMakeFiles/cmTC_e2e08.dir/src.cxx.o -o cmTC_e2e08 
gmake[1]: Leaving directory '/work1/sadasivan/student51/assignments/finalProject/composable_kernel/build/CMakeFiles/CMakeScratch/TryCompile-wegV4F'


Source file was:
#include <pthread.h>

static void* test_func(void* data)
{
  return data;
}

int main(void)
{
  pthread_t thread;
  pthread_create(&thread, NULL, test_func, NULL);
  pthread_detach(thread);
  pthread_cancel(thread);
  pthread_join(thread, NULL);
  pthread_atfork(NULL, NULL, NULL);
  pthread_exit(NULL);

  return 0;
}


Performing C++ SOURCE FILE Test HIP_CLANG_SUPPORTS_PARALLEL_JOBS succeeded with the following output:
Change Dir: /work1/sadasivan/student51/assignments/finalProject/composable_kernel/build/CMakeFiles/CMakeScratch/TryCompile-sL6cN1

Run Build Command(s):/usr/bin/gmake -f Makefile cmTC_e43ab/fast && /usr/bin/gmake  -f CMakeFiles/cmTC_e43ab.dir/build.make CMakeFiles/cmTC_e43ab.dir/build
gmake[1]: Entering directory '/work1/sadasivan/student51/assignments/finalProject/composable_kernel/build/CMakeFiles/CMakeScratch/TryCompile-sL6cN1'
Building CXX object CMakeFiles/cmTC_e43ab.dir/src.cxx.o
/opt/rocm-5.7.1/bin/hipcc -DHIP_CLANG_SUPPORTS_PARALLEL_JOBS  -Xclang -mllvm -Xclang -enable-post-misched=0 -std=c++17 -O3 -ftemplate-backtrace-limit=0  -fPIE  -Wno-gnu-line-marker    -parallel-jobs=1 -MD -MT CMakeFiles/cmTC_e43ab.dir/src.cxx.o -MF CMakeFiles/cmTC_e43ab.dir/src.cxx.o.d -o CMakeFiles/cmTC_e43ab.dir/src.cxx.o -c /work1/sadasivan/student51/assignments/finalProject/composable_kernel/build/CMakeFiles/CMakeScratch/TryCompile-sL6cN1/src.cxx
Linking CXX executable cmTC_e43ab
/opt/ohpc/pub/utils/cmake/3.25.2/bin/cmake -E cmake_link_script CMakeFiles/cmTC_e43ab.dir/link.txt --verbose=1
/opt/rocm-5.7.1/bin/hipcc -Xclang -mllvm -Xclang -enable-post-misched=0 -std=c++17 -O3 -ftemplate-backtrace-limit=0  -fPIE  -Wno-gnu-line-marker  CMakeFiles/cmTC_e43ab.dir/src.cxx.o -o cmTC_e43ab 
gmake[1]: Leaving directory '/work1/sadasivan/student51/assignments/finalProject/composable_kernel/build/CMakeFiles/CMakeScratch/TryCompile-sL6cN1'


Source file was:
int main() { return 0; }

Compiling the C compiler identification source file "CMakeCCompilerId.c" succeeded.
Compiler: /opt/ohpc/pub/compiler/gcc/12.2.0/bin/cc 
Build flags: 
Id flags:  

The output was:
0


Compilation of the C compiler identification source "CMakeCCompilerId.c" produced "a.out"

The C compiler identification is GNU, found in "/work1/sadasivan/student51/assignments/finalProject/composable_kernel/build/CMakeFiles/3.25.2/CompilerIdC/a.out"

Detecting C compiler ABI info compiled with the following output:
Change Dir: /work1/sadasivan/student51/assignments/finalProject/composable_kernel/build/CMakeFiles/CMakeScratch/TryCompile-nPjqKM

Run Build Command(s):/usr/bin/gmake -f Makefile cmTC_22b69/fast && /usr/bin/gmake  -f CMakeFiles/cmTC_22b69.dir/build.make CMakeFiles/cmTC_22b69.dir/build
gmake[1]: Entering directory '/work1/sadasivan/student51/assignments/finalProject/composable_kernel/build/CMakeFiles/CMakeScratch/TryCompile-nPjqKM'
Building C object CMakeFiles/cmTC_22b69.dir/CMakeCCompilerABI.c.o
/opt/ohpc/pub/compiler/gcc/12.2.0/bin/cc   -v -o CMakeFiles/cmTC_22b69.dir/CMakeCCompilerABI.c.o -c /opt/ohpc/pub/utils/cmake/3.25.2/share/cmake-3.25/Modules/CMakeCCompilerABI.c
Using built-in specs.
COLLECT_GCC=/opt/ohpc/pub/compiler/gcc/12.2.0/bin/cc
Target: x86_64-pc-linux-gnu
Configured with: ../configure --disable-multilib --enable-languages=c,c++,fortran --prefix=/opt/ohpc/pub/compiler/gcc/12.2.0 --disable-static --enable-shared
Thread model: posix
Supported LTO compression algorithms: zlib
gcc version 12.2.0 (GCC) 
COLLECT_GCC_OPTIONS='-v' '-o' 'CMakeFiles/cmTC_22b69.dir/CMakeCCompilerABI.c.o' '-c' '-mtune=generic' '-march=x86-64' '-dumpdir' 'CMakeFiles/cmTC_22b69.dir/'
 /opt/ohpc/pub/compiler/gcc/12.2.0/libexec/gcc/x86_64-pc-linux-gnu/12.2.0/cc1 -quiet -v /opt/ohpc/pub/utils/cmake/3.25.2/share/cmake-3.25/Modules/CMakeCCompilerABI.c -quiet -dumpdir CMakeFiles/cmTC_22b69.dir/ -dumpbase CMakeCCompilerABI.c.c -dumpbase-ext .c -mtune=generic -march=x86-64 -version -o /tmp/cc9mbtkr.s
GNU C17 (GCC) version 12.2.0 (x86_64-pc-linux-gnu)
	compiled by GNU C version 12.2.0, GMP version 6.2.1, MPFR version 4.2.0, MPC version 1.3.1, isl version none
GGC heuristics: --param ggc-min-expand=100 --param ggc-min-heapsize=131072
ignoring nonexistent directory "/opt/ohpc/pub/compiler/gcc/12.2.0/lib/gcc/x86_64-pc-linux-gnu/12.2.0/../../../../x86_64-pc-linux-gnu/include"
#include "..." search starts here:
#include <...> search starts here:
 /opt/ohpc/pub/compiler/gcc/12.2.0/lib/gcc/x86_64-pc-linux-gnu/12.2.0/include
 /usr/local/include
 /opt/ohpc/pub/compiler/gcc/12.2.0/include
 /opt/ohpc/pub/compiler/gcc/12.2.0/lib/gcc/x86_64-pc-linux-gnu/12.2.0/include-fixed
 /usr/include
End of search list.
GNU C17 (GCC) version 12.2.0 (x86_64-pc-linux-gnu)
	compiled by GNU C version 12.2.0, GMP version 6.2.1, MPFR version 4.2.0, MPC version 1.3.1, isl version none
GGC heuristics: --param ggc-min-expand=100 --param ggc-min-heapsize=131072
Compiler executable checksum: fafaae08809643b633058b88e356ab6e
COLLECT_GCC_OPTIONS='-v' '-o' 'CMakeFiles/cmTC_22b69.dir/CMakeCCompilerABI.c.o' '-c' '-mtune=generic' '-march=x86-64' '-dumpdir' 'CMakeFiles/cmTC_22b69.dir/'
 as -v --64 -o CMakeFiles/cmTC_22b69.dir/CMakeCCompilerABI.c.o /tmp/cc9mbtkr.s
GNU assembler version 2.35.2 (x86_64-redhat-linux) using BFD version version 2.35.2-24.el9
COMPILER_PATH=/opt/ohpc/pub/compiler/gcc/12.2.0/libexec/gcc/x86_64-pc-linux-gnu/12.2.0/:/opt/ohpc/pub/compiler/gcc/12.2.0/libexec/gcc/x86_64-pc-linux-gnu/12.2.0/:/opt/ohpc/pub/compiler/gcc/12.2.0/libexec/gcc/x86_64-pc-linux-gnu/:/opt/ohpc/pub/compiler/gcc/12.2.0/lib/gcc/x86_64-pc-linux-gnu/12.2.0/:/opt/ohpc/pub/compiler/gcc/12.2.0/lib/gcc/x86_64-pc-linux-gnu/
LIBRARY_PATH=/opt/ohpc/pub/compiler/gcc/12.2.0/lib/gcc/x86_64-pc-linux-gnu/12.2.0/:/opt/ohpc/pub/compiler/gcc/12.2.0/lib/gcc/x86_64-pc-linux-gnu/12.2.0/../../../../lib64/:/lib/../lib64/:/usr/lib/../lib64/:/opt/ohpc/pub/compiler/gcc/12.2.0/lib/gcc/x86_64-pc-linux-gnu/12.2.0/../../../:/lib/:/usr/lib/
COLLECT_GCC_OPTIONS='-v' '-o' 'CMakeFiles/cmTC_22b69.dir/CMakeCCompilerABI.c.o' '-c' '-mtune=generic' '-march=x86-64' '-dumpdir' 'CMakeFiles/cmTC_22b69.dir/CMakeCCompilerABI.c.'
Linking C executable cmTC_22b69
/opt/ohpc/pub/utils/cmake/3.25.2/bin/cmake -E cmake_link_script CMakeFiles/cmTC_22b69.dir/link.txt --verbose=1
/opt/ohpc/pub/compiler/gcc/12.2.0/bin/cc  -v CMakeFiles/cmTC_22b69.dir/CMakeCCompilerABI.c.o -o cmTC_22b69 
Using built-in specs.
COLLECT_GCC=/opt/ohpc/pub/compiler/gcc/12.2.0/bin/cc
COLLECT_LTO_WRAPPER=/opt/ohpc/pub/compiler/gcc/12.2.0/libexec/gcc/x86_64-pc-linux-gnu/12.2.0/lto-wrapper
Target: x86_64-pc-linux-gnu
Configured with: ../configure --disable-multilib --enable-languages=c,c++,fortran --prefix=/opt/ohpc/pub/compiler/gcc/12.2.0 --disable-static --enable-shared
Thread model: posix
Supported LTO compression algorithms: zlib
gcc version 12.2.0 (GCC) 
COMPILER_PATH=/opt/ohpc/pub/compiler/gcc/12.2.0/libexec/gcc/x86_64-pc-linux-gnu/12.2.0/:/opt/ohpc/pub/compiler/gcc/12.2.0/libexec/gcc/x86_64-pc-linux-gnu/12.2.0/:/opt/ohpc/pub/compiler/gcc/12.2.0/libexec/gcc/x86_64-pc-linux-gnu/:/opt/ohpc/pub/compiler/gcc/12.2.0/lib/gcc/x86_64-pc-linux-gnu/12.2.0/:/opt/ohpc/pub/compiler/gcc/12.2.0/lib/gcc/x86_64-pc-linux-gnu/
LIBRARY_PATH=/opt/ohpc/pub/compiler/gcc/12.2.0/lib/gcc/x86_64-pc-linux-gnu/12.2.0/:/opt/ohpc/pub/compiler/gcc/12.2.0/lib/gcc/x86_64-pc-linux-gnu/12.2.0/../../../../lib64/:/lib/../lib64/:/usr/lib/../lib64/:/opt/ohpc/pub/compiler/gcc/12.2.0/lib/gcc/x86_64-pc-linux-gnu/12.2.0/../../../:/lib/:/usr/lib/
COLLECT_GCC_OPTIONS='-v' '-o' 'cmTC_22b69' '-mtune=generic' '-march=x86-64' '-dumpdir' 'cmTC_22b69.'
 /opt/ohpc/pub/compiler/gcc/12.2.0/libexec/gcc/x86_64-pc-linux-gnu/12.2.0/collect2 -plugin /opt/ohpc/pub/compiler/gcc/12.2.0/libexec/gcc/x86_64-pc-linux-gnu/12.2.0/liblto_plugin.so -plugin-opt=/opt/ohpc/pub/compiler/gcc/12.2.0/libexec/gcc/x86_64-pc-linux-gnu/12.2.0/lto-wrapper -plugin-opt=-fresolution=/tmp/cc7KiGAY.res -plugin-opt=-pass-through=-lgcc -plugin-opt=-pass-through=-lgcc_s -plugin-opt=-pass-through=-lc -plugin-opt=-pass-through=-lgcc -plugin-opt=-pass-through=-lgcc_s --eh-frame-hdr -m elf_x86_64 -dynamic-linker /lib64/ld-linux-x86-64.so.2 -o cmTC_22b69 /lib/../lib64/crt1.o /lib/../lib64/crti.o /opt/ohpc/pub/compiler/gcc/12.2.0/lib/gcc/x86_64-pc-linux-gnu/12.2.0/crtbegin.o -L/opt/ohpc/pub/compiler/gcc/12.2.0/lib/gcc/x86_64-pc-linux-gnu/12.2.0 -L/opt/ohpc/pub/compiler/gcc/12.2.0/lib/gcc/x86_64-pc-linux-gnu/12.2.0/../../../../lib64 -L/lib/../lib64 -L/usr/lib/../lib64 -L/opt/ohpc/pub/compiler/gcc/12.2.0/lib/gcc/x86_64-pc-linux-gnu/12.2.0/../../.. CMakeFiles/cmTC_22b69.dir/CMakeCCompilerABI.c.o -lgcc --push-state --as-needed -lgcc_s --pop-state -lc -lgcc --push-state --as-needed -lgcc_s --pop-state /opt/ohpc/pub/compiler/gcc/12.2.0/lib/gcc/x86_64-pc-linux-gnu/12.2.0/crtend.o /lib/../lib64/crtn.o
COLLECT_GCC_OPTIONS='-v' '-o' 'cmTC_22b69' '-mtune=generic' '-march=x86-64' '-dumpdir' 'cmTC_22b69.'
gmake[1]: Leaving directory '/work1/sadasivan/student51/assignments/finalProject/composable_kernel/build/CMakeFiles/CMakeScratch/TryCompile-nPjqKM'



Parsed C implicit include dir info from above output: rv=done
  found start of include info
  found start of implicit include info
    add: [/opt/ohpc/pub/compiler/gcc/12.2.0/lib/gcc/x86_64-pc-linux-gnu/12.2.0/include]
    add: [/usr/local/include]
    add: [/opt/ohpc/pub/compiler/gcc/12.2.0/include]
    add: [/opt/ohpc/pub/compiler/gcc/12.2.0/lib/gcc/x86_64-pc-linux-gnu/12.2.0/include-fixed]
    add: [/usr/include]
  end of search list found
  collapse include dir [/opt/ohpc/pub/compiler/gcc/12.2.0/lib/gcc/x86_64-pc-linux-gnu/12.2.0/include] ==> [/opt/ohpc/pub/compiler/gcc/12.2.0/lib/gcc/x86_64-pc-linux-gnu/12.2.0/include]
  collapse include dir [/usr/local/include] ==> [/usr/local/include]
  collapse include dir [/opt/ohpc/pub/compiler/gcc/12.2.0/include] ==> [/opt/ohpc/pub/compiler/gcc/12.2.0/include]
  collapse include dir [/opt/ohpc/pub/compiler/gcc/12.2.0/lib/gcc/x86_64-pc-linux-gnu/12.2.0/include-fixed] ==> [/opt/ohpc/pub/compiler/gcc/12.2.0/lib/gcc/x86_64-pc-linux-gnu/12.2.0/include-fixed]
  collapse include dir [/usr/include] ==> [/usr/include]
  implicit include dirs: [/opt/ohpc/pub/compiler/gcc/12.2.0/lib/gcc/x86_64-pc-linux-gnu/12.2.0/include;/usr/local/include;/opt/ohpc/pub/compiler/gcc/12.2.0/include;/opt/ohpc/pub/compiler/gcc/12.2.0/lib/gcc/x86_64-pc-linux-gnu/12.2.0/include-fixed;/usr/include]


Parsed C implicit link information from above output:
  link line regex: [^( *|.*[/\])(ld|CMAKE_LINK_STARTFILE-NOTFOUND|([^/\]+-)?ld|collect2)[^/\]*( |$)]
  ignore line: [Change Dir: /work1/sadasivan/student51/assignments/finalProject/composable_kernel/build/CMakeFiles/CMakeScratch/TryCompile-nPjqKM]
  ignore line: []
  ignore line: [Run Build Command(s):/usr/bin/gmake -f Makefile cmTC_22b69/fast && /usr/bin/gmake  -f CMakeFiles/cmTC_22b69.dir/build.make CMakeFiles/cmTC_22b69.dir/build]
  ignore line: [gmake[1]: Entering directory '/work1/sadasivan/student51/assignments/finalProject/composable_kernel/build/CMakeFiles/CMakeScratch/TryCompile-nPjqKM']
  ignore line: [Building C object CMakeFiles/cmTC_22b69.dir/CMakeCCompilerABI.c.o]
  ignore line: [/opt/ohpc/pub/compiler/gcc/12.2.0/bin/cc   -v -o CMakeFiles/cmTC_22b69.dir/CMakeCCompilerABI.c.o -c /opt/ohpc/pub/utils/cmake/3.25.2/share/cmake-3.25/Modules/CMakeCCompilerABI.c]
  ignore line: [Using built-in specs.]
  ignore line: [COLLECT_GCC=/opt/ohpc/pub/compiler/gcc/12.2.0/bin/cc]
  ignore line: [Target: x86_64-pc-linux-gnu]
  ignore line: [Configured with: ../configure --disable-multilib --enable-languages=c c++ fortran --prefix=/opt/ohpc/pub/compiler/gcc/12.2.0 --disable-static --enable-shared]
  ignore line: [Thread model: posix]
  ignore line: [Supported LTO compression algorithms: zlib]
  ignore line: [gcc version 12.2.0 (GCC) ]
  ignore line: [COLLECT_GCC_OPTIONS='-v' '-o' 'CMakeFiles/cmTC_22b69.dir/CMakeCCompilerABI.c.o' '-c' '-mtune=generic' '-march=x86-64' '-dumpdir' 'CMakeFiles/cmTC_22b69.dir/']
  ignore line: [ /opt/ohpc/pub/compiler/gcc/12.2.0/libexec/gcc/x86_64-pc-linux-gnu/12.2.0/cc1 -quiet -v /opt/ohpc/pub/utils/cmake/3.25.2/share/cmake-3.25/Modules/CMakeCCompilerABI.c -quiet -dumpdir CMakeFiles/cmTC_22b69.dir/ -dumpbase CMakeCCompilerABI.c.c -dumpbase-ext .c -mtune=generic -march=x86-64 -version -o /tmp/cc9mbtkr.s]
  ignore line: [GNU C17 (GCC) version 12.2.0 (x86_64-pc-linux-gnu)]
  ignore line: [	compiled by GNU C version 12.2.0  GMP version 6.2.1  MPFR version 4.2.0  MPC version 1.3.1  isl version none]
  ignore line: [GGC heuristics: --param ggc-min-expand=100 --param ggc-min-heapsize=131072]
  ignore line: [ignoring nonexistent directory "/opt/ohpc/pub/compiler/gcc/12.2.0/lib/gcc/x86_64-pc-linux-gnu/12.2.0/../../../../x86_64-pc-linux-gnu/include"]
  ignore line: [#include "..." search starts here:]
  ignore line: [#include <...> search starts here:]
  ignore line: [ /opt/ohpc/pub/compiler/gcc/12.2.0/lib/gcc/x86_64-pc-linux-gnu/12.2.0/include]
  ignore line: [ /usr/local/include]
  ignore line: [ /opt/ohpc/pub/compiler/gcc/12.2.0/include]
  ignore line: [ /opt/ohpc/pub/compiler/gcc/12.2.0/lib/gcc/x86_64-pc-linux-gnu/12.2.0/include-fixed]
  ignore line: [ /usr/include]
  ignore line: [End of search list.]
  ignore line: [GNU C17 (GCC) version 12.2.0 (x86_64-pc-linux-gnu)]
  ignore line: [	compiled by GNU C version 12.2.0  GMP version 6.2.1  MPFR version 4.2.0  MPC version 1.3.1  isl version none]
  ignore line: [GGC heuristics: --param ggc-min-expand=100 --param ggc-min-heapsize=131072]
  ignore line: [Compiler executable checksum: fafaae08809643b633058b88e356ab6e]
  ignore line: [COLLECT_GCC_OPTIONS='-v' '-o' 'CMakeFiles/cmTC_22b69.dir/CMakeCCompilerABI.c.o' '-c' '-mtune=generic' '-march=x86-64' '-dumpdir' 'CMakeFiles/cmTC_22b69.dir/']
  ignore line: [ as -v --64 -o CMakeFiles/cmTC_22b69.dir/CMakeCCompilerABI.c.o /tmp/cc9mbtkr.s]
  ignore line: [GNU assembler version 2.35.2 (x86_64-redhat-linux) using BFD version version 2.35.2-24.el9]
  ignore line: [COMPILER_PATH=/opt/ohpc/pub/compiler/gcc/12.2.0/libexec/gcc/x86_64-pc-linux-gnu/12.2.0/:/opt/ohpc/pub/compiler/gcc/12.2.0/libexec/gcc/x86_64-pc-linux-gnu/12.2.0/:/opt/ohpc/pub/compiler/gcc/12.2.0/libexec/gcc/x86_64-pc-linux-gnu/:/opt/ohpc/pub/compiler/gcc/12.2.0/lib/gcc/x86_64-pc-linux-gnu/12.2.0/:/opt/ohpc/pub/compiler/gcc/12.2.0/lib/gcc/x86_64-pc-linux-gnu/]
  ignore line: [LIBRARY_PATH=/opt/ohpc/pub/compiler/gcc/12.2.0/lib/gcc/x86_64-pc-linux-gnu/12.2.0/:/opt/ohpc/pub/compiler/gcc/12.2.0/lib/gcc/x86_64-pc-linux-gnu/12.2.0/../../../../lib64/:/lib/../lib64/:/usr/lib/../lib64/:/opt/ohpc/pub/compiler/gcc/12.2.0/lib/gcc/x86_64-pc-linux-gnu/12.2.0/../../../:/lib/:/usr/lib/]
  ignore line: [COLLECT_GCC_OPTIONS='-v' '-o' 'CMakeFiles/cmTC_22b69.dir/CMakeCCompilerABI.c.o' '-c' '-mtune=generic' '-march=x86-64' '-dumpdir' 'CMakeFiles/cmTC_22b69.dir/CMakeCCompilerABI.c.']
  ignore line: [Linking C executable cmTC_22b69]
  ignore line: [/opt/ohpc/pub/utils/cmake/3.25.2/bin/cmake -E cmake_link_script CMakeFiles/cmTC_22b69.dir/link.txt --verbose=1]
  ignore line: [/opt/ohpc/pub/compiler/gcc/12.2.0/bin/cc  -v CMakeFiles/cmTC_22b69.dir/CMakeCCompilerABI.c.o -o cmTC_22b69 ]
  ignore line: [Using built-in specs.]
  ignore line: [COLLECT_GCC=/opt/ohpc/pub/compiler/gcc/12.2.0/bin/cc]
  ignore line: [COLLECT_LTO_WRAPPER=/opt/ohpc/pub/compiler/gcc/12.2.0/libexec/gcc/x86_64-pc-linux-gnu/12.2.0/lto-wrapper]
  ignore line: [Target: x86_64-pc-linux-gnu]
  ignore line: [Configured with: ../configure --disable-multilib --enable-languages=c c++ fortran --prefix=/opt/ohpc/pub/compiler/gcc/12.2.0 --disable-static --enable-shared]
  ignore line: [Thread model: posix]
  ignore line: [Supported LTO compression algorithms: zlib]
  ignore line: [gcc version 12.2.0 (GCC) ]
  ignore line: [COMPILER_PATH=/opt/ohpc/pub/compiler/gcc/12.2.0/libexec/gcc/x86_64-pc-linux-gnu/12.2.0/:/opt/ohpc/pub/compiler/gcc/12.2.0/libexec/gcc/x86_64-pc-linux-gnu/12.2.0/:/opt/ohpc/pub/compiler/gcc/12.2.0/libexec/gcc/x86_64-pc-linux-gnu/:/opt/ohpc/pub/compiler/gcc/12.2.0/lib/gcc/x86_64-pc-linux-gnu/12.2.0/:/opt/ohpc/pub/compiler/gcc/12.2.0/lib/gcc/x86_64-pc-linux-gnu/]
  ignore line: [LIBRARY_PATH=/opt/ohpc/pub/compiler/gcc/12.2.0/lib/gcc/x86_64-pc-linux-gnu/12.2.0/:/opt/ohpc/pub/compiler/gcc/12.2.0/lib/gcc/x86_64-pc-linux-gnu/12.2.0/../../../../lib64/:/lib/../lib64/:/usr/lib/../lib64/:/opt/ohpc/pub/compiler/gcc/12.2.0/lib/gcc/x86_64-pc-linux-gnu/12.2.0/../../../:/lib/:/usr/lib/]
  ignore line: [COLLECT_GCC_OPTIONS='-v' '-o' 'cmTC_22b69' '-mtune=generic' '-march=x86-64' '-dumpdir' 'cmTC_22b69.']
  link line: [ /opt/ohpc/pub/compiler/gcc/12.2.0/libexec/gcc/x86_64-pc-linux-gnu/12.2.0/collect2 -plugin /opt/ohpc/pub/compiler/gcc/12.2.0/libexec/gcc/x86_64-pc-linux-gnu/12.2.0/liblto_plugin.so -plugin-opt=/opt/ohpc/pub/compiler/gcc/12.2.0/libexec/gcc/x86_64-pc-linux-gnu/12.2.0/lto-wrapper -plugin-opt=-fresolution=/tmp/cc7KiGAY.res -plugin-opt=-pass-through=-lgcc -plugin-opt=-pass-through=-lgcc_s -plugin-opt=-pass-through=-lc -plugin-opt=-pass-through=-lgcc -plugin-opt=-pass-through=-lgcc_s --eh-frame-hdr -m elf_x86_64 -dynamic-linker /lib64/ld-linux-x86-64.so.2 -o cmTC_22b69 /lib/../lib64/crt1.o /lib/../lib64/crti.o /opt/ohpc/pub/compiler/gcc/12.2.0/lib/gcc/x86_64-pc-linux-gnu/12.2.0/crtbegin.o -L/opt/ohpc/pub/compiler/gcc/12.2.0/lib/gcc/x86_64-pc-linux-gnu/12.2.0 -L/opt/ohpc/pub/compiler/gcc/12.2.0/lib/gcc/x86_64-pc-linux-gnu/12.2.0/../../../../lib64 -L/lib/../lib64 -L/usr/lib/../lib64 -L/opt/ohpc/pub/compiler/gcc/12.2.0/lib/gcc/x86_64-pc-linux-gnu/12.2.0/../../.. CMakeFiles/cmTC_22b69.dir/CMakeCCompilerABI.c.o -lgcc --push-state --as-needed -lgcc_s --pop-state -lc -lgcc --push-state --as-needed -lgcc_s --pop-state /opt/ohpc/pub/compiler/gcc/12.2.0/lib/gcc/x86_64-pc-linux-gnu/12.2.0/crtend.o /lib/../lib64/crtn.o]
    arg [/opt/ohpc/pub/compiler/gcc/12.2.0/libexec/gcc/x86_64-pc-linux-gnu/12.2.0/collect2] ==> ignore
    arg [-plugin] ==> ignore
    arg [/opt/ohpc/pub/compiler/gcc/12.2.0/libexec/gcc/x86_64-pc-linux-gnu/12.2.0/liblto_plugin.so] ==> ignore
    arg [-plugin-opt=/opt/ohpc/pub/compiler/gcc/12.2.0/libexec/gcc/x86_64-pc-linux-gnu/12.2.0/lto-wrapper] ==> ignore
    arg [-plugin-opt=-fresolution=/tmp/cc7KiGAY.res] ==> ignore
    arg [-plugin-opt=-pass-through=-lgcc] ==> ignore
    arg [-plugin-opt=-pass-through=-lgcc_s] ==> ignore
    arg [-plugin-opt=-pass-through=-lc] ==> ignore
    arg [-plugin-opt=-pass-through=-lgcc] ==> ignore
    arg [-plugin-opt=-pass-through=-lgcc_s] ==> ignore
    arg [--eh-frame-hdr] ==> ignore
    arg [-m] ==> ignore
    arg [elf_x86_64] ==> ignore
    arg [-dynamic-linker] ==> ignore
    arg [/lib64/ld-linux-x86-64.so.2] ==> ignore
    arg [-o] ==> ignore
    arg [cmTC_22b69] ==> ignore
    arg [/lib/../lib64/crt1.o] ==> obj [/lib/../lib64/crt1.o]
    arg [/lib/../lib64/crti.o] ==> obj [/lib/../lib64/crti.o]
    arg [/opt/ohpc/pub/compiler/gcc/12.2.0/lib/gcc/x86_64-pc-linux-gnu/12.2.0/crtbegin.o] ==> obj [/opt/ohpc/pub/compiler/gcc/12.2.0/lib/gcc/x86_64-pc-linux-gnu/12.2.0/crtbegin.o]
    arg [-L/opt/ohpc/pub/compiler/gcc/12.2.0/lib/gcc/x86_64-pc-linux-gnu/12.2.0] ==> dir [/opt/ohpc/pub/compiler/gcc/12.2.0/lib/gcc/x86_64-pc-linux-gnu/12.2.0]
    arg [-L/opt/ohpc/pub/compiler/gcc/12.2.0/lib/gcc/x86_64-pc-linux-gnu/12.2.0/../../../../lib64] ==> dir [/opt/ohpc/pub/compiler/gcc/12.2.0/lib/gcc/x86_64-pc-linux-gnu/12.2.0/../../../../lib64]
    arg [-L/lib/../lib64] ==> dir [/lib/../lib64]
    arg [-L/usr/lib/../lib64] ==> dir [/usr/lib/../lib64]
    arg [-L/opt/ohpc/pub/compiler/gcc/12.2.0/lib/gcc/x86_64-pc-linux-gnu/12.2.0/../../..] ==> dir [/opt/ohpc/pub/compiler/gcc/12.2.0/lib/gcc/x86_64-pc-linux-gnu/12.2.0/../../..]
    arg [CMakeFiles/cmTC_22b69.dir/CMakeCCompilerABI.c.o] ==> ignore
    arg [-lgcc] ==> lib [gcc]
    arg [--push-state] ==> ignore
    arg [--as-needed] ==> ignore
    arg [-lgcc_s] ==> lib [gcc_s]
    arg [--pop-state] ==> ignore
    arg [-lc] ==> lib [c]
    arg [-lgcc] ==> lib [gcc]
    arg [--push-state] ==> ignore
    arg [--as-needed] ==> ignore
    arg [-lgcc_s] ==> lib [gcc_s]
    arg [--pop-state] ==> ignore
    arg [/opt/ohpc/pub/compiler/gcc/12.2.0/lib/gcc/x86_64-pc-linux-gnu/12.2.0/crtend.o] ==> obj [/opt/ohpc/pub/compiler/gcc/12.2.0/lib/gcc/x86_64-pc-linux-gnu/12.2.0/crtend.o]
    arg [/lib/../lib64/crtn.o] ==> obj [/lib/../lib64/crtn.o]
  collapse obj [/lib/../lib64/crt1.o] ==> [/lib64/crt1.o]
  collapse obj [/lib/../lib64/crti.o] ==> [/lib64/crti.o]
  collapse obj [/lib/../lib64/crtn.o] ==> [/lib64/crtn.o]
  collapse library dir [/opt/ohpc/pub/compiler/gcc/12.2.0/lib/gcc/x86_64-pc-linux-gnu/12.2.0] ==> [/opt/ohpc/pub/compiler/gcc/12.2.0/lib/gcc/x86_64-pc-linux-gnu/12.2.0]
  collapse library dir [/opt/ohpc/pub/compiler/gcc/12.2.0/lib/gcc/x86_64-pc-linux-gnu/12.2.0/../../../../lib64] ==> [/opt/ohpc/pub/compiler/gcc/12.2.0/lib64]
  collapse library dir [/lib/../lib64] ==> [/lib64]
  collapse library dir [/usr/lib/../lib64] ==> [/usr/lib64]
  collapse library dir [/opt/ohpc/pub/compiler/gcc/12.2.0/lib/gcc/x86_64-pc-linux-gnu/12.2.0/../../..] ==> [/opt/ohpc/pub/compiler/gcc/12.2.0/lib]
  implicit libs: [gcc;gcc_s;c;gcc;gcc_s]
  implicit objs: [/lib64/crt1.o;/lib64/crti.o;/opt/ohpc/pub/compiler/gcc/12.2.0/lib/gcc/x86_64-pc-linux-gnu/12.2.0/crtbegin.o;/opt/ohpc/pub/compiler/gcc/12.2.0/lib/gcc/x86_64-pc-linux-gnu/12.2.0/crtend.o;/lib64/crtn.o]
  implicit dirs: [/opt/ohpc/pub/compiler/gcc/12.2.0/lib/gcc/x86_64-pc-linux-gnu/12.2.0;/opt/ohpc/pub/compiler/gcc/12.2.0/lib64;/lib64;/usr/lib64;/opt/ohpc/pub/compiler/gcc/12.2.0/lib]
  implicit fwks: []


